[1.407s] Invoking command in '/home/jjaffe27/dev_f1tenth_ws/src/path': PYTHONPATH=/home/jjaffe27/dev_f1tenth_ws/src/path/install/path/lib/python3.8/site-packages:${PYTHONPATH} /usr/bin/python3 setup.py egg_info --egg-base build/path build --build-base /home/jjaffe27/dev_f1tenth_ws/src/path/build/path/build install --prefix /home/jjaffe27/dev_f1tenth_ws/src/path/install/path --record /home/jjaffe27/dev_f1tenth_ws/src/path/build/path/install.log --single-version-externally-managed
[1.861s] running egg_info
[1.863s] writing build/path/path.egg-info/PKG-INFO
[1.863s] writing dependency_links to build/path/path.egg-info/dependency_links.txt
[1.864s] writing entry points to build/path/path.egg-info/entry_points.txt
[1.864s] writing requirements to build/path/path.egg-info/requires.txt
[1.864s] writing top-level names to build/path/path.egg-info/top_level.txt
[1.943s] reading manifest file 'build/path/path.egg-info/SOURCES.txt'
[1.945s] writing manifest file 'build/path/path.egg-info/SOURCES.txt'
[1.945s] running build
[1.946s] running build_py
[1.946s] running install
[1.947s] running install_lib
[1.950s] running install_data
[1.951s] running install_egg_info
[1.954s] removing '/home/jjaffe27/dev_f1tenth_ws/src/path/install/path/lib/python3.8/site-packages/path-0.0.0-py3.8.egg-info' (and everything under it)
[1.955s] Copying build/path/path.egg-info to /home/jjaffe27/dev_f1tenth_ws/src/path/install/path/lib/python3.8/site-packages/path-0.0.0-py3.8.egg-info
[1.956s] running install_scripts
[1.993s] Installing waypoints script to /home/jjaffe27/dev_f1tenth_ws/src/path/install/path/lib/path
[1.994s] writing list of installed files to '/home/jjaffe27/dev_f1tenth_ws/src/path/build/path/install.log'
[2.043s] Invoked command in '/home/jjaffe27/dev_f1tenth_ws/src/path' returned '0': PYTHONPATH=/home/jjaffe27/dev_f1tenth_ws/src/path/install/path/lib/python3.8/site-packages:${PYTHONPATH} /usr/bin/python3 setup.py egg_info --egg-base build/path build --build-base /home/jjaffe27/dev_f1tenth_ws/src/path/build/path/build install --prefix /home/jjaffe27/dev_f1tenth_ws/src/path/install/path --record /home/jjaffe27/dev_f1tenth_ws/src/path/build/path/install.log --single-version-externally-managed
