[2.085s] Invoking command in '/home/jjaffe27/dev_f1tenth_ws/src/safety': PYTHONPATH=/home/jjaffe27/dev_f1tenth_ws/install/safety/lib/python3.8/site-packages:${PYTHONPATH} /usr/bin/python3 setup.py egg_info --egg-base ../../build/safety build --build-base /home/jjaffe27/dev_f1tenth_ws/build/safety/build install --prefix /home/jjaffe27/dev_f1tenth_ws/install/safety --record /home/jjaffe27/dev_f1tenth_ws/build/safety/install.log --single-version-externally-managed
[2.773s] running egg_info
[2.773s] writing ../../build/safety/safety.egg-info/PKG-INFO
[2.774s] writing dependency_links to ../../build/safety/safety.egg-info/dependency_links.txt
[2.774s] writing entry points to ../../build/safety/safety.egg-info/entry_points.txt
[2.775s] writing requirements to ../../build/safety/safety.egg-info/requires.txt
[2.775s] writing top-level names to ../../build/safety/safety.egg-info/top_level.txt
[2.884s] reading manifest file '../../build/safety/safety.egg-info/SOURCES.txt'
[2.887s] writing manifest file '../../build/safety/safety.egg-info/SOURCES.txt'
[2.888s] running build
[2.888s] running build_py
[2.889s] copying safety/aeb.py -> /home/jjaffe27/dev_f1tenth_ws/build/safety/build/lib/safety
[2.890s] running install
[2.897s] running install_lib
[2.899s] copying /home/jjaffe27/dev_f1tenth_ws/build/safety/build/lib/safety/aeb.py -> /home/jjaffe27/dev_f1tenth_ws/install/safety/lib/python3.8/site-packages/safety
[2.901s] byte-compiling /home/jjaffe27/dev_f1tenth_ws/install/safety/lib/python3.8/site-packages/safety/aeb.py to aeb.cpython-38.pyc
[2.906s] running install_data
[2.908s] running install_egg_info
[2.914s] removing '/home/jjaffe27/dev_f1tenth_ws/install/safety/lib/python3.8/site-packages/safety-0.0.0-py3.8.egg-info' (and everything under it)
[2.915s] Copying ../../build/safety/safety.egg-info to /home/jjaffe27/dev_f1tenth_ws/install/safety/lib/python3.8/site-packages/safety-0.0.0-py3.8.egg-info
[2.919s] running install_scripts
[3.012s] Installing aeb script to /home/jjaffe27/dev_f1tenth_ws/install/safety/lib/safety
[3.012s] writing list of installed files to '/home/jjaffe27/dev_f1tenth_ws/build/safety/install.log'
[3.111s] Invoked command in '/home/jjaffe27/dev_f1tenth_ws/src/safety' returned '0': PYTHONPATH=/home/jjaffe27/dev_f1tenth_ws/install/safety/lib/python3.8/site-packages:${PYTHONPATH} /usr/bin/python3 setup.py egg_info --egg-base ../../build/safety build --build-base /home/jjaffe27/dev_f1tenth_ws/build/safety/build install --prefix /home/jjaffe27/dev_f1tenth_ws/install/safety --record /home/jjaffe27/dev_f1tenth_ws/build/safety/install.log --single-version-externally-managed
