[1.016s] Invoking command in '/home/jjaffe27/dev_f1tenth_ws/src/safety': PYTHONPATH=/home/jjaffe27/dev_f1tenth_ws/install/safety/lib/python3.8/site-packages:${PYTHONPATH} /usr/bin/python3 setup.py egg_info --egg-base ../../build/safety build --build-base /home/jjaffe27/dev_f1tenth_ws/build/safety/build install --prefix /home/jjaffe27/dev_f1tenth_ws/install/safety --record /home/jjaffe27/dev_f1tenth_ws/build/safety/install.log --single-version-externally-managed
[1.303s] running egg_info
[1.304s] creating ../../build/safety/safety.egg-info
[1.304s] writing ../../build/safety/safety.egg-info/PKG-INFO
[1.305s] writing dependency_links to ../../build/safety/safety.egg-info/dependency_links.txt
[1.305s] writing entry points to ../../build/safety/safety.egg-info/entry_points.txt
[1.305s] writing requirements to ../../build/safety/safety.egg-info/requires.txt
[1.305s] writing top-level names to ../../build/safety/safety.egg-info/top_level.txt
[1.309s] writing manifest file '../../build/safety/safety.egg-info/SOURCES.txt'
[1.351s] reading manifest file '../../build/safety/safety.egg-info/SOURCES.txt'
[1.352s] writing manifest file '../../build/safety/safety.egg-info/SOURCES.txt'
[1.353s] running build
[1.353s] running build_py
[1.353s] creating /home/jjaffe27/dev_f1tenth_ws/build/safety/build
[1.353s] creating /home/jjaffe27/dev_f1tenth_ws/build/safety/build/lib
[1.353s] creating /home/jjaffe27/dev_f1tenth_ws/build/safety/build/lib/safety
[1.354s] copying safety/aeb.py -> /home/jjaffe27/dev_f1tenth_ws/build/safety/build/lib/safety
[1.354s] copying safety/__init__.py -> /home/jjaffe27/dev_f1tenth_ws/build/safety/build/lib/safety
[1.354s] running install
[1.355s] running install_lib
[1.356s] creating /home/jjaffe27/dev_f1tenth_ws/install/safety/lib/python3.8/site-packages/safety
[1.357s] copying /home/jjaffe27/dev_f1tenth_ws/build/safety/build/lib/safety/aeb.py -> /home/jjaffe27/dev_f1tenth_ws/install/safety/lib/python3.8/site-packages/safety
[1.357s] copying /home/jjaffe27/dev_f1tenth_ws/build/safety/build/lib/safety/__init__.py -> /home/jjaffe27/dev_f1tenth_ws/install/safety/lib/python3.8/site-packages/safety
[1.357s] byte-compiling /home/jjaffe27/dev_f1tenth_ws/install/safety/lib/python3.8/site-packages/safety/aeb.py to aeb.cpython-38.pyc
[1.360s] byte-compiling /home/jjaffe27/dev_f1tenth_ws/install/safety/lib/python3.8/site-packages/safety/__init__.py to __init__.cpython-38.pyc
[1.361s] running install_data
[1.361s] creating /home/jjaffe27/dev_f1tenth_ws/install/safety/share/ament_index
[1.362s] creating /home/jjaffe27/dev_f1tenth_ws/install/safety/share/ament_index/resource_index
[1.362s] creating /home/jjaffe27/dev_f1tenth_ws/install/safety/share/ament_index/resource_index/packages
[1.362s] copying resource/safety -> /home/jjaffe27/dev_f1tenth_ws/install/safety/share/ament_index/resource_index/packages
[1.362s] copying package.xml -> /home/jjaffe27/dev_f1tenth_ws/install/safety/share/safety
[1.362s] running install_egg_info
[1.365s] Copying ../../build/safety/safety.egg-info to /home/jjaffe27/dev_f1tenth_ws/install/safety/lib/python3.8/site-packages/safety-0.0.0-py3.8.egg-info
[1.366s] running install_scripts
[1.388s] Installing aeb script to /home/jjaffe27/dev_f1tenth_ws/install/safety/lib/safety
[1.389s] writing list of installed files to '/home/jjaffe27/dev_f1tenth_ws/build/safety/install.log'
[1.429s] Invoked command in '/home/jjaffe27/dev_f1tenth_ws/src/safety' returned '0': PYTHONPATH=/home/jjaffe27/dev_f1tenth_ws/install/safety/lib/python3.8/site-packages:${PYTHONPATH} /usr/bin/python3 setup.py egg_info --egg-base ../../build/safety build --build-base /home/jjaffe27/dev_f1tenth_ws/build/safety/build install --prefix /home/jjaffe27/dev_f1tenth_ws/install/safety --record /home/jjaffe27/dev_f1tenth_ws/build/safety/install.log --single-version-externally-managed
