[35m[1mScanning dependencies of target rgf[0m
[ 50%] [32mBuilding CXX object CMakeFiles/rgf.dir/src/reactive_gap_follow.cpp.o[0m
[01m[K/home/jjaffe27/dev_f1tenth_ws/src/cpp_gap_follow/src/reactive_gap_follow.cpp:[m[K In member function ‘[01m[Kstd::pair<int, int> ReactiveGapFollow::find_max_gap(double*, int)[m[K’:
[01m[K/home/jjaffe27/dev_f1tenth_ws/src/cpp_gap_follow/src/reactive_gap_follow.cpp:80:27:[m[K [01;35m[Kwarning: [m[Kcomparison of integer expressions of different signedness: ‘[01m[Kint[m[K’ and ‘[01m[Kstd::vector<int>::size_type[m[K’ {aka ‘[01m[Klong unsigned int[m[K’} [[01;35m[K-Wsign-compare[m[K]
   80 |         for (int i = 0; [01;35m[Ki < start_gaps.size()[m[K; i++) {
      |                         [01;35m[K~~^~~~~~~~~~~~~~~~~~~[m[K
[01m[K/home/jjaffe27/dev_f1tenth_ws/src/cpp_gap_follow/src/reactive_gap_follow.cpp:[m[K In member function ‘[01m[Kint ReactiveGapFollow::find_best_point(double, double, double*)[m[K’:
[01m[K/home/jjaffe27/dev_f1tenth_ws/src/cpp_gap_follow/src/reactive_gap_follow.cpp:124:63:[m[K [01;35m[Kwarning: [m[Kunused parameter ‘[01m[Kranges[m[K’ [[01;35m[K-Wunused-parameter[m[K]
  124 |     int find_best_point(double start_i, double end_i, [01;35m[Kdouble* ranges[m[K) {
      |                                                       [01;35m[K~~~~~~~~^~~~~~[m[K
[100%] [32m[1mLinking CXX executable rgf[0m
[100%] Built target rgf
-- Install configuration: ""
-- Installing: /home/jjaffe27/dev_f1tenth_ws/src/cpp_gap_follow/install/cpp_gap_follow/lib/cpp_gap_follow/rgf
-- Set runtime path of "/home/jjaffe27/dev_f1tenth_ws/src/cpp_gap_follow/install/cpp_gap_follow/lib/cpp_gap_follow/rgf" to ""
-- Installing: /home/jjaffe27/dev_f1tenth_ws/src/cpp_gap_follow/install/cpp_gap_follow/share/ament_index/resource_index/package_run_dependencies/cpp_gap_follow
-- Installing: /home/jjaffe27/dev_f1tenth_ws/src/cpp_gap_follow/install/cpp_gap_follow/share/ament_index/resource_index/parent_prefix_path/cpp_gap_follow
-- Installing: /home/jjaffe27/dev_f1tenth_ws/src/cpp_gap_follow/install/cpp_gap_follow/share/cpp_gap_follow/environment/ament_prefix_path.sh
-- Installing: /home/jjaffe27/dev_f1tenth_ws/src/cpp_gap_follow/install/cpp_gap_follow/share/cpp_gap_follow/environment/ament_prefix_path.dsv
-- Installing: /home/jjaffe27/dev_f1tenth_ws/src/cpp_gap_follow/install/cpp_gap_follow/share/cpp_gap_follow/environment/path.sh
-- Installing: /home/jjaffe27/dev_f1tenth_ws/src/cpp_gap_follow/install/cpp_gap_follow/share/cpp_gap_follow/environment/path.dsv
-- Installing: /home/jjaffe27/dev_f1tenth_ws/src/cpp_gap_follow/install/cpp_gap_follow/share/cpp_gap_follow/local_setup.bash
-- Installing: /home/jjaffe27/dev_f1tenth_ws/src/cpp_gap_follow/install/cpp_gap_follow/share/cpp_gap_follow/local_setup.sh
-- Installing: /home/jjaffe27/dev_f1tenth_ws/src/cpp_gap_follow/install/cpp_gap_follow/share/cpp_gap_follow/local_setup.zsh
-- Installing: /home/jjaffe27/dev_f1tenth_ws/src/cpp_gap_follow/install/cpp_gap_follow/share/cpp_gap_follow/local_setup.dsv
-- Installing: /home/jjaffe27/dev_f1tenth_ws/src/cpp_gap_follow/install/cpp_gap_follow/share/cpp_gap_follow/package.dsv
-- Installing: /home/jjaffe27/dev_f1tenth_ws/src/cpp_gap_follow/install/cpp_gap_follow/share/ament_index/resource_index/packages/cpp_gap_follow
-- Installing: /home/jjaffe27/dev_f1tenth_ws/src/cpp_gap_follow/install/cpp_gap_follow/share/cpp_gap_follow/cmake/cpp_gap_followConfig.cmake
-- Installing: /home/jjaffe27/dev_f1tenth_ws/src/cpp_gap_follow/install/cpp_gap_follow/share/cpp_gap_follow/cmake/cpp_gap_followConfig-version.cmake
-- Installing: /home/jjaffe27/dev_f1tenth_ws/src/cpp_gap_follow/install/cpp_gap_follow/share/cpp_gap_follow/package.xml
