[2.344s] Invoking command in '/home/jjaffe27/dev_f1tenth_ws/src/gap_follow': PYTHONPATH=/home/jjaffe27/dev_f1tenth_ws/src/gap_follow/install/gap_follow/lib/python3.8/site-packages: /usr/bin/python3 setup.py egg_info --egg-base build/gap_follow build --build-base /home/jjaffe27/dev_f1tenth_ws/src/gap_follow/build/gap_follow/build install --prefix /home/jjaffe27/dev_f1tenth_ws/src/gap_follow/install/gap_follow --record /home/jjaffe27/dev_f1tenth_ws/src/gap_follow/build/gap_follow/install.log --single-version-externally-managed
[2.863s] running egg_info
[2.865s] writing build/gap_follow/gap_follow.egg-info/PKG-INFO
[2.866s] writing dependency_links to build/gap_follow/gap_follow.egg-info/dependency_links.txt
[2.866s] writing entry points to build/gap_follow/gap_follow.egg-info/entry_points.txt
[2.867s] writing requirements to build/gap_follow/gap_follow.egg-info/requires.txt
[2.867s] writing top-level names to build/gap_follow/gap_follow.egg-info/top_level.txt
[2.968s] reading manifest file 'build/gap_follow/gap_follow.egg-info/SOURCES.txt'
[2.969s] writing manifest file 'build/gap_follow/gap_follow.egg-info/SOURCES.txt'
[2.969s] running build
[2.970s] running build_py
[2.970s] running install
[2.972s] running install_lib
[2.975s] running install_data
[2.976s] running install_egg_info
[2.980s] removing '/home/jjaffe27/dev_f1tenth_ws/src/gap_follow/install/gap_follow/lib/python3.8/site-packages/gap_follow-0.0.0-py3.8.egg-info' (and everything under it)
[2.980s] Copying build/gap_follow/gap_follow.egg-info to /home/jjaffe27/dev_f1tenth_ws/src/gap_follow/install/gap_follow/lib/python3.8/site-packages/gap_follow-0.0.0-py3.8.egg-info
[2.982s] running install_scripts
[3.022s] Installing reactive_gap_follow script to /home/jjaffe27/dev_f1tenth_ws/src/gap_follow/install/gap_follow/lib/gap_follow
[3.023s] writing list of installed files to '/home/jjaffe27/dev_f1tenth_ws/src/gap_follow/build/gap_follow/install.log'
[3.083s] Invoked command in '/home/jjaffe27/dev_f1tenth_ws/src/gap_follow' returned '0': PYTHONPATH=/home/jjaffe27/dev_f1tenth_ws/src/gap_follow/install/gap_follow/lib/python3.8/site-packages: /usr/bin/python3 setup.py egg_info --egg-base build/gap_follow build --build-base /home/jjaffe27/dev_f1tenth_ws/src/gap_follow/build/gap_follow/build install --prefix /home/jjaffe27/dev_f1tenth_ws/src/gap_follow/install/gap_follow --record /home/jjaffe27/dev_f1tenth_ws/src/gap_follow/build/gap_follow/install.log --single-version-externally-managed
