[1.331s] Invoking command in '/home/jjaffe27/dev_f1tenth_ws/src/safety': PYTHONPATH=/home/jjaffe27/dev_f1tenth_ws/install/safety/lib/python3.8/site-packages:${PYTHONPATH} /usr/bin/python3 setup.py egg_info --egg-base ../../build/safety build --build-base /home/jjaffe27/dev_f1tenth_ws/build/safety/build install --prefix /home/jjaffe27/dev_f1tenth_ws/install/safety --record /home/jjaffe27/dev_f1tenth_ws/build/safety/install.log --single-version-externally-managed
[1.800s] running egg_info
[1.801s] writing ../../build/safety/safety.egg-info/PKG-INFO
[1.801s] writing dependency_links to ../../build/safety/safety.egg-info/dependency_links.txt
[1.802s] writing entry points to ../../build/safety/safety.egg-info/entry_points.txt
[1.802s] writing requirements to ../../build/safety/safety.egg-info/requires.txt
[1.802s] writing top-level names to ../../build/safety/safety.egg-info/top_level.txt
[1.883s] reading manifest file '../../build/safety/safety.egg-info/SOURCES.txt'
[1.884s] writing manifest file '../../build/safety/safety.egg-info/SOURCES.txt'
[1.884s] running build
[1.885s] running build_py
[1.885s] running install
[1.887s] running install_lib
[1.890s] running install_data
[1.892s] running install_egg_info
[1.895s] removing '/home/jjaffe27/dev_f1tenth_ws/install/safety/lib/python3.8/site-packages/safety-0.0.0-py3.8.egg-info' (and everything under it)
[1.896s] Copying ../../build/safety/safety.egg-info to /home/jjaffe27/dev_f1tenth_ws/install/safety/lib/python3.8/site-packages/safety-0.0.0-py3.8.egg-info
[1.897s] running install_scripts
[1.932s] Installing aeb script to /home/jjaffe27/dev_f1tenth_ws/install/safety/lib/safety
[1.933s] writing list of installed files to '/home/jjaffe27/dev_f1tenth_ws/build/safety/install.log'
[1.993s] Invoked command in '/home/jjaffe27/dev_f1tenth_ws/src/safety' returned '0': PYTHONPATH=/home/jjaffe27/dev_f1tenth_ws/install/safety/lib/python3.8/site-packages:${PYTHONPATH} /usr/bin/python3 setup.py egg_info --egg-base ../../build/safety build --build-base /home/jjaffe27/dev_f1tenth_ws/build/safety/build install --prefix /home/jjaffe27/dev_f1tenth_ws/install/safety --record /home/jjaffe27/dev_f1tenth_ws/build/safety/install.log --single-version-externally-managed
