[2.166s] Invoking command in '/home/jjaffe27/dev_f1tenth_ws/src/safety': PYTHONPATH=/home/jjaffe27/dev_f1tenth_ws/install/safety/lib/python3.8/site-packages:${PYTHONPATH} /usr/bin/python3 setup.py egg_info --egg-base ../../build/safety build --build-base /home/jjaffe27/dev_f1tenth_ws/build/safety/build install --prefix /home/jjaffe27/dev_f1tenth_ws/install/safety --record /home/jjaffe27/dev_f1tenth_ws/build/safety/install.log --single-version-externally-managed
[2.860s] running egg_info
[2.861s] writing ../../build/safety/safety.egg-info/PKG-INFO
[2.861s] writing dependency_links to ../../build/safety/safety.egg-info/dependency_links.txt
[2.862s] writing entry points to ../../build/safety/safety.egg-info/entry_points.txt
[2.862s] writing requirements to ../../build/safety/safety.egg-info/requires.txt
[2.863s] writing top-level names to ../../build/safety/safety.egg-info/top_level.txt
[2.966s] reading manifest file '../../build/safety/safety.egg-info/SOURCES.txt'
[2.970s] writing manifest file '../../build/safety/safety.egg-info/SOURCES.txt'
[2.970s] running build
[2.971s] running build_py
[2.971s] running install
[2.973s] running install_lib
[2.979s] running install_data
[2.980s] running install_egg_info
[2.985s] removing '/home/jjaffe27/dev_f1tenth_ws/install/safety/lib/python3.8/site-packages/safety-0.0.0-py3.8.egg-info' (and everything under it)
[2.985s] Copying ../../build/safety/safety.egg-info to /home/jjaffe27/dev_f1tenth_ws/install/safety/lib/python3.8/site-packages/safety-0.0.0-py3.8.egg-info
[2.991s] running install_scripts
[3.060s] Installing aeb script to /home/jjaffe27/dev_f1tenth_ws/install/safety/lib/safety
[3.061s] writing list of installed files to '/home/jjaffe27/dev_f1tenth_ws/build/safety/install.log'
[3.175s] Invoked command in '/home/jjaffe27/dev_f1tenth_ws/src/safety' returned '0': PYTHONPATH=/home/jjaffe27/dev_f1tenth_ws/install/safety/lib/python3.8/site-packages:${PYTHONPATH} /usr/bin/python3 setup.py egg_info --egg-base ../../build/safety build --build-base /home/jjaffe27/dev_f1tenth_ws/build/safety/build install --prefix /home/jjaffe27/dev_f1tenth_ws/install/safety --record /home/jjaffe27/dev_f1tenth_ws/build/safety/install.log --single-version-externally-managed
