[35m[1mScanning dependencies of target safety[0m
[ 50%] [32mBuilding CXX object CMakeFiles/safety.dir/src/aeb.cpp.o[0m
[100%] [32m[1mLinking CXX executable safety[0m
[100%] Built target safety
-- Install configuration: ""
-- Installing: /home/jjaffe27/dev_f1tenth_ws/src/cpp_safety/install/cpp_safety/lib/cpp_safety/safety
-- Set runtime path of "/home/jjaffe27/dev_f1tenth_ws/src/cpp_safety/install/cpp_safety/lib/cpp_safety/safety" to ""
-- Up-to-date: /home/jjaffe27/dev_f1tenth_ws/src/cpp_safety/install/cpp_safety/share/ament_index/resource_index/package_run_dependencies/cpp_safety
-- Up-to-date: /home/jjaffe27/dev_f1tenth_ws/src/cpp_safety/install/cpp_safety/share/ament_index/resource_index/parent_prefix_path/cpp_safety
-- Up-to-date: /home/jjaffe27/dev_f1tenth_ws/src/cpp_safety/install/cpp_safety/share/cpp_safety/environment/ament_prefix_path.sh
-- Up-to-date: /home/jjaffe27/dev_f1tenth_ws/src/cpp_safety/install/cpp_safety/share/cpp_safety/environment/ament_prefix_path.dsv
-- Up-to-date: /home/jjaffe27/dev_f1tenth_ws/src/cpp_safety/install/cpp_safety/share/cpp_safety/environment/path.sh
-- Up-to-date: /home/jjaffe27/dev_f1tenth_ws/src/cpp_safety/install/cpp_safety/share/cpp_safety/environment/path.dsv
-- Up-to-date: /home/jjaffe27/dev_f1tenth_ws/src/cpp_safety/install/cpp_safety/share/cpp_safety/local_setup.bash
-- Up-to-date: /home/jjaffe27/dev_f1tenth_ws/src/cpp_safety/install/cpp_safety/share/cpp_safety/local_setup.sh
-- Up-to-date: /home/jjaffe27/dev_f1tenth_ws/src/cpp_safety/install/cpp_safety/share/cpp_safety/local_setup.zsh
-- Up-to-date: /home/jjaffe27/dev_f1tenth_ws/src/cpp_safety/install/cpp_safety/share/cpp_safety/local_setup.dsv
-- Installing: /home/jjaffe27/dev_f1tenth_ws/src/cpp_safety/install/cpp_safety/share/cpp_safety/package.dsv
-- Up-to-date: /home/jjaffe27/dev_f1tenth_ws/src/cpp_safety/install/cpp_safety/share/ament_index/resource_index/packages/cpp_safety
-- Up-to-date: /home/jjaffe27/dev_f1tenth_ws/src/cpp_safety/install/cpp_safety/share/cpp_safety/cmake/cpp_safetyConfig.cmake
-- Up-to-date: /home/jjaffe27/dev_f1tenth_ws/src/cpp_safety/install/cpp_safety/share/cpp_safety/cmake/cpp_safetyConfig-version.cmake
-- Up-to-date: /home/jjaffe27/dev_f1tenth_ws/src/cpp_safety/install/cpp_safety/share/cpp_safety/package.xml
