[1.437s] Invoking command in '/home/jjaffe27/dev_f1tenth_ws/src/pursuit': PYTHONPATH=/home/jjaffe27/dev_f1tenth_ws/src/pursuit/install/pursuit/lib/python3.8/site-packages:${PYTHONPATH} /usr/bin/python3 setup.py egg_info --egg-base build/pursuit build --build-base /home/jjaffe27/dev_f1tenth_ws/src/pursuit/build/pursuit/build install --prefix /home/jjaffe27/dev_f1tenth_ws/src/pursuit/install/pursuit --record /home/jjaffe27/dev_f1tenth_ws/src/pursuit/build/pursuit/install.log --single-version-externally-managed
[1.886s] running egg_info
[1.887s] writing build/pursuit/pursuit.egg-info/PKG-INFO
[1.888s] writing dependency_links to build/pursuit/pursuit.egg-info/dependency_links.txt
[1.888s] writing entry points to build/pursuit/pursuit.egg-info/entry_points.txt
[1.888s] writing requirements to build/pursuit/pursuit.egg-info/requires.txt
[1.889s] writing top-level names to build/pursuit/pursuit.egg-info/top_level.txt
[1.957s] reading manifest file 'build/pursuit/pursuit.egg-info/SOURCES.txt'
[1.959s] writing manifest file 'build/pursuit/pursuit.egg-info/SOURCES.txt'
[1.959s] running build
[1.960s] running build_py
[1.960s] running install
[1.962s] running install_lib
[1.964s] running install_data
[1.965s] running install_egg_info
[1.970s] removing '/home/jjaffe27/dev_f1tenth_ws/src/pursuit/install/pursuit/lib/python3.8/site-packages/pursuit-0.0.0-py3.8.egg-info' (and everything under it)
[1.971s] Copying build/pursuit/pursuit.egg-info to /home/jjaffe27/dev_f1tenth_ws/src/pursuit/install/pursuit/lib/python3.8/site-packages/pursuit-0.0.0-py3.8.egg-info
[1.971s] running install_scripts
[2.004s] Installing pure_pursuit = pursuit.pure_pursuit:mainmod_pursuit script to /home/jjaffe27/dev_f1tenth_ws/src/pursuit/install/pursuit/lib/pursuit
[2.005s] writing list of installed files to '/home/jjaffe27/dev_f1tenth_ws/src/pursuit/build/pursuit/install.log'
[2.065s] Invoked command in '/home/jjaffe27/dev_f1tenth_ws/src/pursuit' returned '0': PYTHONPATH=/home/jjaffe27/dev_f1tenth_ws/src/pursuit/install/pursuit/lib/python3.8/site-packages:${PYTHONPATH} /usr/bin/python3 setup.py egg_info --egg-base build/pursuit build --build-base /home/jjaffe27/dev_f1tenth_ws/src/pursuit/build/pursuit/build install --prefix /home/jjaffe27/dev_f1tenth_ws/src/pursuit/install/pursuit --record /home/jjaffe27/dev_f1tenth_ws/src/pursuit/build/pursuit/install.log --single-version-externally-managed
