[0.020s] Invoking command in '/home/jjaffe27/dev_f1tenth_ws/src/cpp_safety/build/cpp_safety': CMAKE_PREFIX_PATH=${CMAKE_PREFIX_PATH}:/opt/ros/foxy /usr/bin/cmake --build /home/jjaffe27/dev_f1tenth_ws/src/cpp_safety/build/cpp_safety -- -j4 -l4
[0.087s] [35m[1mScanning dependencies of target safety[0m
[0.134s] [ 50%] [32mBuilding CXX object CMakeFiles/safety.dir/src/aeb.cpp.o[0m
[9.712s] [100%] [32m[1mLinking CXX executable safety[0m
[10.626s] [100%] Built target safety
[10.671s] Invoked command in '/home/jjaffe27/dev_f1tenth_ws/src/cpp_safety/build/cpp_safety' returned '0': CMAKE_PREFIX_PATH=${CMAKE_PREFIX_PATH}:/opt/ros/foxy /usr/bin/cmake --build /home/jjaffe27/dev_f1tenth_ws/src/cpp_safety/build/cpp_safety -- -j4 -l4
[10.757s] Invoking command in '/home/jjaffe27/dev_f1tenth_ws/src/cpp_safety/build/cpp_safety': CMAKE_PREFIX_PATH=${CMAKE_PREFIX_PATH}:/opt/ros/foxy /usr/bin/cmake --install /home/jjaffe27/dev_f1tenth_ws/src/cpp_safety/build/cpp_safety
[10.772s] -- Install configuration: ""
[10.773s] -- Installing: /home/jjaffe27/dev_f1tenth_ws/src/cpp_safety/install/cpp_safety/lib/cpp_safety/safety
[10.782s] -- Set runtime path of "/home/jjaffe27/dev_f1tenth_ws/src/cpp_safety/install/cpp_safety/lib/cpp_safety/safety" to ""
[10.782s] -- Up-to-date: /home/jjaffe27/dev_f1tenth_ws/src/cpp_safety/install/cpp_safety/share/ament_index/resource_index/package_run_dependencies/cpp_safety
[10.783s] -- Up-to-date: /home/jjaffe27/dev_f1tenth_ws/src/cpp_safety/install/cpp_safety/share/ament_index/resource_index/parent_prefix_path/cpp_safety
[10.784s] -- Up-to-date: /home/jjaffe27/dev_f1tenth_ws/src/cpp_safety/install/cpp_safety/share/cpp_safety/environment/ament_prefix_path.sh
[10.784s] -- Up-to-date: /home/jjaffe27/dev_f1tenth_ws/src/cpp_safety/install/cpp_safety/share/cpp_safety/environment/ament_prefix_path.dsv
[10.785s] -- Up-to-date: /home/jjaffe27/dev_f1tenth_ws/src/cpp_safety/install/cpp_safety/share/cpp_safety/environment/path.sh
[10.785s] -- Up-to-date: /home/jjaffe27/dev_f1tenth_ws/src/cpp_safety/install/cpp_safety/share/cpp_safety/environment/path.dsv
[10.789s] -- Up-to-date: /home/jjaffe27/dev_f1tenth_ws/src/cpp_safety/install/cpp_safety/share/cpp_safety/local_setup.bash
[10.790s] -- Up-to-date: /home/jjaffe27/dev_f1tenth_ws/src/cpp_safety/install/cpp_safety/share/cpp_safety/local_setup.sh
[10.791s] -- Up-to-date: /home/jjaffe27/dev_f1tenth_ws/src/cpp_safety/install/cpp_safety/share/cpp_safety/local_setup.zsh
[10.792s] -- Up-to-date: /home/jjaffe27/dev_f1tenth_ws/src/cpp_safety/install/cpp_safety/share/cpp_safety/local_setup.dsv
[10.792s] -- Installing: /home/jjaffe27/dev_f1tenth_ws/src/cpp_safety/install/cpp_safety/share/cpp_safety/package.dsv
[10.793s] -- Up-to-date: /home/jjaffe27/dev_f1tenth_ws/src/cpp_safety/install/cpp_safety/share/ament_index/resource_index/packages/cpp_safety
[10.793s] -- Up-to-date: /home/jjaffe27/dev_f1tenth_ws/src/cpp_safety/install/cpp_safety/share/cpp_safety/cmake/cpp_safetyConfig.cmake
[10.794s] -- Up-to-date: /home/jjaffe27/dev_f1tenth_ws/src/cpp_safety/install/cpp_safety/share/cpp_safety/cmake/cpp_safetyConfig-version.cmake
[10.795s] -- Up-to-date: /home/jjaffe27/dev_f1tenth_ws/src/cpp_safety/install/cpp_safety/share/cpp_safety/package.xml
[10.799s] Invoked command in '/home/jjaffe27/dev_f1tenth_ws/src/cpp_safety/build/cpp_safety' returned '0': CMAKE_PREFIX_PATH=${CMAKE_PREFIX_PATH}:/opt/ros/foxy /usr/bin/cmake --install /home/jjaffe27/dev_f1tenth_ws/src/cpp_safety/build/cpp_safety
