[0.225s] DEBUG:colcon:Command line arguments: ['/usr/bin/colcon', 'build']
[0.225s] DEBUG:colcon:Parsed command line arguments: Namespace(allow_overriding=[], ament_cmake_args=None, base_paths=['.'], build_base='build', catkin_cmake_args=None, catkin_skip_building_tests=False, cmake_args=None, cmake_clean_cache=False, cmake_clean_first=False, cmake_force_configure=False, cmake_target=None, cmake_target_skip_unavailable=False, continue_on_error=False, event_handlers=None, executor='parallel', ignore_user_meta=False, install_base='install', log_base=None, log_level=None, main=<bound method BuildVerb.main of <colcon_core.verb.build.BuildVerb object at 0x7faa1a16ba60>>, merge_install=False, metas=['./colcon.meta'], packages_above=None, packages_above_and_dependencies=None, packages_above_depth=None, packages_end=None, packages_ignore=None, packages_ignore_regex=None, packages_select=None, packages_select_build_failed=False, packages_select_by_dep=None, packages_select_regex=None, packages_select_test_failures=False, packages_skip=None, packages_skip_build_finished=False, packages_skip_by_dep=None, packages_skip_regex=None, packages_skip_test_passed=False, packages_skip_up_to=None, packages_start=None, packages_up_to=None, packages_up_to_regex=None, parallel_workers=4, paths=None, symlink_install=False, test_result_base=None, verb_extension=<colcon_core.verb.build.BuildVerb object at 0x7faa1a16ba60>, verb_name='build', verb_parser=<colcon_defaults.argument_parser.defaults.DefaultArgumentsDecorator object at 0x7faa1a174040>)
[0.260s] Level 1:colcon.colcon_core.package_discovery:discover_packages(colcon_meta) check parameters
[0.260s] Level 1:colcon.colcon_core.package_discovery:discover_packages(recursive) check parameters
[0.260s] Level 1:colcon.colcon_core.package_discovery:discover_packages(ignore) check parameters
[0.260s] Level 1:colcon.colcon_core.package_discovery:discover_packages(path) check parameters
[0.260s] Level 1:colcon.colcon_core.package_discovery:discover_packages(colcon_meta) discover
[0.260s] Level 1:colcon.colcon_core.package_discovery:discover_packages(recursive) discover
[0.260s] INFO:colcon.colcon_core.package_discovery:Crawling recursively for packages in '/home/jjaffe27/dev_f1tenth_ws/src/pursuit'
[0.260s] Level 1:colcon.colcon_core.package_identification:_identify(.) by extensions ['ignore', 'ignore_ament_install']
[0.261s] Level 1:colcon.colcon_core.package_identification:_identify(.) by extension 'ignore'
[0.261s] Level 1:colcon.colcon_core.package_identification:_identify(.) by extension 'ignore_ament_install'
[0.261s] Level 1:colcon.colcon_core.package_identification:_identify(.) by extensions ['colcon_pkg']
[0.261s] Level 1:colcon.colcon_core.package_identification:_identify(.) by extension 'colcon_pkg'
[0.261s] Level 1:colcon.colcon_core.package_identification:_identify(.) by extensions ['colcon_meta']
[0.261s] Level 1:colcon.colcon_core.package_identification:_identify(.) by extension 'colcon_meta'
[0.261s] Level 1:colcon.colcon_core.package_identification:_identify(.) by extensions ['ros']
[0.261s] Level 1:colcon.colcon_core.package_identification:_identify(.) by extension 'ros'
[0.279s] DEBUG:colcon.colcon_core.package_identification:Package '.' with type 'ros.ament_python' and name 'pursuit'
[0.279s] Level 1:colcon.colcon_core.package_discovery:discover_packages(recursive) using defaults
[0.279s] Level 1:colcon.colcon_core.package_discovery:discover_packages(ignore) discover
[0.279s] Level 1:colcon.colcon_core.package_discovery:discover_packages(ignore) using defaults
[0.279s] Level 1:colcon.colcon_core.package_discovery:discover_packages(path) discover
[0.279s] Level 1:colcon.colcon_core.package_discovery:discover_packages(path) using defaults
[0.324s] Level 1:colcon.colcon_core.package_discovery:discover_packages(prefix_path) check parameters
[0.324s] Level 1:colcon.colcon_core.package_discovery:discover_packages(prefix_path) discover
[0.329s] DEBUG:colcon.colcon_installed_package_information.package_discovery:Found 1 installed packages in /home/jjaffe27/dev_f1tenth_ws/src/pursuit/install
[0.330s] DEBUG:colcon.colcon_installed_package_information.package_discovery:Found 1 installed packages in /home/jjaffe27/dev_f1tenth_ws/src/gap_follow/install
[0.331s] DEBUG:colcon.colcon_installed_package_information.package_discovery:Found 1 installed packages in /home/jjaffe27/dev_f1tenth_ws/src/path/install
[0.333s] DEBUG:colcon.colcon_installed_package_information.package_discovery:Found 264 installed packages in /opt/ros/foxy
[0.335s] Level 1:colcon.colcon_core.package_discovery:discover_packages(prefix_path) using defaults
[0.430s] Level 5:colcon.colcon_core.verb:set package 'pursuit' build argument 'cmake_args' from command line to 'None'
[0.430s] Level 5:colcon.colcon_core.verb:set package 'pursuit' build argument 'cmake_target' from command line to 'None'
[0.430s] Level 5:colcon.colcon_core.verb:set package 'pursuit' build argument 'cmake_target_skip_unavailable' from command line to 'False'
[0.430s] Level 5:colcon.colcon_core.verb:set package 'pursuit' build argument 'cmake_clean_cache' from command line to 'False'
[0.430s] Level 5:colcon.colcon_core.verb:set package 'pursuit' build argument 'cmake_clean_first' from command line to 'False'
[0.430s] Level 5:colcon.colcon_core.verb:set package 'pursuit' build argument 'cmake_force_configure' from command line to 'False'
[0.430s] Level 5:colcon.colcon_core.verb:set package 'pursuit' build argument 'ament_cmake_args' from command line to 'None'
[0.430s] Level 5:colcon.colcon_core.verb:set package 'pursuit' build argument 'catkin_cmake_args' from command line to 'None'
[0.430s] Level 5:colcon.colcon_core.verb:set package 'pursuit' build argument 'catkin_skip_building_tests' from command line to 'False'
[0.430s] DEBUG:colcon.colcon_core.verb:Building package 'pursuit' with the following arguments: {'ament_cmake_args': None, 'build_base': '/home/jjaffe27/dev_f1tenth_ws/src/pursuit/build/pursuit', 'catkin_cmake_args': None, 'catkin_skip_building_tests': False, 'cmake_args': None, 'cmake_clean_cache': False, 'cmake_clean_first': False, 'cmake_force_configure': False, 'cmake_target': None, 'cmake_target_skip_unavailable': False, 'install_base': '/home/jjaffe27/dev_f1tenth_ws/src/pursuit/install/pursuit', 'merge_install': False, 'path': '/home/jjaffe27/dev_f1tenth_ws/src/pursuit', 'symlink_install': False, 'test_result_base': None}
[0.431s] INFO:colcon.colcon_core.executor:Executing jobs using 'parallel' executor
[0.436s] DEBUG:colcon.colcon_parallel_executor.executor.parallel:run_until_complete
[0.437s] INFO:colcon.colcon_ros.task.ament_python.build:Building ROS package in '/home/jjaffe27/dev_f1tenth_ws/src/pursuit' with build type 'ament_python'
[0.437s] Level 1:colcon.colcon_core.shell:create_environment_hook('pursuit', 'ament_prefix_path')
[0.444s] INFO:colcon.colcon_core.plugin_system:Skipping extension 'colcon_core.shell.bat': Not used on non-Windows systems
[0.444s] INFO:colcon.colcon_core.shell:Creating environment hook '/home/jjaffe27/dev_f1tenth_ws/src/pursuit/install/pursuit/share/pursuit/hook/ament_prefix_path.ps1'
[0.445s] INFO:colcon.colcon_core.shell:Creating environment descriptor '/home/jjaffe27/dev_f1tenth_ws/src/pursuit/install/pursuit/share/pursuit/hook/ament_prefix_path.dsv'
[0.446s] INFO:colcon.colcon_core.shell:Creating environment hook '/home/jjaffe27/dev_f1tenth_ws/src/pursuit/install/pursuit/share/pursuit/hook/ament_prefix_path.sh'
[0.449s] INFO:colcon.colcon_core.shell:Skip shell extension 'powershell' for command environment: Not usable outside of PowerShell
[0.449s] DEBUG:colcon.colcon_core.shell:Skip shell extension 'dsv' for command environment
[0.793s] INFO:colcon.colcon_core.task.python.build:Building Python package in '/home/jjaffe27/dev_f1tenth_ws/src/pursuit'
[0.796s] INFO:colcon.colcon_core.shell:Skip shell extension 'powershell' for command environment: Not usable outside of PowerShell
[0.797s] DEBUG:colcon.colcon_core.shell:Skip shell extension 'dsv' for command environment
[1.395s] DEBUG:colcon.colcon_core.event_handler.log_command:Invoking command in '/home/jjaffe27/dev_f1tenth_ws/src/pursuit': PYTHONPATH=/home/jjaffe27/dev_f1tenth_ws/src/pursuit/install/pursuit/lib/python3.8/site-packages:${PYTHONPATH} /usr/bin/python3 setup.py egg_info --egg-base build/pursuit build --build-base /home/jjaffe27/dev_f1tenth_ws/src/pursuit/build/pursuit/build install --prefix /home/jjaffe27/dev_f1tenth_ws/src/pursuit/install/pursuit --record /home/jjaffe27/dev_f1tenth_ws/src/pursuit/build/pursuit/install.log --single-version-externally-managed
[1.982s] DEBUG:colcon.colcon_core.event_handler.log_command:Invoked command in '/home/jjaffe27/dev_f1tenth_ws/src/pursuit' returned '0': PYTHONPATH=/home/jjaffe27/dev_f1tenth_ws/src/pursuit/install/pursuit/lib/python3.8/site-packages:${PYTHONPATH} /usr/bin/python3 setup.py egg_info --egg-base build/pursuit build --build-base /home/jjaffe27/dev_f1tenth_ws/src/pursuit/build/pursuit/build install --prefix /home/jjaffe27/dev_f1tenth_ws/src/pursuit/install/pursuit --record /home/jjaffe27/dev_f1tenth_ws/src/pursuit/build/pursuit/install.log --single-version-externally-managed
[2.001s] Level 1:colcon.colcon_core.environment:checking '/home/jjaffe27/dev_f1tenth_ws/src/pursuit/install/pursuit' for CMake module files
[2.006s] Level 1:colcon.colcon_core.environment:checking '/home/jjaffe27/dev_f1tenth_ws/src/pursuit/install/pursuit' for CMake config files
[2.012s] Level 1:colcon.colcon_core.environment:checking '/home/jjaffe27/dev_f1tenth_ws/src/pursuit/install/pursuit/lib'
[2.012s] Level 1:colcon.colcon_core.environment:checking '/home/jjaffe27/dev_f1tenth_ws/src/pursuit/install/pursuit/bin'
[2.013s] Level 1:colcon.colcon_core.environment:checking '/home/jjaffe27/dev_f1tenth_ws/src/pursuit/install/pursuit/lib/pkgconfig/pursuit.pc'
[2.014s] Level 1:colcon.colcon_core.environment:checking '/home/jjaffe27/dev_f1tenth_ws/src/pursuit/install/pursuit/lib/python3.8/site-packages'
[2.014s] Level 1:colcon.colcon_core.shell:create_environment_hook('pursuit', 'pythonpath')
[2.020s] INFO:colcon.colcon_core.shell:Creating environment hook '/home/jjaffe27/dev_f1tenth_ws/src/pursuit/install/pursuit/share/pursuit/hook/pythonpath.ps1'
[2.022s] INFO:colcon.colcon_core.shell:Creating environment descriptor '/home/jjaffe27/dev_f1tenth_ws/src/pursuit/install/pursuit/share/pursuit/hook/pythonpath.dsv'
[2.023s] INFO:colcon.colcon_core.shell:Creating environment hook '/home/jjaffe27/dev_f1tenth_ws/src/pursuit/install/pursuit/share/pursuit/hook/pythonpath.sh'
[2.038s] Level 1:colcon.colcon_core.environment:checking '/home/jjaffe27/dev_f1tenth_ws/src/pursuit/install/pursuit/bin'
[2.039s] Level 1:colcon.colcon_core.environment:create_environment_scripts_only(pursuit)
[2.045s] INFO:colcon.colcon_core.shell:Creating package script '/home/jjaffe27/dev_f1tenth_ws/src/pursuit/install/pursuit/share/pursuit/package.ps1'
[2.049s] INFO:colcon.colcon_core.shell:Creating package descriptor '/home/jjaffe27/dev_f1tenth_ws/src/pursuit/install/pursuit/share/pursuit/package.dsv'
[2.052s] INFO:colcon.colcon_core.shell:Creating package script '/home/jjaffe27/dev_f1tenth_ws/src/pursuit/install/pursuit/share/pursuit/package.sh'
[2.054s] INFO:colcon.colcon_core.shell:Creating package script '/home/jjaffe27/dev_f1tenth_ws/src/pursuit/install/pursuit/share/pursuit/package.bash'
[2.061s] INFO:colcon.colcon_core.shell:Creating package script '/home/jjaffe27/dev_f1tenth_ws/src/pursuit/install/pursuit/share/pursuit/package.zsh'
[2.066s] Level 1:colcon.colcon_core.environment:create_file_with_runtime_dependencies(/home/jjaffe27/dev_f1tenth_ws/src/pursuit/install/pursuit/share/colcon-core/packages/pursuit)
[2.071s] DEBUG:colcon.colcon_parallel_executor.executor.parallel:closing loop
[2.071s] DEBUG:colcon.colcon_parallel_executor.executor.parallel:loop closed
[2.071s] DEBUG:colcon.colcon_parallel_executor.executor.parallel:run_until_complete finished with '0'
[2.072s] DEBUG:colcon.colcon_core.event_reactor:joining thread
[2.093s] INFO:colcon.colcon_core.plugin_system:Skipping extension 'colcon_notification.desktop_notification.terminal_notifier': Not used on non-Darwin systems
[2.094s] INFO:colcon.colcon_core.plugin_system:Skipping extension 'colcon_notification.desktop_notification.win32': Not used on non-Windows systems
[2.094s] INFO:colcon.colcon_notification.desktop_notification:Sending desktop notification using 'notify2'
[2.130s] DEBUG:colcon.colcon_core.event_reactor:joined thread
[2.134s] INFO:colcon.colcon_core.shell:Creating prefix script '/home/jjaffe27/dev_f1tenth_ws/src/pursuit/install/local_setup.ps1'
[2.139s] INFO:colcon.colcon_core.shell:Creating prefix util module '/home/jjaffe27/dev_f1tenth_ws/src/pursuit/install/_local_setup_util_ps1.py'
[2.143s] INFO:colcon.colcon_core.shell:Creating prefix chain script '/home/jjaffe27/dev_f1tenth_ws/src/pursuit/install/setup.ps1'
[2.149s] INFO:colcon.colcon_core.shell:Creating prefix script '/home/jjaffe27/dev_f1tenth_ws/src/pursuit/install/local_setup.sh'
[2.151s] INFO:colcon.colcon_core.shell:Creating prefix util module '/home/jjaffe27/dev_f1tenth_ws/src/pursuit/install/_local_setup_util_sh.py'
[2.152s] INFO:colcon.colcon_core.shell:Creating prefix chain script '/home/jjaffe27/dev_f1tenth_ws/src/pursuit/install/setup.sh'
[2.172s] INFO:colcon.colcon_core.shell:Creating prefix script '/home/jjaffe27/dev_f1tenth_ws/src/pursuit/install/local_setup.bash'
[2.179s] INFO:colcon.colcon_core.shell:Creating prefix chain script '/home/jjaffe27/dev_f1tenth_ws/src/pursuit/install/setup.bash'
[2.200s] INFO:colcon.colcon_core.shell:Creating prefix script '/home/jjaffe27/dev_f1tenth_ws/src/pursuit/install/local_setup.zsh'
[2.202s] INFO:colcon.colcon_core.shell:Creating prefix chain script '/home/jjaffe27/dev_f1tenth_ws/src/pursuit/install/setup.zsh'
