[0.046s] Invoking command in '/home/jjaffe27/dev_f1tenth_ws/src/cpp_safety/build/cpp_safety': CMAKE_PREFIX_PATH=${CMAKE_PREFIX_PATH}:/opt/ros/foxy /usr/bin/cmake --build /home/jjaffe27/dev_f1tenth_ws/src/cpp_safety/build/cpp_safety -- -j4 -l4
[0.152s] [35m[1mScanning dependencies of target safety[0m
[0.213s] [ 50%] [32mBuilding CXX object CMakeFiles/safety.dir/src/aeb.cpp.o[0m
[2.971s] In file included from [01m[K/opt/ros/foxy/include/rclcpp/client.hpp:40[m[K,
[2.971s]                  from [01m[K/opt/ros/foxy/include/rclcpp/callback_group.hpp:23[m[K,
[2.971s]                  from [01m[K/opt/ros/foxy/include/rclcpp/any_executable.hpp:20[m[K,
[2.971s]                  from [01m[K/opt/ros/foxy/include/rclcpp/memory_strategy.hpp:24[m[K,
[2.971s]                  from [01m[K/opt/ros/foxy/include/rclcpp/memory_strategies.hpp:18[m[K,
[2.972s]                  from [01m[K/opt/ros/foxy/include/rclcpp/executor_options.hpp:20[m[K,
[2.972s]                  from [01m[K/opt/ros/foxy/include/rclcpp/executor.hpp:33[m[K,
[2.972s]                  from [01m[K/opt/ros/foxy/include/rclcpp/executors/multi_threaded_executor.hpp:26[m[K,
[2.972s]                  from [01m[K/opt/ros/foxy/include/rclcpp/executors.hpp:21[m[K,
[2.972s]                  from [01m[K/opt/ros/foxy/include/rclcpp/rclcpp.hpp:146[m[K,
[2.972s]                  from [01m[K/home/jjaffe27/dev_f1tenth_ws/src/cpp_safety/src/aeb.cpp:1[m[K:
[2.973s] [01m[K/home/jjaffe27/dev_f1tenth_ws/src/cpp_safety/src/aeb.cpp:[m[K In member function ‘[01m[Kvoid LaserScanAEB::scan_callback(sensor_msgs::msg::LaserScan_<std::allocator<void> >::ConstSharedPtr)[m[K’:
[2.973s] [01m[K/home/jjaffe27/dev_f1tenth_ws/src/cpp_safety/src/aeb.cpp:52:60:[m[K [01;31m[Kerror: [m[Kno matching function for call to ‘[01m[Kto_string(std::vector<float>&)[m[K’
[2.973s]    52 | _logger(), to_string(distances[01;31m[K)[m[K);
[2.973s]       |                               [01;31m[K^[m[K
[2.973s] 
[2.974s] In file included from [01m[K/usr/include/c++/9/string:55[m[K,
[2.974s]                  from [01m[K/usr/include/c++/9/stdexcept:39[m[K,
[2.974s]                  from [01m[K/usr/include/c++/9/array:39[m[K,
[2.974s]                  from [01m[K/usr/include/c++/9/tuple:39[m[K,
[2.975s]                  from [01m[K/usr/include/c++/9/bits/unique_ptr.h:37[m[K,
[2.975s]                  from [01m[K/usr/include/c++/9/memory:80[m[K,
[2.975s]                  from [01m[K/opt/ros/foxy/include/rclcpp/rclcpp.hpp:144[m[K,
[2.975s]                  from [01m[K/home/jjaffe27/dev_f1tenth_ws/src/cpp_safety/src/aeb.cpp:1[m[K:
[2.975s] [01m[K/usr/include/c++/9/bits/basic_string.h:6549:3:[m[K [01;36m[Knote: [m[Kcandidate: ‘[01m[Kstd::string std::__cxx11::to_string(int)[m[K’
[2.975s]  6549 |   [01;36m[Kto_string[m[K(int __val)
[2.975s]       |   [01;36m[K^~~~~~~~~[m[K
[2.975s] [01m[K/usr/include/c++/9/bits/basic_string.h:6549:17:[m[K [01;36m[Knote: [m[K  no known conversion for argument 1 from ‘[01m[Kstd::vector<float>[m[K’ to ‘[01m[Kint[m[K’
[2.976s]  6549 |   to_string([01;36m[Kint __val[m[K)
[2.976s]       |             [01;36m[K~~~~^~~~~[m[K
[2.976s] [01m[K/usr/include/c++/9/bits/basic_string.h:6554:3:[m[K [01;36m[Knote: [m[Kcandidate: ‘[01m[Kstd::string std::__cxx11::to_string(unsigned int)[m[K’
[2.976s]  6554 |   [01;36m[Kto_string[m[K(unsigned __val)
[2.977s]       |   [01;36m[K^~~~~~~~~[m[K
[2.977s] [01m[K/usr/include/c++/9/bits/basic_string.h:6554:22:[m[K [01;36m[Knote: [m[K  no known conversion for argument 1 from ‘[01m[Kstd::vector<float>[m[K’ to ‘[01m[Kunsigned int[m[K’
[2.977s]  6554 |   to_string([01;36m[Kunsigned __val[m[K)
[2.977s]       |             [01;36m[K~~~~~~~~~^~~~~[m[K
[2.977s] [01m[K/usr/include/c++/9/bits/basic_string.h:6560:3:[m[K [01;36m[Knote: [m[Kcandidate: ‘[01m[Kstd::string std::__cxx11::to_string(long int)[m[K’
[2.977s]  6560 |   [01;36m[Kto_string[m[K(long __val)
[2.977s]       |   [01;36m[K^~~~~~~~~[m[K
[2.977s] [01m[K/usr/include/c++/9/bits/basic_string.h:6560:18:[m[K [01;36m[Knote: [m[K  no known conversion for argument 1 from ‘[01m[Kstd::vector<float>[m[K’ to ‘[01m[Klong int[m[K’
[2.978s]  6560 |   to_string([01;36m[Klong __val[m[K)
[2.978s]       |             [01;36m[K~~~~~^~~~~[m[K
[2.978s] [01m[K/usr/include/c++/9/bits/basic_string.h:6565:3:[m[K [01;36m[Knote: [m[Kcandidate: ‘[01m[Kstd::string std::__cxx11::to_string(long unsigned int)[m[K’
[2.978s]  6565 |   [01;36m[Kto_string[m[K(unsigned long __val)
[2.978s]       |   [01;36m[K^~~~~~~~~[m[K
[2.979s] [01m[K/usr/include/c++/9/bits/basic_string.h:6565:27:[m[K [01;36m[Knote: [m[K  no known conversion for argument 1 from ‘[01m[Kstd::vector<float>[m[K’ to ‘[01m[Klong unsigned int[m[K’
[2.979s]  6565 |   to_string([01;36m[Kunsigned long __val[m[K)
[2.979s]       |             [01;36m[K~~~~~~~~~~~~~~^~~~~[m[K
[2.980s] [01m[K/usr/include/c++/9/bits/basic_string.h:6571:3:[m[K [01;36m[Knote: [m[Kcandidate: ‘[01m[Kstd::string std::__cxx11::to_string(long long int)[m[K’
[2.980s]  6571 |   [01;36m[Kto_string[m[K(long long __val)
[2.980s]       |   [01;36m[K^~~~~~~~~[m[K
[2.981s] [01m[K/usr/include/c++/9/bits/basic_string.h:6571:23:[m[K [01;36m[Knote: [m[K  no known conversion for argument 1 from ‘[01m[Kstd::vector<float>[m[K’ to ‘[01m[Klong long int[m[K’
[2.981s]  6571 |   to_string([01;36m[Klong long __val[m[K)
[2.982s]       |             [01;36m[K~~~~~~~~~~^~~~~[m[K
[2.982s] [01m[K/usr/include/c++/9/bits/basic_string.h:6577:3:[m[K [01;36m[Knote: [m[Kcandidate: ‘[01m[Kstd::string std::__cxx11::to_string(long long unsigned int)[m[K’
[2.982s]  6577 |   [01;36m[Kto_string[m[K(unsigned long long __val)
[2.983s]       |   [01;36m[K^~~~~~~~~[m[K
[2.983s] [01m[K/usr/include/c++/9/bits/basic_string.h:6577:32:[m[K [01;36m[Knote: [m[K  no known conversion for argument 1 from ‘[01m[Kstd::vector<float>[m[K’ to ‘[01m[Klong long unsigned int[m[K’
[2.984s]  6577 |   to_string([01;36m[Kunsigned long long __val[m[K)
[2.984s]       |             [01;36m[K~~~~~~~~~~~~~~~~~~~^~~~~[m[K
[2.985s] [01m[K/usr/include/c++/9/bits/basic_string.h:6583:3:[m[K [01;36m[Knote: [m[Kcandidate: ‘[01m[Kstd::string std::__cxx11::to_string(float)[m[K’
[2.986s]  6583 |   [01;36m[Kto_string[m[K(float __val)
[2.986s]       |   [01;36m[K^~~~~~~~~[m[K
[2.986s] [01m[K/usr/include/c++/9/bits/basic_string.h:6583:19:[m[K [01;36m[Knote: [m[K  no known conversion for argument 1 from ‘[01m[Kstd::vector<float>[m[K’ to ‘[01m[Kfloat[m[K’
[2.986s]  6583 |   to_string([01;36m[Kfloat __val[m[K)
[2.987s]       |             [01;36m[K~~~~~~^~~~~[m[K
[2.987s] [01m[K/usr/include/c++/9/bits/basic_string.h:6592:3:[m[K [01;36m[Knote: [m[Kcandidate: ‘[01m[Kstd::string std::__cxx11::to_string(double)[m[K’
[2.987s]  6592 |   [01;36m[Kto_string[m[K(double __val)
[2.987s]       |   [01;36m[K^~~~~~~~~[m[K
[2.988s] [01m[K/usr/include/c++/9/bits/basic_string.h:6592:20:[m[K [01;36m[Knote: [m[K  no known conversion for argument 1 from ‘[01m[Kstd::vector<float>[m[K’ to ‘[01m[Kdouble[m[K’
[2.988s]  6592 |   to_string([01;36m[Kdouble __val[m[K)
[2.988s]       |             [01;36m[K~~~~~~~^~~~~[m[K
[2.988s] [01m[K/usr/include/c++/9/bits/basic_string.h:6601:3:[m[K [01;36m[Knote: [m[Kcandidate: ‘[01m[Kstd::string std::__cxx11::to_string(long double)[m[K’
[2.989s]  6601 |   [01;36m[Kto_string[m[K(long double __val)
[2.989s]       |   [01;36m[K^~~~~~~~~[m[K
[2.989s] [01m[K/usr/include/c++/9/bits/basic_string.h:6601:25:[m[K [01;36m[Knote: [m[K  no known conversion for argument 1 from ‘[01m[Kstd::vector<float>[m[K’ to ‘[01m[Klong double[m[K’
[2.990s]  6601 |   to_string([01;36m[Klong double __val[m[K)
[2.990s]       |             [01;36m[K~~~~~~~~~~~~^~~~~[m[K
[2.991s] In file included from [01m[K/opt/ros/foxy/include/rclcpp/node_interfaces/node_parameters_interface.hpp:28[m[K,
[2.991s]                  from [01m[K/opt/ros/foxy/include/rclcpp/node.hpp:51[m[K,
[2.991s]                  from [01m[K/opt/ros/foxy/include/rclcpp/executors/single_threaded_executor.hpp:28[m[K,
[2.991s]                  from [01m[K/opt/ros/foxy/include/rclcpp/executors.hpp:22[m[K,
[2.992s]                  from [01m[K/opt/ros/foxy/include/rclcpp/rclcpp.hpp:146[m[K,
[2.992s]                  from [01m[K/home/jjaffe27/dev_f1tenth_ws/src/cpp_safety/src/aeb.cpp:1[m[K:
[2.992s] [01m[K/opt/ros/foxy/include/rclcpp/parameter.hpp:287:1:[m[K [01;36m[Knote: [m[Kcandidate: ‘[01m[Kstd::string std::to_string(const rclcpp::Parameter&)[m[K’
[2.992s]   287 | [01;36m[Kto_string[m[K(const rclcpp::Parameter & param);
[2.992s]       | [01;36m[K^~~~~~~~~[m[K
[2.992s] [01m[K/opt/ros/foxy/include/rclcpp/parameter.hpp:287:37:[m[K [01;36m[Knote: [m[K  no known conversion for argument 1 from ‘[01m[Kstd::vector<float>[m[K’ to ‘[01m[Kconst rclcpp::Parameter&[m[K’
[2.992s]   287 | to_string([01;36m[Kconst rclcpp::Parameter & param[m[K);
[2.993s]       |           [01;36m[K~~~~~~~~~~~~~~~~~~~~~~~~~~^~~~~[m[K
[2.993s] [01m[K/opt/ros/foxy/include/rclcpp/parameter.hpp:292:1:[m[K [01;36m[Knote: [m[Kcandidate: ‘[01m[Kstd::string std::to_string(const std::vector<rclcpp::Parameter>&)[m[K’
[2.993s]   292 | [01;36m[Kto_string[m[K(const std::vector<rclcpp::Parameter> & parameters);
[2.993s]       | [01;36m[K^~~~~~~~~[m[K
[2.993s] [01m[K/opt/ros/foxy/include/rclcpp/parameter.hpp:292:50:[m[K [01;36m[Knote: [m[K  no known conversion for argument 1 from ‘[01m[Kstd::vector<float>[m[K’ to ‘[01m[Kconst std::vector<rclcpp::Parameter>&[m[K’
[2.993s]   292 | [01;36m[Kst std::vector<rclcpp::Parameter> & parameters[m[K);
[2.993s]       | [01;36m[K~~~~~~~~~~~~~~~~~~~~~~~~~~~~~~~~~~~~^~~~~~~~~~[m[K
[2.994s] 
[8.432s] make[2]: *** [CMakeFiles/safety.dir/build.make:63: CMakeFiles/safety.dir/src/aeb.cpp.o] Error 1
[8.434s] make[1]: *** [CMakeFiles/Makefile2:78: CMakeFiles/safety.dir/all] Error 2
[8.434s] make: *** [Makefile:141: all] Error 2
[8.443s] Invoked command in '/home/jjaffe27/dev_f1tenth_ws/src/cpp_safety/build/cpp_safety' returned '2': CMAKE_PREFIX_PATH=${CMAKE_PREFIX_PATH}:/opt/ros/foxy /usr/bin/cmake --build /home/jjaffe27/dev_f1tenth_ws/src/cpp_safety/build/cpp_safety -- -j4 -l4
