[1.705s] Invoking command in '/home/jjaffe27/dev_f1tenth_ws/src/gap_follow': PYTHONPATH=/home/jjaffe27/dev_f1tenth_ws/src/gap_follow/install/gap_follow/lib/python3.8/site-packages: /usr/bin/python3 setup.py egg_info --egg-base build/gap_follow build --build-base /home/jjaffe27/dev_f1tenth_ws/src/gap_follow/build/gap_follow/build install --prefix /home/jjaffe27/dev_f1tenth_ws/src/gap_follow/install/gap_follow --record /home/jjaffe27/dev_f1tenth_ws/src/gap_follow/build/gap_follow/install.log --single-version-externally-managed
[1.971s] running egg_info
[1.972s] writing build/gap_follow/gap_follow.egg-info/PKG-INFO
[1.972s] writing dependency_links to build/gap_follow/gap_follow.egg-info/dependency_links.txt
[1.973s] writing entry points to build/gap_follow/gap_follow.egg-info/entry_points.txt
[1.973s] writing requirements to build/gap_follow/gap_follow.egg-info/requires.txt
[1.973s] writing top-level names to build/gap_follow/gap_follow.egg-info/top_level.txt
[2.018s] reading manifest file 'build/gap_follow/gap_follow.egg-info/SOURCES.txt'
[2.020s] writing manifest file 'build/gap_follow/gap_follow.egg-info/SOURCES.txt'
[2.020s] running build
[2.020s] running build_py
[2.020s] copying gap_follow/reactive_gap_follow.py -> /home/jjaffe27/dev_f1tenth_ws/src/gap_follow/build/gap_follow/build/lib/gap_follow
[2.020s] running install
[2.021s] running install_lib
[2.023s] copying /home/jjaffe27/dev_f1tenth_ws/src/gap_follow/build/gap_follow/build/lib/gap_follow/reactive_gap_follow.py -> /home/jjaffe27/dev_f1tenth_ws/src/gap_follow/install/gap_follow/lib/python3.8/site-packages/gap_follow
[2.024s] byte-compiling /home/jjaffe27/dev_f1tenth_ws/src/gap_follow/install/gap_follow/lib/python3.8/site-packages/gap_follow/reactive_gap_follow.py to reactive_gap_follow.cpython-38.pyc
[2.026s] running install_data
[2.027s] running install_egg_info
[2.029s] removing '/home/jjaffe27/dev_f1tenth_ws/src/gap_follow/install/gap_follow/lib/python3.8/site-packages/gap_follow-0.0.0-py3.8.egg-info' (and everything under it)
[2.029s] Copying build/gap_follow/gap_follow.egg-info to /home/jjaffe27/dev_f1tenth_ws/src/gap_follow/install/gap_follow/lib/python3.8/site-packages/gap_follow-0.0.0-py3.8.egg-info
[2.030s] running install_scripts
[2.054s] Installing reactive_gap_follow script to /home/jjaffe27/dev_f1tenth_ws/src/gap_follow/install/gap_follow/lib/gap_follow
[2.055s] writing list of installed files to '/home/jjaffe27/dev_f1tenth_ws/src/gap_follow/build/gap_follow/install.log'
[2.092s] Invoked command in '/home/jjaffe27/dev_f1tenth_ws/src/gap_follow' returned '0': PYTHONPATH=/home/jjaffe27/dev_f1tenth_ws/src/gap_follow/install/gap_follow/lib/python3.8/site-packages: /usr/bin/python3 setup.py egg_info --egg-base build/gap_follow build --build-base /home/jjaffe27/dev_f1tenth_ws/src/gap_follow/build/gap_follow/build install --prefix /home/jjaffe27/dev_f1tenth_ws/src/gap_follow/install/gap_follow --record /home/jjaffe27/dev_f1tenth_ws/src/gap_follow/build/gap_follow/install.log --single-version-externally-managed
