running egg_info
writing build/gap_follow/gap_follow.egg-info/PKG-INFO
writing dependency_links to build/gap_follow/gap_follow.egg-info/dependency_links.txt
writing entry points to build/gap_follow/gap_follow.egg-info/entry_points.txt
writing requirements to build/gap_follow/gap_follow.egg-info/requires.txt
writing top-level names to build/gap_follow/gap_follow.egg-info/top_level.txt
reading manifest file 'build/gap_follow/gap_follow.egg-info/SOURCES.txt'
writing manifest file 'build/gap_follow/gap_follow.egg-info/SOURCES.txt'
running build
running build_py
copying gap_follow/reactive_gap_follow.py -> /home/jjaffe27/dev_f1tenth_ws/src/gap_follow/build/gap_follow/build/lib/gap_follow
running install
running install_lib
copying /home/jjaffe27/dev_f1tenth_ws/src/gap_follow/build/gap_follow/build/lib/gap_follow/reactive_gap_follow.py -> /home/jjaffe27/dev_f1tenth_ws/src/gap_follow/install/gap_follow/lib/python3.8/site-packages/gap_follow
byte-compiling /home/jjaffe27/dev_f1tenth_ws/src/gap_follow/install/gap_follow/lib/python3.8/site-packages/gap_follow/reactive_gap_follow.py to reactive_gap_follow.cpython-38.pyc
running install_data
running install_egg_info
removing '/home/jjaffe27/dev_f1tenth_ws/src/gap_follow/install/gap_follow/lib/python3.8/site-packages/gap_follow-0.0.0-py3.8.egg-info' (and everything under it)
Copying build/gap_follow/gap_follow.egg-info to /home/jjaffe27/dev_f1tenth_ws/src/gap_follow/install/gap_follow/lib/python3.8/site-packages/gap_follow-0.0.0-py3.8.egg-info
running install_scripts
Installing reactive_gap_follow script to /home/jjaffe27/dev_f1tenth_ws/src/gap_follow/install/gap_follow/lib/gap_follow
writing list of installed files to '/home/jjaffe27/dev_f1tenth_ws/src/gap_follow/build/gap_follow/install.log'
