[1.339s] Invoking command in '/home/jjaffe27/dev_f1tenth_ws/src/path': PYTHONPATH=/home/jjaffe27/dev_f1tenth_ws/src/path/install/path/lib/python3.8/site-packages:${PYTHONPATH} /usr/bin/python3 setup.py egg_info --egg-base build/path build --build-base /home/jjaffe27/dev_f1tenth_ws/src/path/build/path/build install --prefix /home/jjaffe27/dev_f1tenth_ws/src/path/install/path --record /home/jjaffe27/dev_f1tenth_ws/src/path/build/path/install.log --single-version-externally-managed
[1.790s] running egg_info
[1.791s] writing build/path/path.egg-info/PKG-INFO
[1.792s] writing dependency_links to build/path/path.egg-info/dependency_links.txt
[1.792s] writing entry points to build/path/path.egg-info/entry_points.txt
[1.792s] writing requirements to build/path/path.egg-info/requires.txt
[1.792s] writing top-level names to build/path/path.egg-info/top_level.txt
[1.867s] reading manifest file 'build/path/path.egg-info/SOURCES.txt'
[1.869s] writing manifest file 'build/path/path.egg-info/SOURCES.txt'
[1.870s] running build
[1.870s] running build_py
[1.870s] running install
[1.872s] running install_lib
[1.874s] running install_data
[1.875s] running install_egg_info
[1.879s] removing '/home/jjaffe27/dev_f1tenth_ws/src/path/install/path/lib/python3.8/site-packages/path-0.0.0-py3.8.egg-info' (and everything under it)
[1.879s] Copying build/path/path.egg-info to /home/jjaffe27/dev_f1tenth_ws/src/path/install/path/lib/python3.8/site-packages/path-0.0.0-py3.8.egg-info
[1.881s] running install_scripts
[1.921s] Installing waypoints script to /home/jjaffe27/dev_f1tenth_ws/src/path/install/path/lib/path
[1.922s] writing list of installed files to '/home/jjaffe27/dev_f1tenth_ws/src/path/build/path/install.log'
[1.976s] Invoked command in '/home/jjaffe27/dev_f1tenth_ws/src/path' returned '0': PYTHONPATH=/home/jjaffe27/dev_f1tenth_ws/src/path/install/path/lib/python3.8/site-packages:${PYTHONPATH} /usr/bin/python3 setup.py egg_info --egg-base build/path build --build-base /home/jjaffe27/dev_f1tenth_ws/src/path/build/path/build install --prefix /home/jjaffe27/dev_f1tenth_ws/src/path/install/path --record /home/jjaffe27/dev_f1tenth_ws/src/path/build/path/install.log --single-version-externally-managed
