running egg_info
writing build/pursuit/pursuit.egg-info/PKG-INFO
writing dependency_links to build/pursuit/pursuit.egg-info/dependency_links.txt
writing entry points to build/pursuit/pursuit.egg-info/entry_points.txt
writing requirements to build/pursuit/pursuit.egg-info/requires.txt
writing top-level names to build/pursuit/pursuit.egg-info/top_level.txt
reading manifest file 'build/pursuit/pursuit.egg-info/SOURCES.txt'
writing manifest file 'build/pursuit/pursuit.egg-info/SOURCES.txt'
running build
running build_py
copying pursuit/mod_pursuit.py -> /home/jjaffe27/dev_f1tenth_ws/src/pursuit/build/pursuit/build/lib/pursuit
running install
running install_lib
copying /home/jjaffe27/dev_f1tenth_ws/src/pursuit/build/pursuit/build/lib/pursuit/mod_pursuit.py -> /home/jjaffe27/dev_f1tenth_ws/src/pursuit/install/pursuit/lib/python3.8/site-packages/pursuit
byte-compiling /home/jjaffe27/dev_f1tenth_ws/src/pursuit/install/pursuit/lib/python3.8/site-packages/pursuit/mod_pursuit.py to mod_pursuit.cpython-38.pyc
running install_data
running install_egg_info
removing '/home/jjaffe27/dev_f1tenth_ws/src/pursuit/install/pursuit/lib/python3.8/site-packages/pursuit-0.0.0-py3.8.egg-info' (and everything under it)
Copying build/pursuit/pursuit.egg-info to /home/jjaffe27/dev_f1tenth_ws/src/pursuit/install/pursuit/lib/python3.8/site-packages/pursuit-0.0.0-py3.8.egg-info
running install_scripts
Installing pure_pursuit script to /home/jjaffe27/dev_f1tenth_ws/src/pursuit/install/pursuit/lib/pursuit
writing list of installed files to '/home/jjaffe27/dev_f1tenth_ws/src/pursuit/build/pursuit/install.log'
