[1.685s] Invoking command in '/home/jjaffe27/dev_f1tenth_ws/src/gap_follow': PYTHONPATH=/home/jjaffe27/dev_f1tenth_ws/src/gap_follow/install/gap_follow/lib/python3.8/site-packages: /usr/bin/python3 setup.py egg_info --egg-base build/gap_follow build --build-base /home/jjaffe27/dev_f1tenth_ws/src/gap_follow/build/gap_follow/build install --prefix /home/jjaffe27/dev_f1tenth_ws/src/gap_follow/install/gap_follow --record /home/jjaffe27/dev_f1tenth_ws/src/gap_follow/build/gap_follow/install.log --single-version-externally-managed
[2.125s] running egg_info
[2.126s] writing build/gap_follow/gap_follow.egg-info/PKG-INFO
[2.126s] writing dependency_links to build/gap_follow/gap_follow.egg-info/dependency_links.txt
[2.127s] writing entry points to build/gap_follow/gap_follow.egg-info/entry_points.txt
[2.127s] writing requirements to build/gap_follow/gap_follow.egg-info/requires.txt
[2.127s] writing top-level names to build/gap_follow/gap_follow.egg-info/top_level.txt
[2.209s] reading manifest file 'build/gap_follow/gap_follow.egg-info/SOURCES.txt'
[2.212s] writing manifest file 'build/gap_follow/gap_follow.egg-info/SOURCES.txt'
[2.212s] running build
[2.213s] running build_py
[2.213s] running install
[2.214s] running install_lib
[2.216s] running install_data
[2.217s] running install_egg_info
[2.220s] removing '/home/jjaffe27/dev_f1tenth_ws/src/gap_follow/install/gap_follow/lib/python3.8/site-packages/gap_follow-0.0.0-py3.8.egg-info' (and everything under it)
[2.221s] Copying build/gap_follow/gap_follow.egg-info to /home/jjaffe27/dev_f1tenth_ws/src/gap_follow/install/gap_follow/lib/python3.8/site-packages/gap_follow-0.0.0-py3.8.egg-info
[2.223s] running install_scripts
[2.266s] Installing reactive_gap_follow script to /home/jjaffe27/dev_f1tenth_ws/src/gap_follow/install/gap_follow/lib/gap_follow
[2.266s] writing list of installed files to '/home/jjaffe27/dev_f1tenth_ws/src/gap_follow/build/gap_follow/install.log'
[2.329s] Invoked command in '/home/jjaffe27/dev_f1tenth_ws/src/gap_follow' returned '0': PYTHONPATH=/home/jjaffe27/dev_f1tenth_ws/src/gap_follow/install/gap_follow/lib/python3.8/site-packages: /usr/bin/python3 setup.py egg_info --egg-base build/gap_follow build --build-base /home/jjaffe27/dev_f1tenth_ws/src/gap_follow/build/gap_follow/build install --prefix /home/jjaffe27/dev_f1tenth_ws/src/gap_follow/install/gap_follow --record /home/jjaffe27/dev_f1tenth_ws/src/gap_follow/build/gap_follow/install.log --single-version-externally-managed
