[0.198s] DEBUG:colcon:Command line arguments: ['/usr/bin/colcon', 'build']
[0.198s] DEBUG:colcon:Parsed command line arguments: Namespace(allow_overriding=[], ament_cmake_args=None, base_paths=['.'], build_base='build', catkin_cmake_args=None, catkin_skip_building_tests=False, cmake_args=None, cmake_clean_cache=False, cmake_clean_first=False, cmake_force_configure=False, cmake_target=None, cmake_target_skip_unavailable=False, continue_on_error=False, event_handlers=None, executor='parallel', ignore_user_meta=False, install_base='install', log_base=None, log_level=None, main=<bound method BuildVerb.main of <colcon_core.verb.build.BuildVerb object at 0x7f926ca13550>>, merge_install=False, metas=['./colcon.meta'], packages_above=None, packages_above_and_dependencies=None, packages_above_depth=None, packages_end=None, packages_ignore=None, packages_ignore_regex=None, packages_select=None, packages_select_build_failed=False, packages_select_by_dep=None, packages_select_regex=None, packages_select_test_failures=False, packages_skip=None, packages_skip_build_finished=False, packages_skip_by_dep=None, packages_skip_regex=None, packages_skip_test_passed=False, packages_skip_up_to=None, packages_start=None, packages_up_to=None, packages_up_to_regex=None, parallel_workers=4, paths=None, symlink_install=False, test_result_base=None, verb_extension=<colcon_core.verb.build.BuildVerb object at 0x7f926ca13550>, verb_name='build', verb_parser=<colcon_defaults.argument_parser.defaults.DefaultArgumentsDecorator object at 0x7f926ca13a90>)
[0.233s] Level 1:colcon.colcon_core.package_discovery:discover_packages(colcon_meta) check parameters
[0.233s] Level 1:colcon.colcon_core.package_discovery:discover_packages(recursive) check parameters
[0.233s] Level 1:colcon.colcon_core.package_discovery:discover_packages(ignore) check parameters
[0.233s] Level 1:colcon.colcon_core.package_discovery:discover_packages(path) check parameters
[0.233s] Level 1:colcon.colcon_core.package_discovery:discover_packages(colcon_meta) discover
[0.233s] Level 1:colcon.colcon_core.package_discovery:discover_packages(recursive) discover
[0.234s] INFO:colcon.colcon_core.package_discovery:Crawling recursively for packages in '/home/jjaffe27/dev_f1tenth_ws/src/cpp_gap_follow'
[0.234s] Level 1:colcon.colcon_core.package_identification:_identify(.) by extensions ['ignore', 'ignore_ament_install']
[0.234s] Level 1:colcon.colcon_core.package_identification:_identify(.) by extension 'ignore'
[0.234s] Level 1:colcon.colcon_core.package_identification:_identify(.) by extension 'ignore_ament_install'
[0.234s] Level 1:colcon.colcon_core.package_identification:_identify(.) by extensions ['colcon_pkg']
[0.234s] Level 1:colcon.colcon_core.package_identification:_identify(.) by extension 'colcon_pkg'
[0.234s] Level 1:colcon.colcon_core.package_identification:_identify(.) by extensions ['colcon_meta']
[0.234s] Level 1:colcon.colcon_core.package_identification:_identify(.) by extension 'colcon_meta'
[0.234s] Level 1:colcon.colcon_core.package_identification:_identify(.) by extensions ['ros']
[0.234s] Level 1:colcon.colcon_core.package_identification:_identify(.) by extension 'ros'
[0.253s] DEBUG:colcon.colcon_core.package_identification:Package '.' with type 'ros.ament_cmake' and name 'cpp_gap_follow'
[0.253s] Level 1:colcon.colcon_core.package_discovery:discover_packages(recursive) using defaults
[0.253s] Level 1:colcon.colcon_core.package_discovery:discover_packages(ignore) discover
[0.253s] Level 1:colcon.colcon_core.package_discovery:discover_packages(ignore) using defaults
[0.253s] Level 1:colcon.colcon_core.package_discovery:discover_packages(path) discover
[0.253s] Level 1:colcon.colcon_core.package_discovery:discover_packages(path) using defaults
[0.294s] Level 1:colcon.colcon_core.package_discovery:discover_packages(prefix_path) check parameters
[0.294s] Level 1:colcon.colcon_core.package_discovery:discover_packages(prefix_path) discover
[0.298s] DEBUG:colcon.colcon_installed_package_information.package_discovery:Found 264 installed packages in /opt/ros/foxy
[0.300s] Level 1:colcon.colcon_core.package_discovery:discover_packages(prefix_path) using defaults
[0.396s] Level 5:colcon.colcon_core.verb:set package 'cpp_gap_follow' build argument 'cmake_args' from command line to 'None'
[0.396s] Level 5:colcon.colcon_core.verb:set package 'cpp_gap_follow' build argument 'cmake_target' from command line to 'None'
[0.396s] Level 5:colcon.colcon_core.verb:set package 'cpp_gap_follow' build argument 'cmake_target_skip_unavailable' from command line to 'False'
[0.396s] Level 5:colcon.colcon_core.verb:set package 'cpp_gap_follow' build argument 'cmake_clean_cache' from command line to 'False'
[0.396s] Level 5:colcon.colcon_core.verb:set package 'cpp_gap_follow' build argument 'cmake_clean_first' from command line to 'False'
[0.396s] Level 5:colcon.colcon_core.verb:set package 'cpp_gap_follow' build argument 'cmake_force_configure' from command line to 'False'
[0.396s] Level 5:colcon.colcon_core.verb:set package 'cpp_gap_follow' build argument 'ament_cmake_args' from command line to 'None'
[0.396s] Level 5:colcon.colcon_core.verb:set package 'cpp_gap_follow' build argument 'catkin_cmake_args' from command line to 'None'
[0.396s] Level 5:colcon.colcon_core.verb:set package 'cpp_gap_follow' build argument 'catkin_skip_building_tests' from command line to 'False'
[0.396s] DEBUG:colcon.colcon_core.verb:Building package 'cpp_gap_follow' with the following arguments: {'ament_cmake_args': None, 'build_base': '/home/jjaffe27/dev_f1tenth_ws/src/cpp_gap_follow/build/cpp_gap_follow', 'catkin_cmake_args': None, 'catkin_skip_building_tests': False, 'cmake_args': None, 'cmake_clean_cache': False, 'cmake_clean_first': False, 'cmake_force_configure': False, 'cmake_target': None, 'cmake_target_skip_unavailable': False, 'install_base': '/home/jjaffe27/dev_f1tenth_ws/src/cpp_gap_follow/install/cpp_gap_follow', 'merge_install': False, 'path': '/home/jjaffe27/dev_f1tenth_ws/src/cpp_gap_follow', 'symlink_install': False, 'test_result_base': None}
[0.397s] INFO:colcon.colcon_core.executor:Executing jobs using 'parallel' executor
[0.402s] DEBUG:colcon.colcon_parallel_executor.executor.parallel:run_until_complete
[0.403s] INFO:colcon.colcon_ros.task.ament_cmake.build:Building ROS package in '/home/jjaffe27/dev_f1tenth_ws/src/cpp_gap_follow' with build type 'ament_cmake'
[0.403s] INFO:colcon.colcon_cmake.task.cmake.build:Building CMake package in '/home/jjaffe27/dev_f1tenth_ws/src/cpp_gap_follow'
[0.408s] INFO:colcon.colcon_core.plugin_system:Skipping extension 'colcon_core.shell.bat': Not used on non-Windows systems
[0.409s] INFO:colcon.colcon_core.shell:Skip shell extension 'powershell' for command environment: Not usable outside of PowerShell
[0.409s] DEBUG:colcon.colcon_core.shell:Skip shell extension 'dsv' for command environment
[0.425s] DEBUG:colcon.colcon_core.event_handler.log_command:Invoking command in '/home/jjaffe27/dev_f1tenth_ws/src/cpp_gap_follow/build/cpp_gap_follow': CMAKE_PREFIX_PATH=/opt/ros/foxy /usr/bin/cmake --build /home/jjaffe27/dev_f1tenth_ws/src/cpp_gap_follow/build/cpp_gap_follow -- -j4 -l4
[8.208s] DEBUG:colcon.colcon_core.event_handler.log_command:Invoked command in '/home/jjaffe27/dev_f1tenth_ws/src/cpp_gap_follow/build/cpp_gap_follow' returned '0': CMAKE_PREFIX_PATH=/opt/ros/foxy /usr/bin/cmake --build /home/jjaffe27/dev_f1tenth_ws/src/cpp_gap_follow/build/cpp_gap_follow -- -j4 -l4
[8.263s] DEBUG:colcon.colcon_core.event_handler.log_command:Invoking command in '/home/jjaffe27/dev_f1tenth_ws/src/cpp_gap_follow/build/cpp_gap_follow': CMAKE_PREFIX_PATH=/opt/ros/foxy /usr/bin/cmake --install /home/jjaffe27/dev_f1tenth_ws/src/cpp_gap_follow/build/cpp_gap_follow
[8.299s] Level 1:colcon.colcon_core.environment:create_environment_scripts_only(cpp_gap_follow)
[8.301s] DEBUG:colcon.colcon_core.event_handler.log_command:Invoked command in '/home/jjaffe27/dev_f1tenth_ws/src/cpp_gap_follow/build/cpp_gap_follow' returned '0': CMAKE_PREFIX_PATH=/opt/ros/foxy /usr/bin/cmake --install /home/jjaffe27/dev_f1tenth_ws/src/cpp_gap_follow/build/cpp_gap_follow
[8.309s] Level 1:colcon.colcon_core.environment:checking '/home/jjaffe27/dev_f1tenth_ws/src/cpp_gap_follow/install/cpp_gap_follow' for CMake module files
[8.310s] Level 1:colcon.colcon_core.environment:checking '/home/jjaffe27/dev_f1tenth_ws/src/cpp_gap_follow/install/cpp_gap_follow' for CMake config files
[8.311s] Level 1:colcon.colcon_core.shell:create_environment_hook('cpp_gap_follow', 'cmake_prefix_path')
[8.315s] INFO:colcon.colcon_core.shell:Creating environment hook '/home/jjaffe27/dev_f1tenth_ws/src/cpp_gap_follow/install/cpp_gap_follow/share/cpp_gap_follow/hook/cmake_prefix_path.ps1'
[8.316s] INFO:colcon.colcon_core.shell:Creating environment descriptor '/home/jjaffe27/dev_f1tenth_ws/src/cpp_gap_follow/install/cpp_gap_follow/share/cpp_gap_follow/hook/cmake_prefix_path.dsv'
[8.317s] INFO:colcon.colcon_core.shell:Creating environment hook '/home/jjaffe27/dev_f1tenth_ws/src/cpp_gap_follow/install/cpp_gap_follow/share/cpp_gap_follow/hook/cmake_prefix_path.sh'
[8.320s] Level 1:colcon.colcon_core.environment:checking '/home/jjaffe27/dev_f1tenth_ws/src/cpp_gap_follow/install/cpp_gap_follow/lib'
[8.320s] Level 1:colcon.colcon_core.environment:checking '/home/jjaffe27/dev_f1tenth_ws/src/cpp_gap_follow/install/cpp_gap_follow/bin'
[8.320s] Level 1:colcon.colcon_core.environment:checking '/home/jjaffe27/dev_f1tenth_ws/src/cpp_gap_follow/install/cpp_gap_follow/lib/pkgconfig/cpp_gap_follow.pc'
[8.321s] Level 1:colcon.colcon_core.environment:checking '/home/jjaffe27/dev_f1tenth_ws/src/cpp_gap_follow/install/cpp_gap_follow/lib/python3.8/site-packages'
[8.321s] Level 1:colcon.colcon_core.environment:checking '/home/jjaffe27/dev_f1tenth_ws/src/cpp_gap_follow/install/cpp_gap_follow/bin'
[8.325s] INFO:colcon.colcon_core.shell:Creating package script '/home/jjaffe27/dev_f1tenth_ws/src/cpp_gap_follow/install/cpp_gap_follow/share/cpp_gap_follow/package.ps1'
[8.327s] INFO:colcon.colcon_core.shell:Creating package descriptor '/home/jjaffe27/dev_f1tenth_ws/src/cpp_gap_follow/install/cpp_gap_follow/share/cpp_gap_follow/package.dsv'
[8.328s] INFO:colcon.colcon_core.shell:Creating package script '/home/jjaffe27/dev_f1tenth_ws/src/cpp_gap_follow/install/cpp_gap_follow/share/cpp_gap_follow/package.sh'
[8.330s] INFO:colcon.colcon_core.shell:Creating package script '/home/jjaffe27/dev_f1tenth_ws/src/cpp_gap_follow/install/cpp_gap_follow/share/cpp_gap_follow/package.bash'
[8.332s] INFO:colcon.colcon_core.shell:Creating package script '/home/jjaffe27/dev_f1tenth_ws/src/cpp_gap_follow/install/cpp_gap_follow/share/cpp_gap_follow/package.zsh'
[8.334s] Level 1:colcon.colcon_core.environment:create_file_with_runtime_dependencies(/home/jjaffe27/dev_f1tenth_ws/src/cpp_gap_follow/install/cpp_gap_follow/share/colcon-core/packages/cpp_gap_follow)
[8.409s] Level 1:colcon.colcon_core.environment:create_environment_scripts_only(cpp_gap_follow)
[8.417s] Level 1:colcon.colcon_core.environment:checking '/home/jjaffe27/dev_f1tenth_ws/src/cpp_gap_follow/install/cpp_gap_follow' for CMake module files
[8.419s] Level 1:colcon.colcon_core.environment:checking '/home/jjaffe27/dev_f1tenth_ws/src/cpp_gap_follow/install/cpp_gap_follow' for CMake config files
[8.420s] Level 1:colcon.colcon_core.shell:create_environment_hook('cpp_gap_follow', 'cmake_prefix_path')
[8.423s] INFO:colcon.colcon_core.shell:Creating environment hook '/home/jjaffe27/dev_f1tenth_ws/src/cpp_gap_follow/install/cpp_gap_follow/share/cpp_gap_follow/hook/cmake_prefix_path.ps1'
[8.425s] INFO:colcon.colcon_core.shell:Creating environment descriptor '/home/jjaffe27/dev_f1tenth_ws/src/cpp_gap_follow/install/cpp_gap_follow/share/cpp_gap_follow/hook/cmake_prefix_path.dsv'
[8.426s] INFO:colcon.colcon_core.shell:Creating environment hook '/home/jjaffe27/dev_f1tenth_ws/src/cpp_gap_follow/install/cpp_gap_follow/share/cpp_gap_follow/hook/cmake_prefix_path.sh'
[8.428s] Level 1:colcon.colcon_core.environment:checking '/home/jjaffe27/dev_f1tenth_ws/src/cpp_gap_follow/install/cpp_gap_follow/lib'
[8.428s] Level 1:colcon.colcon_core.environment:checking '/home/jjaffe27/dev_f1tenth_ws/src/cpp_gap_follow/install/cpp_gap_follow/bin'
[8.428s] Level 1:colcon.colcon_core.environment:checking '/home/jjaffe27/dev_f1tenth_ws/src/cpp_gap_follow/install/cpp_gap_follow/lib/pkgconfig/cpp_gap_follow.pc'
[8.429s] Level 1:colcon.colcon_core.environment:checking '/home/jjaffe27/dev_f1tenth_ws/src/cpp_gap_follow/install/cpp_gap_follow/lib/python3.8/site-packages'
[8.430s] Level 1:colcon.colcon_core.environment:checking '/home/jjaffe27/dev_f1tenth_ws/src/cpp_gap_follow/install/cpp_gap_follow/bin'
[8.434s] INFO:colcon.colcon_core.shell:Creating package script '/home/jjaffe27/dev_f1tenth_ws/src/cpp_gap_follow/install/cpp_gap_follow/share/cpp_gap_follow/package.ps1'
[8.436s] INFO:colcon.colcon_core.shell:Creating package descriptor '/home/jjaffe27/dev_f1tenth_ws/src/cpp_gap_follow/install/cpp_gap_follow/share/cpp_gap_follow/package.dsv'
[8.437s] INFO:colcon.colcon_core.shell:Creating package script '/home/jjaffe27/dev_f1tenth_ws/src/cpp_gap_follow/install/cpp_gap_follow/share/cpp_gap_follow/package.sh'
[8.438s] INFO:colcon.colcon_core.shell:Creating package script '/home/jjaffe27/dev_f1tenth_ws/src/cpp_gap_follow/install/cpp_gap_follow/share/cpp_gap_follow/package.bash'
[8.439s] INFO:colcon.colcon_core.shell:Creating package script '/home/jjaffe27/dev_f1tenth_ws/src/cpp_gap_follow/install/cpp_gap_follow/share/cpp_gap_follow/package.zsh'
[8.440s] Level 1:colcon.colcon_core.environment:create_file_with_runtime_dependencies(/home/jjaffe27/dev_f1tenth_ws/src/cpp_gap_follow/install/cpp_gap_follow/share/colcon-core/packages/cpp_gap_follow)
[8.441s] DEBUG:colcon.colcon_parallel_executor.executor.parallel:closing loop
[8.442s] DEBUG:colcon.colcon_parallel_executor.executor.parallel:loop closed
[8.442s] DEBUG:colcon.colcon_parallel_executor.executor.parallel:run_until_complete finished with '0'
[8.443s] DEBUG:colcon.colcon_core.event_reactor:joining thread
[8.456s] INFO:colcon.colcon_core.plugin_system:Skipping extension 'colcon_notification.desktop_notification.terminal_notifier': Not used on non-Darwin systems
[8.456s] INFO:colcon.colcon_core.plugin_system:Skipping extension 'colcon_notification.desktop_notification.win32': Not used on non-Windows systems
[8.456s] INFO:colcon.colcon_notification.desktop_notification:Sending desktop notification using 'notify2'
[8.492s] DEBUG:colcon.colcon_core.event_reactor:joined thread
[8.497s] INFO:colcon.colcon_core.shell:Creating prefix script '/home/jjaffe27/dev_f1tenth_ws/src/cpp_gap_follow/install/local_setup.ps1'
[8.500s] INFO:colcon.colcon_core.shell:Creating prefix util module '/home/jjaffe27/dev_f1tenth_ws/src/cpp_gap_follow/install/_local_setup_util_ps1.py'
[8.504s] INFO:colcon.colcon_core.shell:Creating prefix chain script '/home/jjaffe27/dev_f1tenth_ws/src/cpp_gap_follow/install/setup.ps1'
[8.507s] INFO:colcon.colcon_core.shell:Creating prefix script '/home/jjaffe27/dev_f1tenth_ws/src/cpp_gap_follow/install/local_setup.sh'
[8.507s] INFO:colcon.colcon_core.shell:Creating prefix util module '/home/jjaffe27/dev_f1tenth_ws/src/cpp_gap_follow/install/_local_setup_util_sh.py'
[8.508s] INFO:colcon.colcon_core.shell:Creating prefix chain script '/home/jjaffe27/dev_f1tenth_ws/src/cpp_gap_follow/install/setup.sh'
[8.511s] INFO:colcon.colcon_core.shell:Creating prefix script '/home/jjaffe27/dev_f1tenth_ws/src/cpp_gap_follow/install/local_setup.bash'
[8.512s] INFO:colcon.colcon_core.shell:Creating prefix chain script '/home/jjaffe27/dev_f1tenth_ws/src/cpp_gap_follow/install/setup.bash'
[8.514s] INFO:colcon.colcon_core.shell:Creating prefix script '/home/jjaffe27/dev_f1tenth_ws/src/cpp_gap_follow/install/local_setup.zsh'
[8.514s] INFO:colcon.colcon_core.shell:Creating prefix chain script '/home/jjaffe27/dev_f1tenth_ws/src/cpp_gap_follow/install/setup.zsh'
