[2.062s] Invoking command in '/home/jjaffe27/dev_f1tenth_ws/src/gap_follow': PYTHONPATH=/home/jjaffe27/dev_f1tenth_ws/src/install/gap_follow/lib/python3.8/site-packages:${PYTHONPATH} /usr/bin/python3 setup.py egg_info --egg-base ../build/gap_follow build --build-base /home/jjaffe27/dev_f1tenth_ws/src/build/gap_follow/build install --prefix /home/jjaffe27/dev_f1tenth_ws/src/install/gap_follow --record /home/jjaffe27/dev_f1tenth_ws/src/build/gap_follow/install.log --single-version-externally-managed
[2.599s] running egg_info
[2.600s] creating ../build/gap_follow/gap_follow.egg-info
[2.600s] writing ../build/gap_follow/gap_follow.egg-info/PKG-INFO
[2.600s] writing dependency_links to ../build/gap_follow/gap_follow.egg-info/dependency_links.txt
[2.600s] writing entry points to ../build/gap_follow/gap_follow.egg-info/entry_points.txt
[2.601s] writing requirements to ../build/gap_follow/gap_follow.egg-info/requires.txt
[2.601s] writing top-level names to ../build/gap_follow/gap_follow.egg-info/top_level.txt
[2.603s] writing manifest file '../build/gap_follow/gap_follow.egg-info/SOURCES.txt'
[2.686s] reading manifest file '../build/gap_follow/gap_follow.egg-info/SOURCES.txt'
[2.688s] writing manifest file '../build/gap_follow/gap_follow.egg-info/SOURCES.txt'
[2.688s] running build
[2.688s] running build_py
[2.689s] creating /home/jjaffe27/dev_f1tenth_ws/src/build/gap_follow/build
[2.696s] creating /home/jjaffe27/dev_f1tenth_ws/src/build/gap_follow/build/lib
[2.696s] creating /home/jjaffe27/dev_f1tenth_ws/src/build/gap_follow/build/lib/gap_follow
[2.696s] copying gap_follow/reactive_gap_follow.py -> /home/jjaffe27/dev_f1tenth_ws/src/build/gap_follow/build/lib/gap_follow
[2.697s] copying gap_follow/__init__.py -> /home/jjaffe27/dev_f1tenth_ws/src/build/gap_follow/build/lib/gap_follow
[2.697s] running install
[2.698s] running install_lib
[2.700s] creating /home/jjaffe27/dev_f1tenth_ws/src/install/gap_follow/lib/python3.8/site-packages/gap_follow
[2.700s] copying /home/jjaffe27/dev_f1tenth_ws/src/build/gap_follow/build/lib/gap_follow/reactive_gap_follow.py -> /home/jjaffe27/dev_f1tenth_ws/src/install/gap_follow/lib/python3.8/site-packages/gap_follow
[2.701s] copying /home/jjaffe27/dev_f1tenth_ws/src/build/gap_follow/build/lib/gap_follow/__init__.py -> /home/jjaffe27/dev_f1tenth_ws/src/install/gap_follow/lib/python3.8/site-packages/gap_follow
[2.702s] byte-compiling /home/jjaffe27/dev_f1tenth_ws/src/install/gap_follow/lib/python3.8/site-packages/gap_follow/reactive_gap_follow.py to reactive_gap_follow.cpython-38.pyc
[2.708s] byte-compiling /home/jjaffe27/dev_f1tenth_ws/src/install/gap_follow/lib/python3.8/site-packages/gap_follow/__init__.py to __init__.cpython-38.pyc
[2.708s] running install_data
[2.709s] creating /home/jjaffe27/dev_f1tenth_ws/src/install/gap_follow/share/ament_index
[2.710s] creating /home/jjaffe27/dev_f1tenth_ws/src/install/gap_follow/share/ament_index/resource_index
[2.710s] creating /home/jjaffe27/dev_f1tenth_ws/src/install/gap_follow/share/ament_index/resource_index/packages
[2.710s] copying resource/gap_follow -> /home/jjaffe27/dev_f1tenth_ws/src/install/gap_follow/share/ament_index/resource_index/packages
[2.711s] copying package.xml -> /home/jjaffe27/dev_f1tenth_ws/src/install/gap_follow/share/gap_follow
[2.711s] running install_egg_info
[2.716s] Copying ../build/gap_follow/gap_follow.egg-info to /home/jjaffe27/dev_f1tenth_ws/src/install/gap_follow/lib/python3.8/site-packages/gap_follow-0.0.0-py3.8.egg-info
[2.720s] running install_scripts
[2.765s] Installing reactive_gap_follow script to /home/jjaffe27/dev_f1tenth_ws/src/install/gap_follow/lib/gap_follow
[2.766s] writing list of installed files to '/home/jjaffe27/dev_f1tenth_ws/src/build/gap_follow/install.log'
[2.836s] Invoked command in '/home/jjaffe27/dev_f1tenth_ws/src/gap_follow' returned '0': PYTHONPATH=/home/jjaffe27/dev_f1tenth_ws/src/install/gap_follow/lib/python3.8/site-packages:${PYTHONPATH} /usr/bin/python3 setup.py egg_info --egg-base ../build/gap_follow build --build-base /home/jjaffe27/dev_f1tenth_ws/src/build/gap_follow/build install --prefix /home/jjaffe27/dev_f1tenth_ws/src/install/gap_follow --record /home/jjaffe27/dev_f1tenth_ws/src/build/gap_follow/install.log --single-version-externally-managed
