[1.361s] Invoking command in '/home/jjaffe27/dev_f1tenth_ws/src/path': PYTHONPATH=/home/jjaffe27/dev_f1tenth_ws/src/path/install/path/lib/python3.8/site-packages:${PYTHONPATH} /usr/bin/python3 setup.py egg_info --egg-base build/path build --build-base /home/jjaffe27/dev_f1tenth_ws/src/path/build/path/build install --prefix /home/jjaffe27/dev_f1tenth_ws/src/path/install/path --record /home/jjaffe27/dev_f1tenth_ws/src/path/build/path/install.log --single-version-externally-managed
[1.809s] running egg_info
[1.810s] writing build/path/path.egg-info/PKG-INFO
[1.811s] writing dependency_links to build/path/path.egg-info/dependency_links.txt
[1.811s] writing entry points to build/path/path.egg-info/entry_points.txt
[1.811s] writing requirements to build/path/path.egg-info/requires.txt
[1.812s] writing top-level names to build/path/path.egg-info/top_level.txt
[1.892s] reading manifest file 'build/path/path.egg-info/SOURCES.txt'
[1.894s] writing manifest file 'build/path/path.egg-info/SOURCES.txt'
[1.894s] running build
[1.895s] running build_py
[1.895s] copying path/waypoints.py -> /home/jjaffe27/dev_f1tenth_ws/src/path/build/path/build/lib/path
[1.895s] running install
[1.896s] running install_lib
[1.898s] copying /home/jjaffe27/dev_f1tenth_ws/src/path/build/path/build/lib/path/waypoints.py -> /home/jjaffe27/dev_f1tenth_ws/src/path/install/path/lib/python3.8/site-packages/path
[1.899s] byte-compiling /home/jjaffe27/dev_f1tenth_ws/src/path/install/path/lib/python3.8/site-packages/path/waypoints.py to waypoints.cpython-38.pyc
[1.902s] running install_data
[1.903s] running install_egg_info
[1.907s] removing '/home/jjaffe27/dev_f1tenth_ws/src/path/install/path/lib/python3.8/site-packages/path-0.0.0-py3.8.egg-info' (and everything under it)
[1.908s] Copying build/path/path.egg-info to /home/jjaffe27/dev_f1tenth_ws/src/path/install/path/lib/python3.8/site-packages/path-0.0.0-py3.8.egg-info
[1.910s] running install_scripts
[1.948s] Installing waypoints script to /home/jjaffe27/dev_f1tenth_ws/src/path/install/path/lib/path
[1.949s] writing list of installed files to '/home/jjaffe27/dev_f1tenth_ws/src/path/build/path/install.log'
[2.007s] Invoked command in '/home/jjaffe27/dev_f1tenth_ws/src/path' returned '0': PYTHONPATH=/home/jjaffe27/dev_f1tenth_ws/src/path/install/path/lib/python3.8/site-packages:${PYTHONPATH} /usr/bin/python3 setup.py egg_info --egg-base build/path build --build-base /home/jjaffe27/dev_f1tenth_ws/src/path/build/path/build install --prefix /home/jjaffe27/dev_f1tenth_ws/src/path/install/path --record /home/jjaffe27/dev_f1tenth_ws/src/path/build/path/install.log --single-version-externally-managed
