[0.218s] DEBUG:colcon:Command line arguments: ['/usr/bin/colcon', 'build']
[0.218s] DEBUG:colcon:Parsed command line arguments: Namespace(allow_overriding=[], ament_cmake_args=None, base_paths=['.'], build_base='build', catkin_cmake_args=None, catkin_skip_building_tests=False, cmake_args=None, cmake_clean_cache=False, cmake_clean_first=False, cmake_force_configure=False, cmake_target=None, cmake_target_skip_unavailable=False, continue_on_error=False, event_handlers=None, executor='parallel', ignore_user_meta=False, install_base='install', log_base=None, log_level=None, main=<bound method BuildVerb.main of <colcon_core.verb.build.BuildVerb object at 0x7f7074ff7a90>>, merge_install=False, metas=['./colcon.meta'], packages_above=None, packages_above_and_dependencies=None, packages_above_depth=None, packages_end=None, packages_ignore=None, packages_ignore_regex=None, packages_select=None, packages_select_build_failed=False, packages_select_by_dep=None, packages_select_regex=None, packages_select_test_failures=False, packages_skip=None, packages_skip_build_finished=False, packages_skip_by_dep=None, packages_skip_regex=None, packages_skip_test_passed=False, packages_skip_up_to=None, packages_start=None, packages_up_to=None, packages_up_to_regex=None, parallel_workers=4, paths=None, symlink_install=False, test_result_base=None, verb_extension=<colcon_core.verb.build.BuildVerb object at 0x7f7074ff7a90>, verb_name='build', verb_parser=<colcon_defaults.argument_parser.defaults.DefaultArgumentsDecorator object at 0x7f7075000040>)
[0.256s] Level 1:colcon.colcon_core.package_discovery:discover_packages(colcon_meta) check parameters
[0.256s] Level 1:colcon.colcon_core.package_discovery:discover_packages(recursive) check parameters
[0.256s] Level 1:colcon.colcon_core.package_discovery:discover_packages(ignore) check parameters
[0.256s] Level 1:colcon.colcon_core.package_discovery:discover_packages(path) check parameters
[0.256s] Level 1:colcon.colcon_core.package_discovery:discover_packages(colcon_meta) discover
[0.256s] Level 1:colcon.colcon_core.package_discovery:discover_packages(recursive) discover
[0.256s] INFO:colcon.colcon_core.package_discovery:Crawling recursively for packages in '/home/jjaffe27/dev_f1tenth_ws/src/pursuit'
[0.257s] Level 1:colcon.colcon_core.package_identification:_identify(.) by extensions ['ignore', 'ignore_ament_install']
[0.257s] Level 1:colcon.colcon_core.package_identification:_identify(.) by extension 'ignore'
[0.257s] Level 1:colcon.colcon_core.package_identification:_identify(.) by extension 'ignore_ament_install'
[0.257s] Level 1:colcon.colcon_core.package_identification:_identify(.) by extensions ['colcon_pkg']
[0.257s] Level 1:colcon.colcon_core.package_identification:_identify(.) by extension 'colcon_pkg'
[0.257s] Level 1:colcon.colcon_core.package_identification:_identify(.) by extensions ['colcon_meta']
[0.257s] Level 1:colcon.colcon_core.package_identification:_identify(.) by extension 'colcon_meta'
[0.257s] Level 1:colcon.colcon_core.package_identification:_identify(.) by extensions ['ros']
[0.257s] Level 1:colcon.colcon_core.package_identification:_identify(.) by extension 'ros'
[0.275s] DEBUG:colcon.colcon_core.package_identification:Package '.' with type 'ros.ament_python' and name 'pursuit'
[0.275s] Level 1:colcon.colcon_core.package_discovery:discover_packages(recursive) using defaults
[0.275s] Level 1:colcon.colcon_core.package_discovery:discover_packages(ignore) discover
[0.275s] Level 1:colcon.colcon_core.package_discovery:discover_packages(ignore) using defaults
[0.275s] Level 1:colcon.colcon_core.package_discovery:discover_packages(path) discover
[0.276s] Level 1:colcon.colcon_core.package_discovery:discover_packages(path) using defaults
[0.324s] Level 1:colcon.colcon_core.package_discovery:discover_packages(prefix_path) check parameters
[0.324s] Level 1:colcon.colcon_core.package_discovery:discover_packages(prefix_path) discover
[0.330s] DEBUG:colcon.colcon_installed_package_information.package_discovery:Found 1 installed packages in /home/jjaffe27/dev_f1tenth_ws/src/pursuit/install
[0.331s] DEBUG:colcon.colcon_installed_package_information.package_discovery:Found 1 installed packages in /home/jjaffe27/dev_f1tenth_ws/src/gap_follow/install
[0.333s] DEBUG:colcon.colcon_installed_package_information.package_discovery:Found 1 installed packages in /home/jjaffe27/dev_f1tenth_ws/src/path/install
[0.336s] DEBUG:colcon.colcon_installed_package_information.package_discovery:Found 264 installed packages in /opt/ros/foxy
[0.338s] Level 1:colcon.colcon_core.package_discovery:discover_packages(prefix_path) using defaults
[0.439s] Level 5:colcon.colcon_core.verb:set package 'pursuit' build argument 'cmake_args' from command line to 'None'
[0.439s] Level 5:colcon.colcon_core.verb:set package 'pursuit' build argument 'cmake_target' from command line to 'None'
[0.439s] Level 5:colcon.colcon_core.verb:set package 'pursuit' build argument 'cmake_target_skip_unavailable' from command line to 'False'
[0.439s] Level 5:colcon.colcon_core.verb:set package 'pursuit' build argument 'cmake_clean_cache' from command line to 'False'
[0.439s] Level 5:colcon.colcon_core.verb:set package 'pursuit' build argument 'cmake_clean_first' from command line to 'False'
[0.439s] Level 5:colcon.colcon_core.verb:set package 'pursuit' build argument 'cmake_force_configure' from command line to 'False'
[0.439s] Level 5:colcon.colcon_core.verb:set package 'pursuit' build argument 'ament_cmake_args' from command line to 'None'
[0.439s] Level 5:colcon.colcon_core.verb:set package 'pursuit' build argument 'catkin_cmake_args' from command line to 'None'
[0.439s] Level 5:colcon.colcon_core.verb:set package 'pursuit' build argument 'catkin_skip_building_tests' from command line to 'False'
[0.439s] DEBUG:colcon.colcon_core.verb:Building package 'pursuit' with the following arguments: {'ament_cmake_args': None, 'build_base': '/home/jjaffe27/dev_f1tenth_ws/src/pursuit/build/pursuit', 'catkin_cmake_args': None, 'catkin_skip_building_tests': False, 'cmake_args': None, 'cmake_clean_cache': False, 'cmake_clean_first': False, 'cmake_force_configure': False, 'cmake_target': None, 'cmake_target_skip_unavailable': False, 'install_base': '/home/jjaffe27/dev_f1tenth_ws/src/pursuit/install/pursuit', 'merge_install': False, 'path': '/home/jjaffe27/dev_f1tenth_ws/src/pursuit', 'symlink_install': False, 'test_result_base': None}
[0.440s] INFO:colcon.colcon_core.executor:Executing jobs using 'parallel' executor
[0.446s] DEBUG:colcon.colcon_parallel_executor.executor.parallel:run_until_complete
[0.446s] INFO:colcon.colcon_ros.task.ament_python.build:Building ROS package in '/home/jjaffe27/dev_f1tenth_ws/src/pursuit' with build type 'ament_python'
[0.446s] Level 1:colcon.colcon_core.shell:create_environment_hook('pursuit', 'ament_prefix_path')
[0.452s] INFO:colcon.colcon_core.plugin_system:Skipping extension 'colcon_core.shell.bat': Not used on non-Windows systems
[0.453s] INFO:colcon.colcon_core.shell:Creating environment hook '/home/jjaffe27/dev_f1tenth_ws/src/pursuit/install/pursuit/share/pursuit/hook/ament_prefix_path.ps1'
[0.453s] INFO:colcon.colcon_core.shell:Creating environment descriptor '/home/jjaffe27/dev_f1tenth_ws/src/pursuit/install/pursuit/share/pursuit/hook/ament_prefix_path.dsv'
[0.454s] INFO:colcon.colcon_core.shell:Creating environment hook '/home/jjaffe27/dev_f1tenth_ws/src/pursuit/install/pursuit/share/pursuit/hook/ament_prefix_path.sh'
[0.457s] INFO:colcon.colcon_core.shell:Skip shell extension 'powershell' for command environment: Not usable outside of PowerShell
[0.457s] DEBUG:colcon.colcon_core.shell:Skip shell extension 'dsv' for command environment
[0.797s] INFO:colcon.colcon_core.task.python.build:Building Python package in '/home/jjaffe27/dev_f1tenth_ws/src/pursuit'
[0.800s] INFO:colcon.colcon_core.shell:Skip shell extension 'powershell' for command environment: Not usable outside of PowerShell
[0.800s] DEBUG:colcon.colcon_core.shell:Skip shell extension 'dsv' for command environment
[1.357s] DEBUG:colcon.colcon_core.event_handler.log_command:Invoking command in '/home/jjaffe27/dev_f1tenth_ws/src/pursuit': PYTHONPATH=/home/jjaffe27/dev_f1tenth_ws/src/pursuit/install/pursuit/lib/python3.8/site-packages:${PYTHONPATH} /usr/bin/python3 setup.py egg_info --egg-base build/pursuit build --build-base /home/jjaffe27/dev_f1tenth_ws/src/pursuit/build/pursuit/build install --prefix /home/jjaffe27/dev_f1tenth_ws/src/pursuit/install/pursuit --record /home/jjaffe27/dev_f1tenth_ws/src/pursuit/build/pursuit/install.log --single-version-externally-managed
[1.783s] DEBUG:colcon.colcon_core.event_handler.log_command:Invoked command in '/home/jjaffe27/dev_f1tenth_ws/src/pursuit' returned '0': PYTHONPATH=/home/jjaffe27/dev_f1tenth_ws/src/pursuit/install/pursuit/lib/python3.8/site-packages:${PYTHONPATH} /usr/bin/python3 setup.py egg_info --egg-base build/pursuit build --build-base /home/jjaffe27/dev_f1tenth_ws/src/pursuit/build/pursuit/build install --prefix /home/jjaffe27/dev_f1tenth_ws/src/pursuit/install/pursuit --record /home/jjaffe27/dev_f1tenth_ws/src/pursuit/build/pursuit/install.log --single-version-externally-managed
[1.793s] Level 1:colcon.colcon_core.environment:checking '/home/jjaffe27/dev_f1tenth_ws/src/pursuit/install/pursuit' for CMake module files
[1.794s] Level 1:colcon.colcon_core.environment:checking '/home/jjaffe27/dev_f1tenth_ws/src/pursuit/install/pursuit' for CMake config files
[1.795s] Level 1:colcon.colcon_core.environment:checking '/home/jjaffe27/dev_f1tenth_ws/src/pursuit/install/pursuit/lib'
[1.795s] Level 1:colcon.colcon_core.environment:checking '/home/jjaffe27/dev_f1tenth_ws/src/pursuit/install/pursuit/bin'
[1.795s] Level 1:colcon.colcon_core.environment:checking '/home/jjaffe27/dev_f1tenth_ws/src/pursuit/install/pursuit/lib/pkgconfig/pursuit.pc'
[1.796s] Level 1:colcon.colcon_core.environment:checking '/home/jjaffe27/dev_f1tenth_ws/src/pursuit/install/pursuit/lib/python3.8/site-packages'
[1.796s] Level 1:colcon.colcon_core.shell:create_environment_hook('pursuit', 'pythonpath')
[1.798s] INFO:colcon.colcon_core.shell:Creating environment hook '/home/jjaffe27/dev_f1tenth_ws/src/pursuit/install/pursuit/share/pursuit/hook/pythonpath.ps1'
[1.799s] INFO:colcon.colcon_core.shell:Creating environment descriptor '/home/jjaffe27/dev_f1tenth_ws/src/pursuit/install/pursuit/share/pursuit/hook/pythonpath.dsv'
[1.799s] INFO:colcon.colcon_core.shell:Creating environment hook '/home/jjaffe27/dev_f1tenth_ws/src/pursuit/install/pursuit/share/pursuit/hook/pythonpath.sh'
[1.800s] Level 1:colcon.colcon_core.environment:checking '/home/jjaffe27/dev_f1tenth_ws/src/pursuit/install/pursuit/bin'
[1.800s] Level 1:colcon.colcon_core.environment:create_environment_scripts_only(pursuit)
[1.803s] INFO:colcon.colcon_core.shell:Creating package script '/home/jjaffe27/dev_f1tenth_ws/src/pursuit/install/pursuit/share/pursuit/package.ps1'
[1.804s] INFO:colcon.colcon_core.shell:Creating package descriptor '/home/jjaffe27/dev_f1tenth_ws/src/pursuit/install/pursuit/share/pursuit/package.dsv'
[1.805s] INFO:colcon.colcon_core.shell:Creating package script '/home/jjaffe27/dev_f1tenth_ws/src/pursuit/install/pursuit/share/pursuit/package.sh'
[1.806s] INFO:colcon.colcon_core.shell:Creating package script '/home/jjaffe27/dev_f1tenth_ws/src/pursuit/install/pursuit/share/pursuit/package.bash'
[1.807s] INFO:colcon.colcon_core.shell:Creating package script '/home/jjaffe27/dev_f1tenth_ws/src/pursuit/install/pursuit/share/pursuit/package.zsh'
[1.809s] Level 1:colcon.colcon_core.environment:create_file_with_runtime_dependencies(/home/jjaffe27/dev_f1tenth_ws/src/pursuit/install/pursuit/share/colcon-core/packages/pursuit)
[1.809s] DEBUG:colcon.colcon_parallel_executor.executor.parallel:closing loop
[1.810s] DEBUG:colcon.colcon_parallel_executor.executor.parallel:loop closed
[1.810s] DEBUG:colcon.colcon_parallel_executor.executor.parallel:run_until_complete finished with '0'
[1.810s] DEBUG:colcon.colcon_core.event_reactor:joining thread
[1.820s] INFO:colcon.colcon_core.plugin_system:Skipping extension 'colcon_notification.desktop_notification.terminal_notifier': Not used on non-Darwin systems
[1.821s] INFO:colcon.colcon_core.plugin_system:Skipping extension 'colcon_notification.desktop_notification.win32': Not used on non-Windows systems
[1.821s] INFO:colcon.colcon_notification.desktop_notification:Sending desktop notification using 'notify2'
[1.847s] DEBUG:colcon.colcon_core.event_reactor:joined thread
[1.849s] INFO:colcon.colcon_core.shell:Creating prefix script '/home/jjaffe27/dev_f1tenth_ws/src/pursuit/install/local_setup.ps1'
[1.851s] INFO:colcon.colcon_core.shell:Creating prefix util module '/home/jjaffe27/dev_f1tenth_ws/src/pursuit/install/_local_setup_util_ps1.py'
[1.853s] INFO:colcon.colcon_core.shell:Creating prefix chain script '/home/jjaffe27/dev_f1tenth_ws/src/pursuit/install/setup.ps1'
[1.856s] INFO:colcon.colcon_core.shell:Creating prefix script '/home/jjaffe27/dev_f1tenth_ws/src/pursuit/install/local_setup.sh'
[1.857s] INFO:colcon.colcon_core.shell:Creating prefix util module '/home/jjaffe27/dev_f1tenth_ws/src/pursuit/install/_local_setup_util_sh.py'
[1.858s] INFO:colcon.colcon_core.shell:Creating prefix chain script '/home/jjaffe27/dev_f1tenth_ws/src/pursuit/install/setup.sh'
[1.860s] INFO:colcon.colcon_core.shell:Creating prefix script '/home/jjaffe27/dev_f1tenth_ws/src/pursuit/install/local_setup.bash'
[1.861s] INFO:colcon.colcon_core.shell:Creating prefix chain script '/home/jjaffe27/dev_f1tenth_ws/src/pursuit/install/setup.bash'
[1.863s] INFO:colcon.colcon_core.shell:Creating prefix script '/home/jjaffe27/dev_f1tenth_ws/src/pursuit/install/local_setup.zsh'
[1.864s] INFO:colcon.colcon_core.shell:Creating prefix chain script '/home/jjaffe27/dev_f1tenth_ws/src/pursuit/install/setup.zsh'
