[0.444s] DEBUG:colcon:Command line arguments: ['/usr/bin/colcon', 'build']
[0.445s] DEBUG:colcon:Parsed command line arguments: Namespace(allow_overriding=[], ament_cmake_args=None, base_paths=['.'], build_base='build', catkin_cmake_args=None, catkin_skip_building_tests=False, cmake_args=None, cmake_clean_cache=False, cmake_clean_first=False, cmake_force_configure=False, cmake_target=None, cmake_target_skip_unavailable=False, continue_on_error=False, event_handlers=None, executor='parallel', ignore_user_meta=False, install_base='install', log_base=None, log_level=None, main=<bound method BuildVerb.main of <colcon_core.verb.build.BuildVerb object at 0x7f12999afc40>>, merge_install=False, metas=['./colcon.meta'], packages_above=None, packages_above_and_dependencies=None, packages_above_depth=None, packages_end=None, packages_ignore=None, packages_ignore_regex=None, packages_select=None, packages_select_build_failed=False, packages_select_by_dep=None, packages_select_regex=None, packages_select_test_failures=False, packages_skip=None, packages_skip_build_finished=False, packages_skip_by_dep=None, packages_skip_regex=None, packages_skip_test_passed=False, packages_skip_up_to=None, packages_start=None, packages_up_to=None, packages_up_to_regex=None, parallel_workers=4, paths=None, symlink_install=False, test_result_base=None, verb_extension=<colcon_core.verb.build.BuildVerb object at 0x7f12999afc40>, verb_name='build', verb_parser=<colcon_defaults.argument_parser.defaults.DefaultArgumentsDecorator object at 0x7f12999361f0>)
[0.504s] Level 1:colcon.colcon_core.package_discovery:discover_packages(colcon_meta) check parameters
[0.504s] Level 1:colcon.colcon_core.package_discovery:discover_packages(recursive) check parameters
[0.505s] Level 1:colcon.colcon_core.package_discovery:discover_packages(ignore) check parameters
[0.505s] Level 1:colcon.colcon_core.package_discovery:discover_packages(path) check parameters
[0.505s] Level 1:colcon.colcon_core.package_discovery:discover_packages(colcon_meta) discover
[0.505s] Level 1:colcon.colcon_core.package_discovery:discover_packages(recursive) discover
[0.505s] INFO:colcon.colcon_core.package_discovery:Crawling recursively for packages in '/home/jjaffe27/dev_f1tenth_ws/src/gap_follow'
[0.505s] Level 1:colcon.colcon_core.package_identification:_identify(.) by extensions ['ignore', 'ignore_ament_install']
[0.506s] Level 1:colcon.colcon_core.package_identification:_identify(.) by extension 'ignore'
[0.506s] Level 1:colcon.colcon_core.package_identification:_identify(.) by extension 'ignore_ament_install'
[0.506s] Level 1:colcon.colcon_core.package_identification:_identify(.) by extensions ['colcon_pkg']
[0.506s] Level 1:colcon.colcon_core.package_identification:_identify(.) by extension 'colcon_pkg'
[0.506s] Level 1:colcon.colcon_core.package_identification:_identify(.) by extensions ['colcon_meta']
[0.507s] Level 1:colcon.colcon_core.package_identification:_identify(.) by extension 'colcon_meta'
[0.507s] Level 1:colcon.colcon_core.package_identification:_identify(.) by extensions ['ros']
[0.507s] Level 1:colcon.colcon_core.package_identification:_identify(.) by extension 'ros'
[0.534s] DEBUG:colcon.colcon_core.package_identification:Package '.' with type 'ros.ament_python' and name 'gap_follow'
[0.534s] Level 1:colcon.colcon_core.package_discovery:discover_packages(recursive) using defaults
[0.534s] Level 1:colcon.colcon_core.package_discovery:discover_packages(ignore) discover
[0.534s] Level 1:colcon.colcon_core.package_discovery:discover_packages(ignore) using defaults
[0.535s] Level 1:colcon.colcon_core.package_discovery:discover_packages(path) discover
[0.535s] Level 1:colcon.colcon_core.package_discovery:discover_packages(path) using defaults
[0.605s] Level 1:colcon.colcon_core.package_discovery:discover_packages(prefix_path) check parameters
[0.605s] Level 1:colcon.colcon_core.package_discovery:discover_packages(prefix_path) discover
[0.608s] Level 1:colcon.colcon_core.package_discovery:discover_packages(prefix_path) using defaults
[0.613s] Level 5:colcon.colcon_core.verb:set package 'gap_follow' build argument 'cmake_args' from command line to 'None'
[0.613s] Level 5:colcon.colcon_core.verb:set package 'gap_follow' build argument 'cmake_target' from command line to 'None'
[0.613s] Level 5:colcon.colcon_core.verb:set package 'gap_follow' build argument 'cmake_target_skip_unavailable' from command line to 'False'
[0.613s] Level 5:colcon.colcon_core.verb:set package 'gap_follow' build argument 'cmake_clean_cache' from command line to 'False'
[0.614s] Level 5:colcon.colcon_core.verb:set package 'gap_follow' build argument 'cmake_clean_first' from command line to 'False'
[0.614s] Level 5:colcon.colcon_core.verb:set package 'gap_follow' build argument 'cmake_force_configure' from command line to 'False'
[0.614s] Level 5:colcon.colcon_core.verb:set package 'gap_follow' build argument 'ament_cmake_args' from command line to 'None'
[0.614s] Level 5:colcon.colcon_core.verb:set package 'gap_follow' build argument 'catkin_cmake_args' from command line to 'None'
[0.614s] Level 5:colcon.colcon_core.verb:set package 'gap_follow' build argument 'catkin_skip_building_tests' from command line to 'False'
[0.614s] DEBUG:colcon.colcon_core.verb:Building package 'gap_follow' with the following arguments: {'ament_cmake_args': None, 'build_base': '/home/jjaffe27/dev_f1tenth_ws/src/gap_follow/build/gap_follow', 'catkin_cmake_args': None, 'catkin_skip_building_tests': False, 'cmake_args': None, 'cmake_clean_cache': False, 'cmake_clean_first': False, 'cmake_force_configure': False, 'cmake_target': None, 'cmake_target_skip_unavailable': False, 'install_base': '/home/jjaffe27/dev_f1tenth_ws/src/gap_follow/install/gap_follow', 'merge_install': False, 'path': '/home/jjaffe27/dev_f1tenth_ws/src/gap_follow', 'symlink_install': False, 'test_result_base': None}
[0.616s] INFO:colcon.colcon_core.executor:Executing jobs using 'parallel' executor
[0.627s] DEBUG:colcon.colcon_parallel_executor.executor.parallel:run_until_complete
[0.627s] INFO:colcon.colcon_ros.task.ament_python.build:Building ROS package in '/home/jjaffe27/dev_f1tenth_ws/src/gap_follow' with build type 'ament_python'
[0.627s] Level 1:colcon.colcon_core.shell:create_environment_hook('gap_follow', 'ament_prefix_path')
[0.636s] INFO:colcon.colcon_core.plugin_system:Skipping extension 'colcon_core.shell.bat': Not used on non-Windows systems
[0.636s] INFO:colcon.colcon_core.shell:Creating environment hook '/home/jjaffe27/dev_f1tenth_ws/src/gap_follow/install/gap_follow/share/gap_follow/hook/ament_prefix_path.ps1'
[0.638s] INFO:colcon.colcon_core.shell:Creating environment descriptor '/home/jjaffe27/dev_f1tenth_ws/src/gap_follow/install/gap_follow/share/gap_follow/hook/ament_prefix_path.dsv'
[0.639s] INFO:colcon.colcon_core.shell:Creating environment hook '/home/jjaffe27/dev_f1tenth_ws/src/gap_follow/install/gap_follow/share/gap_follow/hook/ament_prefix_path.sh'
[0.642s] INFO:colcon.colcon_core.shell:Skip shell extension 'powershell' for command environment: Not usable outside of PowerShell
[0.643s] DEBUG:colcon.colcon_core.shell:Skip shell extension 'dsv' for command environment
[1.196s] INFO:colcon.colcon_core.task.python.build:Building Python package in '/home/jjaffe27/dev_f1tenth_ws/src/gap_follow'
[1.200s] INFO:colcon.colcon_core.shell:Skip shell extension 'powershell' for command environment: Not usable outside of PowerShell
[1.200s] DEBUG:colcon.colcon_core.shell:Skip shell extension 'dsv' for command environment
[2.225s] DEBUG:colcon.colcon_core.event_handler.log_command:Invoking command in '/home/jjaffe27/dev_f1tenth_ws/src/gap_follow': PYTHONPATH=/home/jjaffe27/dev_f1tenth_ws/src/gap_follow/install/gap_follow/lib/python3.8/site-packages: /usr/bin/python3 setup.py egg_info --egg-base build/gap_follow build --build-base /home/jjaffe27/dev_f1tenth_ws/src/gap_follow/build/gap_follow/build install --prefix /home/jjaffe27/dev_f1tenth_ws/src/gap_follow/install/gap_follow --record /home/jjaffe27/dev_f1tenth_ws/src/gap_follow/build/gap_follow/install.log --single-version-externally-managed
[2.871s] DEBUG:colcon.colcon_core.event_handler.log_command:Invoked command in '/home/jjaffe27/dev_f1tenth_ws/src/gap_follow' returned '0': PYTHONPATH=/home/jjaffe27/dev_f1tenth_ws/src/gap_follow/install/gap_follow/lib/python3.8/site-packages: /usr/bin/python3 setup.py egg_info --egg-base build/gap_follow build --build-base /home/jjaffe27/dev_f1tenth_ws/src/gap_follow/build/gap_follow/build install --prefix /home/jjaffe27/dev_f1tenth_ws/src/gap_follow/install/gap_follow --record /home/jjaffe27/dev_f1tenth_ws/src/gap_follow/build/gap_follow/install.log --single-version-externally-managed
[2.881s] Level 1:colcon.colcon_core.environment:checking '/home/jjaffe27/dev_f1tenth_ws/src/gap_follow/install/gap_follow' for CMake module files
[2.883s] Level 1:colcon.colcon_core.environment:checking '/home/jjaffe27/dev_f1tenth_ws/src/gap_follow/install/gap_follow' for CMake config files
[2.884s] Level 1:colcon.colcon_core.environment:checking '/home/jjaffe27/dev_f1tenth_ws/src/gap_follow/install/gap_follow/lib'
[2.885s] Level 1:colcon.colcon_core.environment:checking '/home/jjaffe27/dev_f1tenth_ws/src/gap_follow/install/gap_follow/bin'
[2.885s] Level 1:colcon.colcon_core.environment:checking '/home/jjaffe27/dev_f1tenth_ws/src/gap_follow/install/gap_follow/lib/pkgconfig/gap_follow.pc'
[2.886s] Level 1:colcon.colcon_core.environment:checking '/home/jjaffe27/dev_f1tenth_ws/src/gap_follow/install/gap_follow/lib/python3.8/site-packages'
[2.886s] Level 1:colcon.colcon_core.shell:create_environment_hook('gap_follow', 'pythonpath')
[2.889s] INFO:colcon.colcon_core.shell:Creating environment hook '/home/jjaffe27/dev_f1tenth_ws/src/gap_follow/install/gap_follow/share/gap_follow/hook/pythonpath.ps1'
[2.890s] INFO:colcon.colcon_core.shell:Creating environment descriptor '/home/jjaffe27/dev_f1tenth_ws/src/gap_follow/install/gap_follow/share/gap_follow/hook/pythonpath.dsv'
[2.891s] INFO:colcon.colcon_core.shell:Creating environment hook '/home/jjaffe27/dev_f1tenth_ws/src/gap_follow/install/gap_follow/share/gap_follow/hook/pythonpath.sh'
[2.893s] Level 1:colcon.colcon_core.environment:checking '/home/jjaffe27/dev_f1tenth_ws/src/gap_follow/install/gap_follow/bin'
[2.893s] Level 1:colcon.colcon_core.environment:create_environment_scripts_only(gap_follow)
[2.898s] INFO:colcon.colcon_core.shell:Creating package script '/home/jjaffe27/dev_f1tenth_ws/src/gap_follow/install/gap_follow/share/gap_follow/package.ps1'
[2.900s] INFO:colcon.colcon_core.shell:Creating package descriptor '/home/jjaffe27/dev_f1tenth_ws/src/gap_follow/install/gap_follow/share/gap_follow/package.dsv'
[2.902s] INFO:colcon.colcon_core.shell:Creating package script '/home/jjaffe27/dev_f1tenth_ws/src/gap_follow/install/gap_follow/share/gap_follow/package.sh'
[2.904s] INFO:colcon.colcon_core.shell:Creating package script '/home/jjaffe27/dev_f1tenth_ws/src/gap_follow/install/gap_follow/share/gap_follow/package.bash'
[2.907s] INFO:colcon.colcon_core.shell:Creating package script '/home/jjaffe27/dev_f1tenth_ws/src/gap_follow/install/gap_follow/share/gap_follow/package.zsh'
[2.908s] Level 1:colcon.colcon_core.environment:create_file_with_runtime_dependencies(/home/jjaffe27/dev_f1tenth_ws/src/gap_follow/install/gap_follow/share/colcon-core/packages/gap_follow)
[2.909s] DEBUG:colcon.colcon_parallel_executor.executor.parallel:closing loop
[2.911s] DEBUG:colcon.colcon_parallel_executor.executor.parallel:loop closed
[2.911s] DEBUG:colcon.colcon_parallel_executor.executor.parallel:run_until_complete finished with '0'
[2.911s] DEBUG:colcon.colcon_core.event_reactor:joining thread
[2.929s] INFO:colcon.colcon_core.plugin_system:Skipping extension 'colcon_notification.desktop_notification.terminal_notifier': Not used on non-Darwin systems
[2.929s] INFO:colcon.colcon_core.plugin_system:Skipping extension 'colcon_notification.desktop_notification.win32': Not used on non-Windows systems
[2.930s] INFO:colcon.colcon_notification.desktop_notification:Sending desktop notification using 'notify2'
[2.965s] DEBUG:colcon.colcon_core.event_reactor:joined thread
[2.970s] INFO:colcon.colcon_core.shell:Creating prefix script '/home/jjaffe27/dev_f1tenth_ws/src/gap_follow/install/local_setup.ps1'
[2.972s] INFO:colcon.colcon_core.shell:Creating prefix util module '/home/jjaffe27/dev_f1tenth_ws/src/gap_follow/install/_local_setup_util_ps1.py'
[2.979s] INFO:colcon.colcon_core.shell:Creating prefix chain script '/home/jjaffe27/dev_f1tenth_ws/src/gap_follow/install/setup.ps1'
[2.983s] INFO:colcon.colcon_core.shell:Creating prefix script '/home/jjaffe27/dev_f1tenth_ws/src/gap_follow/install/local_setup.sh'
[2.984s] INFO:colcon.colcon_core.shell:Creating prefix util module '/home/jjaffe27/dev_f1tenth_ws/src/gap_follow/install/_local_setup_util_sh.py'
[2.985s] INFO:colcon.colcon_core.shell:Creating prefix chain script '/home/jjaffe27/dev_f1tenth_ws/src/gap_follow/install/setup.sh'
[2.999s] INFO:colcon.colcon_core.shell:Creating prefix script '/home/jjaffe27/dev_f1tenth_ws/src/gap_follow/install/local_setup.bash'
[3.000s] INFO:colcon.colcon_core.shell:Creating prefix chain script '/home/jjaffe27/dev_f1tenth_ws/src/gap_follow/install/setup.bash'
[3.004s] INFO:colcon.colcon_core.shell:Creating prefix script '/home/jjaffe27/dev_f1tenth_ws/src/gap_follow/install/local_setup.zsh'
[3.006s] INFO:colcon.colcon_core.shell:Creating prefix chain script '/home/jjaffe27/dev_f1tenth_ws/src/gap_follow/install/setup.zsh'
