[2.871s] Invoking command in '/home/jjaffe27/dev_f1tenth_ws/src/safety': PYTHONPATH=/home/jjaffe27/dev_f1tenth_ws/install/safety/lib/python3.8/site-packages:${PYTHONPATH} /usr/bin/python3 setup.py egg_info --egg-base ../../build/safety build --build-base /home/jjaffe27/dev_f1tenth_ws/build/safety/build install --prefix /home/jjaffe27/dev_f1tenth_ws/install/safety --record /home/jjaffe27/dev_f1tenth_ws/build/safety/install.log --single-version-externally-managed
[3.903s] running egg_info
[3.905s] writing ../../build/safety/safety.egg-info/PKG-INFO
[3.905s] writing dependency_links to ../../build/safety/safety.egg-info/dependency_links.txt
[3.910s] writing entry points to ../../build/safety/safety.egg-info/entry_points.txt
[3.910s] writing requirements to ../../build/safety/safety.egg-info/requires.txt
[3.910s] writing top-level names to ../../build/safety/safety.egg-info/top_level.txt
[4.046s] reading manifest file '../../build/safety/safety.egg-info/SOURCES.txt'
[4.048s] writing manifest file '../../build/safety/safety.egg-info/SOURCES.txt'
[4.049s] running build
[4.049s] running build_py
[4.050s] copying safety/aeb.py -> /home/jjaffe27/dev_f1tenth_ws/build/safety/build/lib/safety
[4.051s] running install
[4.058s] running install_lib
[4.062s] copying /home/jjaffe27/dev_f1tenth_ws/build/safety/build/lib/safety/aeb.py -> /home/jjaffe27/dev_f1tenth_ws/install/safety/lib/python3.8/site-packages/safety
[4.067s] byte-compiling /home/jjaffe27/dev_f1tenth_ws/install/safety/lib/python3.8/site-packages/safety/aeb.py to aeb.cpython-38.pyc
[4.068s] running install_data
[4.070s] running install_egg_info
[4.077s] removing '/home/jjaffe27/dev_f1tenth_ws/install/safety/lib/python3.8/site-packages/safety-0.0.0-py3.8.egg-info' (and everything under it)
[4.078s] Copying ../../build/safety/safety.egg-info to /home/jjaffe27/dev_f1tenth_ws/install/safety/lib/python3.8/site-packages/safety-0.0.0-py3.8.egg-info
[4.084s] running install_scripts
[4.151s] Installing aeb script to /home/jjaffe27/dev_f1tenth_ws/install/safety/lib/safety
[4.153s] writing list of installed files to '/home/jjaffe27/dev_f1tenth_ws/build/safety/install.log'
[4.288s] Invoked command in '/home/jjaffe27/dev_f1tenth_ws/src/safety' returned '0': PYTHONPATH=/home/jjaffe27/dev_f1tenth_ws/install/safety/lib/python3.8/site-packages:${PYTHONPATH} /usr/bin/python3 setup.py egg_info --egg-base ../../build/safety build --build-base /home/jjaffe27/dev_f1tenth_ws/build/safety/build install --prefix /home/jjaffe27/dev_f1tenth_ws/install/safety --record /home/jjaffe27/dev_f1tenth_ws/build/safety/install.log --single-version-externally-managed
