[3.670s] Invoking command in '/home/jjaffe27/dev_f1tenth_ws/src/path': PYTHONPATH=/home/jjaffe27/dev_f1tenth_ws/src/path/install/path/lib/python3.8/site-packages:${PYTHONPATH} /usr/bin/python3 setup.py egg_info --egg-base build/path build --build-base /home/jjaffe27/dev_f1tenth_ws/src/path/build/path/build install --prefix /home/jjaffe27/dev_f1tenth_ws/src/path/install/path --record /home/jjaffe27/dev_f1tenth_ws/src/path/build/path/install.log --single-version-externally-managed
[4.393s] running egg_info
[4.394s] writing build/path/path.egg-info/PKG-INFO
[4.395s] writing dependency_links to build/path/path.egg-info/dependency_links.txt
[4.397s] writing entry points to build/path/path.egg-info/entry_points.txt
[4.397s] writing requirements to build/path/path.egg-info/requires.txt
[4.397s] writing top-level names to build/path/path.egg-info/top_level.txt
[4.491s] reading manifest file 'build/path/path.egg-info/SOURCES.txt'
[4.495s] writing manifest file 'build/path/path.egg-info/SOURCES.txt'
[4.496s] running build
[4.496s] running build_py
[4.500s] copying path/waypoints.py -> /home/jjaffe27/dev_f1tenth_ws/src/path/build/path/build/lib/path
[4.500s] running install
[4.502s] running install_lib
[4.512s] copying /home/jjaffe27/dev_f1tenth_ws/src/path/build/path/build/lib/path/waypoints.py -> /home/jjaffe27/dev_f1tenth_ws/src/path/install/path/lib/python3.8/site-packages/path
[4.514s] byte-compiling /home/jjaffe27/dev_f1tenth_ws/src/path/install/path/lib/python3.8/site-packages/path/waypoints.py to waypoints.cpython-38.pyc
[4.521s] running install_data
[4.524s] running install_egg_info
[4.528s] removing '/home/jjaffe27/dev_f1tenth_ws/src/path/install/path/lib/python3.8/site-packages/path-0.0.0-py3.8.egg-info' (and everything under it)
[4.530s] Copying build/path/path.egg-info to /home/jjaffe27/dev_f1tenth_ws/src/path/install/path/lib/python3.8/site-packages/path-0.0.0-py3.8.egg-info
[4.532s] running install_scripts
[4.584s] Installing waypoints script to /home/jjaffe27/dev_f1tenth_ws/src/path/install/path/lib/path
[4.585s] writing list of installed files to '/home/jjaffe27/dev_f1tenth_ws/src/path/build/path/install.log'
[4.641s] Invoked command in '/home/jjaffe27/dev_f1tenth_ws/src/path' returned '0': PYTHONPATH=/home/jjaffe27/dev_f1tenth_ws/src/path/install/path/lib/python3.8/site-packages:${PYTHONPATH} /usr/bin/python3 setup.py egg_info --egg-base build/path build --build-base /home/jjaffe27/dev_f1tenth_ws/src/path/build/path/build install --prefix /home/jjaffe27/dev_f1tenth_ws/src/path/install/path --record /home/jjaffe27/dev_f1tenth_ws/src/path/build/path/install.log --single-version-externally-managed
