[1.519s] Invoking command in '/home/jjaffe27/dev_f1tenth_ws/src/gap_follow': PYTHONPATH=/home/jjaffe27/dev_f1tenth_ws/src/gap_follow/install/gap_follow/lib/python3.8/site-packages: /usr/bin/python3 setup.py egg_info --egg-base build/gap_follow build --build-base /home/jjaffe27/dev_f1tenth_ws/src/gap_follow/build/gap_follow/build install --prefix /home/jjaffe27/dev_f1tenth_ws/src/gap_follow/install/gap_follow --record /home/jjaffe27/dev_f1tenth_ws/src/gap_follow/build/gap_follow/install.log --single-version-externally-managed
[1.959s] running egg_info
[1.960s] writing build/gap_follow/gap_follow.egg-info/PKG-INFO
[1.960s] writing dependency_links to build/gap_follow/gap_follow.egg-info/dependency_links.txt
[1.961s] writing entry points to build/gap_follow/gap_follow.egg-info/entry_points.txt
[1.961s] writing requirements to build/gap_follow/gap_follow.egg-info/requires.txt
[1.961s] writing top-level names to build/gap_follow/gap_follow.egg-info/top_level.txt
[2.045s] reading manifest file 'build/gap_follow/gap_follow.egg-info/SOURCES.txt'
[2.047s] writing manifest file 'build/gap_follow/gap_follow.egg-info/SOURCES.txt'
[2.048s] running build
[2.048s] running build_py
[2.048s] running install
[2.050s] running install_lib
[2.052s] running install_data
[2.053s] running install_egg_info
[2.056s] removing '/home/jjaffe27/dev_f1tenth_ws/src/gap_follow/install/gap_follow/lib/python3.8/site-packages/gap_follow-0.0.0-py3.8.egg-info' (and everything under it)
[2.056s] Copying build/gap_follow/gap_follow.egg-info to /home/jjaffe27/dev_f1tenth_ws/src/gap_follow/install/gap_follow/lib/python3.8/site-packages/gap_follow-0.0.0-py3.8.egg-info
[2.058s] running install_scripts
[2.099s] Installing reactive_gap_follow script to /home/jjaffe27/dev_f1tenth_ws/src/gap_follow/install/gap_follow/lib/gap_follow
[2.099s] writing list of installed files to '/home/jjaffe27/dev_f1tenth_ws/src/gap_follow/build/gap_follow/install.log'
[2.157s] Invoked command in '/home/jjaffe27/dev_f1tenth_ws/src/gap_follow' returned '0': PYTHONPATH=/home/jjaffe27/dev_f1tenth_ws/src/gap_follow/install/gap_follow/lib/python3.8/site-packages: /usr/bin/python3 setup.py egg_info --egg-base build/gap_follow build --build-base /home/jjaffe27/dev_f1tenth_ws/src/gap_follow/build/gap_follow/build install --prefix /home/jjaffe27/dev_f1tenth_ws/src/gap_follow/install/gap_follow --record /home/jjaffe27/dev_f1tenth_ws/src/gap_follow/build/gap_follow/install.log --single-version-externally-managed
