[2.919s] Invoking command in '/home/jjaffe27/dev_f1tenth_ws/src/gap_follow': PYTHONPATH=/home/jjaffe27/dev_f1tenth_ws/src/gap_follow/install/gap_follow/lib/python3.8/site-packages: /usr/bin/python3 setup.py egg_info --egg-base build/gap_follow build --build-base /home/jjaffe27/dev_f1tenth_ws/src/gap_follow/build/gap_follow/build install --prefix /home/jjaffe27/dev_f1tenth_ws/src/gap_follow/install/gap_follow --record /home/jjaffe27/dev_f1tenth_ws/src/gap_follow/build/gap_follow/install.log --single-version-externally-managed
[3.819s] running egg_info
[3.823s] writing build/gap_follow/gap_follow.egg-info/PKG-INFO
[3.848s] writing dependency_links to build/gap_follow/gap_follow.egg-info/dependency_links.txt
[3.849s] writing entry points to build/gap_follow/gap_follow.egg-info/entry_points.txt
[3.849s] writing requirements to build/gap_follow/gap_follow.egg-info/requires.txt
[3.849s] writing top-level names to build/gap_follow/gap_follow.egg-info/top_level.txt
[4.053s] reading manifest file 'build/gap_follow/gap_follow.egg-info/SOURCES.txt'
[4.057s] writing manifest file 'build/gap_follow/gap_follow.egg-info/SOURCES.txt'
[4.058s] running build
[4.058s] running build_py
[4.059s] copying gap_follow/reactive_gap_follow.py -> /home/jjaffe27/dev_f1tenth_ws/src/gap_follow/build/gap_follow/build/lib/gap_follow
[4.061s] running install
[4.063s] running install_lib
[4.073s] copying /home/jjaffe27/dev_f1tenth_ws/src/gap_follow/build/gap_follow/build/lib/gap_follow/reactive_gap_follow.py -> /home/jjaffe27/dev_f1tenth_ws/src/gap_follow/install/gap_follow/lib/python3.8/site-packages/gap_follow
[4.077s] byte-compiling /home/jjaffe27/dev_f1tenth_ws/src/gap_follow/install/gap_follow/lib/python3.8/site-packages/gap_follow/reactive_gap_follow.py to reactive_gap_follow.cpython-38.pyc
[4.083s] running install_data
[4.091s] running install_egg_info
[4.098s] removing '/home/jjaffe27/dev_f1tenth_ws/src/gap_follow/install/gap_follow/lib/python3.8/site-packages/gap_follow-0.0.0-py3.8.egg-info' (and everything under it)
[4.100s] Copying build/gap_follow/gap_follow.egg-info to /home/jjaffe27/dev_f1tenth_ws/src/gap_follow/install/gap_follow/lib/python3.8/site-packages/gap_follow-0.0.0-py3.8.egg-info
[4.124s] running install_scripts
[4.223s] Installing reactive_gap_follow script to /home/jjaffe27/dev_f1tenth_ws/src/gap_follow/install/gap_follow/lib/gap_follow
[4.232s] writing list of installed files to '/home/jjaffe27/dev_f1tenth_ws/src/gap_follow/build/gap_follow/install.log'
[4.423s] Invoked command in '/home/jjaffe27/dev_f1tenth_ws/src/gap_follow' returned '0': PYTHONPATH=/home/jjaffe27/dev_f1tenth_ws/src/gap_follow/install/gap_follow/lib/python3.8/site-packages: /usr/bin/python3 setup.py egg_info --egg-base build/gap_follow build --build-base /home/jjaffe27/dev_f1tenth_ws/src/gap_follow/build/gap_follow/build install --prefix /home/jjaffe27/dev_f1tenth_ws/src/gap_follow/install/gap_follow --record /home/jjaffe27/dev_f1tenth_ws/src/gap_follow/build/gap_follow/install.log --single-version-externally-managed
