[1.094s] DEBUG:colcon:Command line arguments: ['/usr/bin/colcon', 'build']
[1.094s] DEBUG:colcon:Parsed command line arguments: Namespace(allow_overriding=[], ament_cmake_args=None, base_paths=['.'], build_base='build', catkin_cmake_args=None, catkin_skip_building_tests=False, cmake_args=None, cmake_clean_cache=False, cmake_clean_first=False, cmake_force_configure=False, cmake_target=None, cmake_target_skip_unavailable=False, continue_on_error=False, event_handlers=None, executor='parallel', ignore_user_meta=False, install_base='install', log_base=None, log_level=None, main=<bound method BuildVerb.main of <colcon_core.verb.build.BuildVerb object at 0x7fd8d55a2640>>, merge_install=False, metas=['./colcon.meta'], packages_above=None, packages_above_and_dependencies=None, packages_above_depth=None, packages_end=None, packages_ignore=None, packages_ignore_regex=None, packages_select=None, packages_select_build_failed=False, packages_select_by_dep=None, packages_select_regex=None, packages_select_test_failures=False, packages_skip=None, packages_skip_build_finished=False, packages_skip_by_dep=None, packages_skip_regex=None, packages_skip_test_passed=False, packages_skip_up_to=None, packages_start=None, packages_up_to=None, packages_up_to_regex=None, parallel_workers=4, paths=None, symlink_install=False, test_result_base=None, verb_extension=<colcon_core.verb.build.BuildVerb object at 0x7fd8d55a2640>, verb_name='build', verb_parser=<colcon_defaults.argument_parser.defaults.DefaultArgumentsDecorator object at 0x7fd8d55a2b80>)
[1.241s] Level 1:colcon.colcon_core.package_discovery:discover_packages(colcon_meta) check parameters
[1.245s] Level 1:colcon.colcon_core.package_discovery:discover_packages(recursive) check parameters
[1.245s] Level 1:colcon.colcon_core.package_discovery:discover_packages(ignore) check parameters
[1.245s] Level 1:colcon.colcon_core.package_discovery:discover_packages(path) check parameters
[1.246s] Level 1:colcon.colcon_core.package_discovery:discover_packages(colcon_meta) discover
[1.246s] Level 1:colcon.colcon_core.package_discovery:discover_packages(recursive) discover
[1.246s] INFO:colcon.colcon_core.package_discovery:Crawling recursively for packages in '/home/jjaffe27/dev_f1tenth_ws/src/cpp_safety'
[1.246s] Level 1:colcon.colcon_core.package_identification:_identify(.) by extensions ['ignore', 'ignore_ament_install']
[1.246s] Level 1:colcon.colcon_core.package_identification:_identify(.) by extension 'ignore'
[1.247s] Level 1:colcon.colcon_core.package_identification:_identify(.) by extension 'ignore_ament_install'
[1.247s] Level 1:colcon.colcon_core.package_identification:_identify(.) by extensions ['colcon_pkg']
[1.247s] Level 1:colcon.colcon_core.package_identification:_identify(.) by extension 'colcon_pkg'
[1.247s] Level 1:colcon.colcon_core.package_identification:_identify(.) by extensions ['colcon_meta']
[1.247s] Level 1:colcon.colcon_core.package_identification:_identify(.) by extension 'colcon_meta'
[1.247s] Level 1:colcon.colcon_core.package_identification:_identify(.) by extensions ['ros']
[1.247s] Level 1:colcon.colcon_core.package_identification:_identify(.) by extension 'ros'
[1.313s] DEBUG:colcon.colcon_core.package_identification:Package '.' with type 'ros.ament_cmake' and name 'cpp_safety'
[1.313s] Level 1:colcon.colcon_core.package_discovery:discover_packages(recursive) using defaults
[1.314s] Level 1:colcon.colcon_core.package_discovery:discover_packages(ignore) discover
[1.314s] Level 1:colcon.colcon_core.package_discovery:discover_packages(ignore) using defaults
[1.314s] Level 1:colcon.colcon_core.package_discovery:discover_packages(path) discover
[1.314s] Level 1:colcon.colcon_core.package_discovery:discover_packages(path) using defaults
[1.443s] Level 1:colcon.colcon_core.package_discovery:discover_packages(prefix_path) check parameters
[1.444s] Level 1:colcon.colcon_core.package_discovery:discover_packages(prefix_path) discover
[1.450s] DEBUG:colcon.colcon_installed_package_information.package_discovery:Found 1 installed packages in /home/jjaffe27/dev_f1tenth_ws/src/cpp_safety/install
[1.461s] DEBUG:colcon.colcon_installed_package_information.package_discovery:Found 264 installed packages in /opt/ros/foxy
[1.472s] Level 1:colcon.colcon_core.package_discovery:discover_packages(prefix_path) using defaults
[1.846s] Level 5:colcon.colcon_core.verb:set package 'cpp_safety' build argument 'cmake_args' from command line to 'None'
[1.847s] Level 5:colcon.colcon_core.verb:set package 'cpp_safety' build argument 'cmake_target' from command line to 'None'
[1.847s] Level 5:colcon.colcon_core.verb:set package 'cpp_safety' build argument 'cmake_target_skip_unavailable' from command line to 'False'
[1.849s] Level 5:colcon.colcon_core.verb:set package 'cpp_safety' build argument 'cmake_clean_cache' from command line to 'False'
[1.849s] Level 5:colcon.colcon_core.verb:set package 'cpp_safety' build argument 'cmake_clean_first' from command line to 'False'
[1.849s] Level 5:colcon.colcon_core.verb:set package 'cpp_safety' build argument 'cmake_force_configure' from command line to 'False'
[1.849s] Level 5:colcon.colcon_core.verb:set package 'cpp_safety' build argument 'ament_cmake_args' from command line to 'None'
[1.849s] Level 5:colcon.colcon_core.verb:set package 'cpp_safety' build argument 'catkin_cmake_args' from command line to 'None'
[1.849s] Level 5:colcon.colcon_core.verb:set package 'cpp_safety' build argument 'catkin_skip_building_tests' from command line to 'False'
[1.849s] DEBUG:colcon.colcon_core.verb:Building package 'cpp_safety' with the following arguments: {'ament_cmake_args': None, 'build_base': '/home/jjaffe27/dev_f1tenth_ws/src/cpp_safety/build/cpp_safety', 'catkin_cmake_args': None, 'catkin_skip_building_tests': False, 'cmake_args': None, 'cmake_clean_cache': False, 'cmake_clean_first': False, 'cmake_force_configure': False, 'cmake_target': None, 'cmake_target_skip_unavailable': False, 'install_base': '/home/jjaffe27/dev_f1tenth_ws/src/cpp_safety/install/cpp_safety', 'merge_install': False, 'path': '/home/jjaffe27/dev_f1tenth_ws/src/cpp_safety', 'symlink_install': False, 'test_result_base': None}
[1.861s] INFO:colcon.colcon_core.executor:Executing jobs using 'parallel' executor
[1.908s] DEBUG:colcon.colcon_parallel_executor.executor.parallel:run_until_complete
[1.909s] INFO:colcon.colcon_ros.task.ament_cmake.build:Building ROS package in '/home/jjaffe27/dev_f1tenth_ws/src/cpp_safety' with build type 'ament_cmake'
[1.910s] INFO:colcon.colcon_cmake.task.cmake.build:Building CMake package in '/home/jjaffe27/dev_f1tenth_ws/src/cpp_safety'
[1.948s] INFO:colcon.colcon_core.plugin_system:Skipping extension 'colcon_core.shell.bat': Not used on non-Windows systems
[1.949s] INFO:colcon.colcon_core.shell:Skip shell extension 'powershell' for command environment: Not usable outside of PowerShell
[1.949s] DEBUG:colcon.colcon_core.shell:Skip shell extension 'dsv' for command environment
[2.074s] DEBUG:colcon.colcon_core.event_handler.log_command:Invoking command in '/home/jjaffe27/dev_f1tenth_ws/src/cpp_safety/build/cpp_safety': CMAKE_PREFIX_PATH=${CMAKE_PREFIX_PATH}:/opt/ros/foxy /usr/bin/cmake --build /home/jjaffe27/dev_f1tenth_ws/src/cpp_safety/build/cpp_safety -- -j4 -l4
[24.590s] DEBUG:colcon.colcon_core.event_handler.log_command:Invoked command in '/home/jjaffe27/dev_f1tenth_ws/src/cpp_safety/build/cpp_safety' returned '0': CMAKE_PREFIX_PATH=${CMAKE_PREFIX_PATH}:/opt/ros/foxy /usr/bin/cmake --build /home/jjaffe27/dev_f1tenth_ws/src/cpp_safety/build/cpp_safety -- -j4 -l4
[24.674s] DEBUG:colcon.colcon_core.event_handler.log_command:Invoking command in '/home/jjaffe27/dev_f1tenth_ws/src/cpp_safety/build/cpp_safety': CMAKE_PREFIX_PATH=${CMAKE_PREFIX_PATH}:/opt/ros/foxy /usr/bin/cmake --install /home/jjaffe27/dev_f1tenth_ws/src/cpp_safety/build/cpp_safety
[24.704s] Level 1:colcon.colcon_core.environment:create_environment_scripts_only(cpp_safety)
[24.705s] DEBUG:colcon.colcon_core.event_handler.log_command:Invoked command in '/home/jjaffe27/dev_f1tenth_ws/src/cpp_safety/build/cpp_safety' returned '0': CMAKE_PREFIX_PATH=${CMAKE_PREFIX_PATH}:/opt/ros/foxy /usr/bin/cmake --install /home/jjaffe27/dev_f1tenth_ws/src/cpp_safety/build/cpp_safety
[24.719s] Level 1:colcon.colcon_core.environment:checking '/home/jjaffe27/dev_f1tenth_ws/src/cpp_safety/install/cpp_safety' for CMake module files
[24.720s] Level 1:colcon.colcon_core.environment:checking '/home/jjaffe27/dev_f1tenth_ws/src/cpp_safety/install/cpp_safety' for CMake config files
[24.721s] Level 1:colcon.colcon_core.shell:create_environment_hook('cpp_safety', 'cmake_prefix_path')
[24.724s] INFO:colcon.colcon_core.shell:Creating environment hook '/home/jjaffe27/dev_f1tenth_ws/src/cpp_safety/install/cpp_safety/share/cpp_safety/hook/cmake_prefix_path.ps1'
[24.725s] INFO:colcon.colcon_core.shell:Creating environment descriptor '/home/jjaffe27/dev_f1tenth_ws/src/cpp_safety/install/cpp_safety/share/cpp_safety/hook/cmake_prefix_path.dsv'
[24.727s] INFO:colcon.colcon_core.shell:Creating environment hook '/home/jjaffe27/dev_f1tenth_ws/src/cpp_safety/install/cpp_safety/share/cpp_safety/hook/cmake_prefix_path.sh'
[24.730s] Level 1:colcon.colcon_core.environment:checking '/home/jjaffe27/dev_f1tenth_ws/src/cpp_safety/install/cpp_safety/lib'
[24.730s] Level 1:colcon.colcon_core.environment:checking '/home/jjaffe27/dev_f1tenth_ws/src/cpp_safety/install/cpp_safety/bin'
[24.730s] Level 1:colcon.colcon_core.environment:checking '/home/jjaffe27/dev_f1tenth_ws/src/cpp_safety/install/cpp_safety/lib/pkgconfig/cpp_safety.pc'
[24.731s] Level 1:colcon.colcon_core.environment:checking '/home/jjaffe27/dev_f1tenth_ws/src/cpp_safety/install/cpp_safety/lib/python3.8/site-packages'
[24.732s] Level 1:colcon.colcon_core.environment:checking '/home/jjaffe27/dev_f1tenth_ws/src/cpp_safety/install/cpp_safety/bin'
[24.736s] INFO:colcon.colcon_core.shell:Creating package script '/home/jjaffe27/dev_f1tenth_ws/src/cpp_safety/install/cpp_safety/share/cpp_safety/package.ps1'
[24.738s] INFO:colcon.colcon_core.shell:Creating package descriptor '/home/jjaffe27/dev_f1tenth_ws/src/cpp_safety/install/cpp_safety/share/cpp_safety/package.dsv'
[24.739s] INFO:colcon.colcon_core.shell:Creating package script '/home/jjaffe27/dev_f1tenth_ws/src/cpp_safety/install/cpp_safety/share/cpp_safety/package.sh'
[24.742s] INFO:colcon.colcon_core.shell:Creating package script '/home/jjaffe27/dev_f1tenth_ws/src/cpp_safety/install/cpp_safety/share/cpp_safety/package.bash'
[24.743s] INFO:colcon.colcon_core.shell:Creating package script '/home/jjaffe27/dev_f1tenth_ws/src/cpp_safety/install/cpp_safety/share/cpp_safety/package.zsh'
[24.744s] Level 1:colcon.colcon_core.environment:create_file_with_runtime_dependencies(/home/jjaffe27/dev_f1tenth_ws/src/cpp_safety/install/cpp_safety/share/colcon-core/packages/cpp_safety)
[24.804s] Level 1:colcon.colcon_core.environment:create_environment_scripts_only(cpp_safety)
[24.809s] Level 1:colcon.colcon_core.environment:checking '/home/jjaffe27/dev_f1tenth_ws/src/cpp_safety/install/cpp_safety' for CMake module files
[24.811s] Level 1:colcon.colcon_core.environment:checking '/home/jjaffe27/dev_f1tenth_ws/src/cpp_safety/install/cpp_safety' for CMake config files
[24.811s] Level 1:colcon.colcon_core.shell:create_environment_hook('cpp_safety', 'cmake_prefix_path')
[24.814s] INFO:colcon.colcon_core.shell:Creating environment hook '/home/jjaffe27/dev_f1tenth_ws/src/cpp_safety/install/cpp_safety/share/cpp_safety/hook/cmake_prefix_path.ps1'
[24.815s] INFO:colcon.colcon_core.shell:Creating environment descriptor '/home/jjaffe27/dev_f1tenth_ws/src/cpp_safety/install/cpp_safety/share/cpp_safety/hook/cmake_prefix_path.dsv'
[24.816s] INFO:colcon.colcon_core.shell:Creating environment hook '/home/jjaffe27/dev_f1tenth_ws/src/cpp_safety/install/cpp_safety/share/cpp_safety/hook/cmake_prefix_path.sh'
[24.817s] Level 1:colcon.colcon_core.environment:checking '/home/jjaffe27/dev_f1tenth_ws/src/cpp_safety/install/cpp_safety/lib'
[24.818s] Level 1:colcon.colcon_core.environment:checking '/home/jjaffe27/dev_f1tenth_ws/src/cpp_safety/install/cpp_safety/bin'
[24.818s] Level 1:colcon.colcon_core.environment:checking '/home/jjaffe27/dev_f1tenth_ws/src/cpp_safety/install/cpp_safety/lib/pkgconfig/cpp_safety.pc'
[24.819s] Level 1:colcon.colcon_core.environment:checking '/home/jjaffe27/dev_f1tenth_ws/src/cpp_safety/install/cpp_safety/lib/python3.8/site-packages'
[24.819s] Level 1:colcon.colcon_core.environment:checking '/home/jjaffe27/dev_f1tenth_ws/src/cpp_safety/install/cpp_safety/bin'
[24.824s] INFO:colcon.colcon_core.shell:Creating package script '/home/jjaffe27/dev_f1tenth_ws/src/cpp_safety/install/cpp_safety/share/cpp_safety/package.ps1'
[24.825s] INFO:colcon.colcon_core.shell:Creating package descriptor '/home/jjaffe27/dev_f1tenth_ws/src/cpp_safety/install/cpp_safety/share/cpp_safety/package.dsv'
[24.826s] INFO:colcon.colcon_core.shell:Creating package script '/home/jjaffe27/dev_f1tenth_ws/src/cpp_safety/install/cpp_safety/share/cpp_safety/package.sh'
[24.827s] INFO:colcon.colcon_core.shell:Creating package script '/home/jjaffe27/dev_f1tenth_ws/src/cpp_safety/install/cpp_safety/share/cpp_safety/package.bash'
[24.828s] INFO:colcon.colcon_core.shell:Creating package script '/home/jjaffe27/dev_f1tenth_ws/src/cpp_safety/install/cpp_safety/share/cpp_safety/package.zsh'
[24.829s] Level 1:colcon.colcon_core.environment:create_file_with_runtime_dependencies(/home/jjaffe27/dev_f1tenth_ws/src/cpp_safety/install/cpp_safety/share/colcon-core/packages/cpp_safety)
[24.829s] DEBUG:colcon.colcon_parallel_executor.executor.parallel:closing loop
[24.830s] DEBUG:colcon.colcon_parallel_executor.executor.parallel:loop closed
[24.830s] DEBUG:colcon.colcon_parallel_executor.executor.parallel:run_until_complete finished with '0'
[24.831s] DEBUG:colcon.colcon_core.event_reactor:joining thread
[24.847s] INFO:colcon.colcon_core.plugin_system:Skipping extension 'colcon_notification.desktop_notification.terminal_notifier': Not used on non-Darwin systems
[24.847s] INFO:colcon.colcon_core.plugin_system:Skipping extension 'colcon_notification.desktop_notification.win32': Not used on non-Windows systems
[24.848s] INFO:colcon.colcon_notification.desktop_notification:Sending desktop notification using 'notify2'
[24.887s] DEBUG:colcon.colcon_core.event_reactor:joined thread
[24.891s] INFO:colcon.colcon_core.shell:Creating prefix script '/home/jjaffe27/dev_f1tenth_ws/src/cpp_safety/install/local_setup.ps1'
[24.893s] INFO:colcon.colcon_core.shell:Creating prefix util module '/home/jjaffe27/dev_f1tenth_ws/src/cpp_safety/install/_local_setup_util_ps1.py'
[24.897s] INFO:colcon.colcon_core.shell:Creating prefix chain script '/home/jjaffe27/dev_f1tenth_ws/src/cpp_safety/install/setup.ps1'
[24.900s] INFO:colcon.colcon_core.shell:Creating prefix script '/home/jjaffe27/dev_f1tenth_ws/src/cpp_safety/install/local_setup.sh'
[24.901s] INFO:colcon.colcon_core.shell:Creating prefix util module '/home/jjaffe27/dev_f1tenth_ws/src/cpp_safety/install/_local_setup_util_sh.py'
[24.903s] INFO:colcon.colcon_core.shell:Creating prefix chain script '/home/jjaffe27/dev_f1tenth_ws/src/cpp_safety/install/setup.sh'
[24.906s] INFO:colcon.colcon_core.shell:Creating prefix script '/home/jjaffe27/dev_f1tenth_ws/src/cpp_safety/install/local_setup.bash'
[24.907s] INFO:colcon.colcon_core.shell:Creating prefix chain script '/home/jjaffe27/dev_f1tenth_ws/src/cpp_safety/install/setup.bash'
[24.910s] INFO:colcon.colcon_core.shell:Creating prefix script '/home/jjaffe27/dev_f1tenth_ws/src/cpp_safety/install/local_setup.zsh'
[24.912s] INFO:colcon.colcon_core.shell:Creating prefix chain script '/home/jjaffe27/dev_f1tenth_ws/src/cpp_safety/install/setup.zsh'
