[0.022s] Invoking command in '/home/jjaffe27/dev_f1tenth_ws/src/cpp_gap_follow/build/cpp_gap_follow': CMAKE_PREFIX_PATH=/opt/ros/foxy /usr/bin/cmake /home/jjaffe27/dev_f1tenth_ws/src/cpp_gap_follow -DCMAKE_INSTALL_PREFIX=/home/jjaffe27/dev_f1tenth_ws/src/cpp_gap_follow/install/cpp_gap_follow
[0.359s] -- The C compiler identification is GNU 9.4.0
[0.611s] -- The CXX compiler identification is GNU 9.4.0
[0.623s] -- Check for working C compiler: /usr/bin/cc
[0.725s] -- Check for working C compiler: /usr/bin/cc -- works
[0.727s] -- Detecting C compiler ABI info
[0.826s] -- Detecting C compiler ABI info - done
[0.841s] -- Detecting C compile features
[0.841s] -- Detecting C compile features - done
[0.846s] -- Check for working CXX compiler: /usr/bin/c++
[0.960s] -- Check for working CXX compiler: /usr/bin/c++ -- works
[0.961s] -- Detecting CXX compiler ABI info
[1.074s] -- Detecting CXX compiler ABI info - done
[1.089s] -- Detecting CXX compile features
[1.090s] -- Detecting CXX compile features - done
[1.099s] -- Found ament_cmake: 0.9.11 (/opt/ros/foxy/share/ament_cmake/cmake)
[1.137s] -- Found PythonInterp: /usr/bin/python3 (found suitable version "3.8.10", minimum required is "3") 
[1.137s] -- Using PYTHON_EXECUTABLE: /usr/bin/python3
[1.419s] -- Found rclcpp: 2.4.2 (/opt/ros/foxy/share/rclcpp/cmake)
[1.498s] -- Using all available rosidl_typesupport_c: rosidl_typesupport_fastrtps_c;rosidl_typesupport_introspection_c
[1.510s] -- Found rosidl_adapter: 1.3.0 (/opt/ros/foxy/share/rosidl_adapter/cmake)
[1.686s] -- Found OpenSSL: /usr/lib/x86_64-linux-gnu/libcrypto.so (found version "1.1.1f")  
[1.726s] -- Found FastRTPS: /opt/ros/foxy/include  
[1.842s] -- Using all available rosidl_typesupport_cpp: rosidl_typesupport_fastrtps_cpp;rosidl_typesupport_introspection_cpp
[1.930s] -- Found rmw_implementation_cmake: 1.0.3 (/opt/ros/foxy/share/rmw_implementation_cmake/cmake)
[1.934s] -- Using RMW implementation 'rmw_fastrtps_cpp' as default
[1.937s] -- Looking for pthread.h
[2.048s] -- Looking for pthread.h - found
[2.049s] -- Performing Test CMAKE_HAVE_LIBC_PTHREAD
[2.156s] -- Performing Test CMAKE_HAVE_LIBC_PTHREAD - Failed
[2.156s] -- Looking for pthread_create in pthreads
[2.240s] -- Looking for pthread_create in pthreads - not found
[2.240s] -- Looking for pthread_create in pthread
[2.341s] -- Looking for pthread_create in pthread - found
[2.343s] -- Found Threads: TRUE  
[2.568s] -- Found sensor_msgs: 2.0.5 (/opt/ros/foxy/share/sensor_msgs/cmake)
[2.747s] -- Found ackermann_msgs: 2.0.2 (/opt/ros/foxy/share/ackermann_msgs/cmake)
[2.801s] CMake Error at /opt/ros/foxy/share/ament_cmake_target_dependencies/cmake/ament_target_dependencies.cmake:77 (message):
[2.801s]   ament_target_dependencies() the passed package name 'nav_msgs' was not
[2.801s]   found before
[2.801s] Call Stack (most recent call first):
[2.801s]   CMakeLists.txt:18 (ament_target_dependencies)
[2.801s] 
[2.801s] 
[2.804s] -- Configuring incomplete, errors occurred!
[2.804s] See also "/home/jjaffe27/dev_f1tenth_ws/src/cpp_gap_follow/build/cpp_gap_follow/CMakeFiles/CMakeOutput.log".
[2.804s] See also "/home/jjaffe27/dev_f1tenth_ws/src/cpp_gap_follow/build/cpp_gap_follow/CMakeFiles/CMakeError.log".
[2.815s] Invoked command in '/home/jjaffe27/dev_f1tenth_ws/src/cpp_gap_follow/build/cpp_gap_follow' returned '1': CMAKE_PREFIX_PATH=/opt/ros/foxy /usr/bin/cmake /home/jjaffe27/dev_f1tenth_ws/src/cpp_gap_follow -DCMAKE_INSTALL_PREFIX=/home/jjaffe27/dev_f1tenth_ws/src/cpp_gap_follow/install/cpp_gap_follow
