running egg_info
creating ../build/safety/safety.egg-info
writing ../build/safety/safety.egg-info/PKG-INFO
writing dependency_links to ../build/safety/safety.egg-info/dependency_links.txt
writing entry points to ../build/safety/safety.egg-info/entry_points.txt
writing requirements to ../build/safety/safety.egg-info/requires.txt
writing top-level names to ../build/safety/safety.egg-info/top_level.txt
writing manifest file '../build/safety/safety.egg-info/SOURCES.txt'
reading manifest file '../build/safety/safety.egg-info/SOURCES.txt'
writing manifest file '../build/safety/safety.egg-info/SOURCES.txt'
running build
running build_py
creating /home/jjaffe27/dev_f1tenth_ws/src/build/safety/build
creating /home/jjaffe27/dev_f1tenth_ws/src/build/safety/build/lib
creating /home/jjaffe27/dev_f1tenth_ws/src/build/safety/build/lib/safety
copying safety/aeb.py -> /home/jjaffe27/dev_f1tenth_ws/src/build/safety/build/lib/safety
copying safety/__init__.py -> /home/jjaffe27/dev_f1tenth_ws/src/build/safety/build/lib/safety
running install
running install_lib
creating /home/jjaffe27/dev_f1tenth_ws/src/install/safety/lib/python3.8/site-packages/safety
copying /home/jjaffe27/dev_f1tenth_ws/src/build/safety/build/lib/safety/aeb.py -> /home/jjaffe27/dev_f1tenth_ws/src/install/safety/lib/python3.8/site-packages/safety
copying /home/jjaffe27/dev_f1tenth_ws/src/build/safety/build/lib/safety/__init__.py -> /home/jjaffe27/dev_f1tenth_ws/src/install/safety/lib/python3.8/site-packages/safety
byte-compiling /home/jjaffe27/dev_f1tenth_ws/src/install/safety/lib/python3.8/site-packages/safety/aeb.py to aeb.cpython-38.pyc
byte-compiling /home/jjaffe27/dev_f1tenth_ws/src/install/safety/lib/python3.8/site-packages/safety/__init__.py to __init__.cpython-38.pyc
running install_data
creating /home/jjaffe27/dev_f1tenth_ws/src/install/safety/share/ament_index
creating /home/jjaffe27/dev_f1tenth_ws/src/install/safety/share/ament_index/resource_index
creating /home/jjaffe27/dev_f1tenth_ws/src/install/safety/share/ament_index/resource_index/packages
copying resource/safety -> /home/jjaffe27/dev_f1tenth_ws/src/install/safety/share/ament_index/resource_index/packages
copying package.xml -> /home/jjaffe27/dev_f1tenth_ws/src/install/safety/share/safety
running install_egg_info
Copying ../build/safety/safety.egg-info to /home/jjaffe27/dev_f1tenth_ws/src/install/safety/lib/python3.8/site-packages/safety-0.0.0-py3.8.egg-info
running install_scripts
Installing aeb script to /home/jjaffe27/dev_f1tenth_ws/src/install/safety/lib/safety
writing list of installed files to '/home/jjaffe27/dev_f1tenth_ws/src/build/safety/install.log'
