[1.341s] Invoking command in '/home/jjaffe27/dev_f1tenth_ws/src/path': PYTHONPATH=/home/jjaffe27/dev_f1tenth_ws/src/path/install/path/lib/python3.8/site-packages:${PYTHONPATH} /usr/bin/python3 setup.py egg_info --egg-base build/path build --build-base /home/jjaffe27/dev_f1tenth_ws/src/path/build/path/build install --prefix /home/jjaffe27/dev_f1tenth_ws/src/path/install/path --record /home/jjaffe27/dev_f1tenth_ws/src/path/build/path/install.log --single-version-externally-managed
[1.796s] running egg_info
[1.797s] writing build/path/path.egg-info/PKG-INFO
[1.797s] writing dependency_links to build/path/path.egg-info/dependency_links.txt
[1.798s] writing entry points to build/path/path.egg-info/entry_points.txt
[1.798s] writing requirements to build/path/path.egg-info/requires.txt
[1.798s] writing top-level names to build/path/path.egg-info/top_level.txt
[1.879s] reading manifest file 'build/path/path.egg-info/SOURCES.txt'
[1.881s] writing manifest file 'build/path/path.egg-info/SOURCES.txt'
[1.882s] running build
[1.882s] running build_py
[1.882s] running install
[1.884s] running install_lib
[1.887s] running install_data
[1.888s] running install_egg_info
[1.891s] removing '/home/jjaffe27/dev_f1tenth_ws/src/path/install/path/lib/python3.8/site-packages/path-0.0.0-py3.8.egg-info' (and everything under it)
[1.892s] Copying build/path/path.egg-info to /home/jjaffe27/dev_f1tenth_ws/src/path/install/path/lib/python3.8/site-packages/path-0.0.0-py3.8.egg-info
[1.893s] running install_scripts
[1.927s] Installing waypoints script to /home/jjaffe27/dev_f1tenth_ws/src/path/install/path/lib/path
[1.928s] writing list of installed files to '/home/jjaffe27/dev_f1tenth_ws/src/path/build/path/install.log'
[1.980s] Invoked command in '/home/jjaffe27/dev_f1tenth_ws/src/path' returned '0': PYTHONPATH=/home/jjaffe27/dev_f1tenth_ws/src/path/install/path/lib/python3.8/site-packages:${PYTHONPATH} /usr/bin/python3 setup.py egg_info --egg-base build/path build --build-base /home/jjaffe27/dev_f1tenth_ws/src/path/build/path/build install --prefix /home/jjaffe27/dev_f1tenth_ws/src/path/install/path --record /home/jjaffe27/dev_f1tenth_ws/src/path/build/path/install.log --single-version-externally-managed
