[2.088s] Invoking command in '/home/jjaffe27/dev_f1tenth_ws/src/gap_follow': PYTHONPATH=/home/jjaffe27/dev_f1tenth_ws/src/gap_follow/install/gap_follow/lib/python3.8/site-packages: /usr/bin/python3 setup.py egg_info --egg-base build/gap_follow build --build-base /home/jjaffe27/dev_f1tenth_ws/src/gap_follow/build/gap_follow/build install --prefix /home/jjaffe27/dev_f1tenth_ws/src/gap_follow/install/gap_follow --record /home/jjaffe27/dev_f1tenth_ws/src/gap_follow/build/gap_follow/install.log --single-version-externally-managed
[2.973s] running egg_info
[2.974s] writing build/gap_follow/gap_follow.egg-info/PKG-INFO
[2.976s] writing dependency_links to build/gap_follow/gap_follow.egg-info/dependency_links.txt
[2.979s] writing entry points to build/gap_follow/gap_follow.egg-info/entry_points.txt
[2.980s] writing requirements to build/gap_follow/gap_follow.egg-info/requires.txt
[2.981s] writing top-level names to build/gap_follow/gap_follow.egg-info/top_level.txt
[3.089s] reading manifest file 'build/gap_follow/gap_follow.egg-info/SOURCES.txt'
[3.092s] writing manifest file 'build/gap_follow/gap_follow.egg-info/SOURCES.txt'
[3.092s] running build
[3.092s] running build_py
[3.093s] running install
[3.094s] running install_lib
[3.099s] running install_data
[3.100s] running install_egg_info
[3.105s] removing '/home/jjaffe27/dev_f1tenth_ws/src/gap_follow/install/gap_follow/lib/python3.8/site-packages/gap_follow-0.0.0-py3.8.egg-info' (and everything under it)
[3.106s] Copying build/gap_follow/gap_follow.egg-info to /home/jjaffe27/dev_f1tenth_ws/src/gap_follow/install/gap_follow/lib/python3.8/site-packages/gap_follow-0.0.0-py3.8.egg-info
[3.108s] running install_scripts
[3.168s] Installing reactive_gap_follow script to /home/jjaffe27/dev_f1tenth_ws/src/gap_follow/install/gap_follow/lib/gap_follow
[3.170s] writing list of installed files to '/home/jjaffe27/dev_f1tenth_ws/src/gap_follow/build/gap_follow/install.log'
[3.230s] Invoked command in '/home/jjaffe27/dev_f1tenth_ws/src/gap_follow' returned '0': PYTHONPATH=/home/jjaffe27/dev_f1tenth_ws/src/gap_follow/install/gap_follow/lib/python3.8/site-packages: /usr/bin/python3 setup.py egg_info --egg-base build/gap_follow build --build-base /home/jjaffe27/dev_f1tenth_ws/src/gap_follow/build/gap_follow/build install --prefix /home/jjaffe27/dev_f1tenth_ws/src/gap_follow/install/gap_follow --record /home/jjaffe27/dev_f1tenth_ws/src/gap_follow/build/gap_follow/install.log --single-version-externally-managed
