[3.585s] Invoking command in '/home/jjaffe27/dev_f1tenth_ws/src/safety': PYTHONPATH=/home/jjaffe27/dev_f1tenth_ws/install/safety/lib/python3.8/site-packages:${PYTHONPATH} /usr/bin/python3 setup.py egg_info --egg-base ../../build/safety build --build-base /home/jjaffe27/dev_f1tenth_ws/build/safety/build install --prefix /home/jjaffe27/dev_f1tenth_ws/install/safety --record /home/jjaffe27/dev_f1tenth_ws/build/safety/install.log --single-version-externally-managed
[4.815s] running egg_info
[4.817s] writing ../../build/safety/safety.egg-info/PKG-INFO
[4.818s] writing dependency_links to ../../build/safety/safety.egg-info/dependency_links.txt
[4.819s] writing entry points to ../../build/safety/safety.egg-info/entry_points.txt
[4.821s] writing requirements to ../../build/safety/safety.egg-info/requires.txt
[4.822s] writing top-level names to ../../build/safety/safety.egg-info/top_level.txt
[4.983s] reading manifest file '../../build/safety/safety.egg-info/SOURCES.txt'
[4.987s] writing manifest file '../../build/safety/safety.egg-info/SOURCES.txt'
[4.988s] running build
[4.988s] running build_py
[4.988s] copying safety/aeb.py -> /home/jjaffe27/dev_f1tenth_ws/build/safety/build/lib/safety
[4.989s] running install
[4.989s] running install_lib
[4.991s] copying /home/jjaffe27/dev_f1tenth_ws/build/safety/build/lib/safety/aeb.py -> /home/jjaffe27/dev_f1tenth_ws/install/safety/lib/python3.8/site-packages/safety
[4.992s] byte-compiling /home/jjaffe27/dev_f1tenth_ws/install/safety/lib/python3.8/site-packages/safety/aeb.py to aeb.cpython-38.pyc
[4.998s] running install_data
[5.000s] running install_egg_info
[5.008s] removing '/home/jjaffe27/dev_f1tenth_ws/install/safety/lib/python3.8/site-packages/safety-0.0.0-py3.8.egg-info' (and everything under it)
[5.009s] Copying ../../build/safety/safety.egg-info to /home/jjaffe27/dev_f1tenth_ws/install/safety/lib/python3.8/site-packages/safety-0.0.0-py3.8.egg-info
[5.012s] running install_scripts
[5.125s] Installing aeb script to /home/jjaffe27/dev_f1tenth_ws/install/safety/lib/safety
[5.129s] writing list of installed files to '/home/jjaffe27/dev_f1tenth_ws/build/safety/install.log'
[5.234s] Invoked command in '/home/jjaffe27/dev_f1tenth_ws/src/safety' returned '0': PYTHONPATH=/home/jjaffe27/dev_f1tenth_ws/install/safety/lib/python3.8/site-packages:${PYTHONPATH} /usr/bin/python3 setup.py egg_info --egg-base ../../build/safety build --build-base /home/jjaffe27/dev_f1tenth_ws/build/safety/build install --prefix /home/jjaffe27/dev_f1tenth_ws/install/safety --record /home/jjaffe27/dev_f1tenth_ws/build/safety/install.log --single-version-externally-managed
