[1.344s] Invoking command in '/home/jjaffe27/dev_f1tenth_ws/src/path': PYTHONPATH=/home/jjaffe27/dev_f1tenth_ws/src/path/install/path/lib/python3.8/site-packages:${PYTHONPATH} /usr/bin/python3 setup.py egg_info --egg-base build/path build --build-base /home/jjaffe27/dev_f1tenth_ws/src/path/build/path/build install --prefix /home/jjaffe27/dev_f1tenth_ws/src/path/install/path --record /home/jjaffe27/dev_f1tenth_ws/src/path/build/path/install.log --single-version-externally-managed
[1.782s] running egg_info
[1.783s] writing build/path/path.egg-info/PKG-INFO
[1.783s] writing dependency_links to build/path/path.egg-info/dependency_links.txt
[1.783s] writing entry points to build/path/path.egg-info/entry_points.txt
[1.784s] writing requirements to build/path/path.egg-info/requires.txt
[1.784s] writing top-level names to build/path/path.egg-info/top_level.txt
[1.859s] reading manifest file 'build/path/path.egg-info/SOURCES.txt'
[1.861s] writing manifest file 'build/path/path.egg-info/SOURCES.txt'
[1.861s] running build
[1.862s] running build_py
[1.862s] running install
[1.864s] running install_lib
[1.867s] running install_data
[1.868s] running install_egg_info
[1.872s] removing '/home/jjaffe27/dev_f1tenth_ws/src/path/install/path/lib/python3.8/site-packages/path-0.0.0-py3.8.egg-info' (and everything under it)
[1.872s] Copying build/path/path.egg-info to /home/jjaffe27/dev_f1tenth_ws/src/path/install/path/lib/python3.8/site-packages/path-0.0.0-py3.8.egg-info
[1.873s] running install_scripts
[1.910s] Installing waypoints script to /home/jjaffe27/dev_f1tenth_ws/src/path/install/path/lib/path
[1.911s] writing list of installed files to '/home/jjaffe27/dev_f1tenth_ws/src/path/build/path/install.log'
[1.966s] Invoked command in '/home/jjaffe27/dev_f1tenth_ws/src/path' returned '0': PYTHONPATH=/home/jjaffe27/dev_f1tenth_ws/src/path/install/path/lib/python3.8/site-packages:${PYTHONPATH} /usr/bin/python3 setup.py egg_info --egg-base build/path build --build-base /home/jjaffe27/dev_f1tenth_ws/src/path/build/path/build install --prefix /home/jjaffe27/dev_f1tenth_ws/src/path/install/path --record /home/jjaffe27/dev_f1tenth_ws/src/path/build/path/install.log --single-version-externally-managed
