[1.415s] Invoking command in '/home/jjaffe27/dev_f1tenth_ws/src/pursuit': PYTHONPATH=/home/jjaffe27/dev_f1tenth_ws/src/pursuit/install/pursuit/lib/python3.8/site-packages:${PYTHONPATH} /usr/bin/python3 setup.py egg_info --egg-base build/pursuit build --build-base /home/jjaffe27/dev_f1tenth_ws/src/pursuit/build/pursuit/build install --prefix /home/jjaffe27/dev_f1tenth_ws/src/pursuit/install/pursuit --record /home/jjaffe27/dev_f1tenth_ws/src/pursuit/build/pursuit/install.log --single-version-externally-managed
[2.010s] running egg_info
[2.012s] writing build/pursuit/pursuit.egg-info/PKG-INFO
[2.012s] writing dependency_links to build/pursuit/pursuit.egg-info/dependency_links.txt
[2.013s] writing entry points to build/pursuit/pursuit.egg-info/entry_points.txt
[2.013s] writing requirements to build/pursuit/pursuit.egg-info/requires.txt
[2.013s] writing top-level names to build/pursuit/pursuit.egg-info/top_level.txt
[2.089s] reading manifest file 'build/pursuit/pursuit.egg-info/SOURCES.txt'
[2.091s] writing manifest file 'build/pursuit/pursuit.egg-info/SOURCES.txt'
[2.091s] running build
[2.091s] running build_py
[2.092s] running install
[2.093s] running install_lib
[2.096s] running install_data
[2.096s] running install_egg_info
[2.099s] removing '/home/jjaffe27/dev_f1tenth_ws/src/pursuit/install/pursuit/lib/python3.8/site-packages/pursuit-0.0.0-py3.8.egg-info' (and everything under it)
[2.100s] Copying build/pursuit/pursuit.egg-info to /home/jjaffe27/dev_f1tenth_ws/src/pursuit/install/pursuit/lib/python3.8/site-packages/pursuit-0.0.0-py3.8.egg-info
[2.101s] running install_scripts
[2.138s] Installing pure_pursuit script to /home/jjaffe27/dev_f1tenth_ws/src/pursuit/install/pursuit/lib/pursuit
[2.139s] writing list of installed files to '/home/jjaffe27/dev_f1tenth_ws/src/pursuit/build/pursuit/install.log'
[2.191s] Invoked command in '/home/jjaffe27/dev_f1tenth_ws/src/pursuit' returned '0': PYTHONPATH=/home/jjaffe27/dev_f1tenth_ws/src/pursuit/install/pursuit/lib/python3.8/site-packages:${PYTHONPATH} /usr/bin/python3 setup.py egg_info --egg-base build/pursuit build --build-base /home/jjaffe27/dev_f1tenth_ws/src/pursuit/build/pursuit/build install --prefix /home/jjaffe27/dev_f1tenth_ws/src/pursuit/install/pursuit --record /home/jjaffe27/dev_f1tenth_ws/src/pursuit/build/pursuit/install.log --single-version-externally-managed
