[0.349s] DEBUG:colcon:Command line arguments: ['/usr/bin/colcon', 'build']
[0.349s] DEBUG:colcon:Parsed command line arguments: Namespace(allow_overriding=[], ament_cmake_args=None, base_paths=['.'], build_base='build', catkin_cmake_args=None, catkin_skip_building_tests=False, cmake_args=None, cmake_clean_cache=False, cmake_clean_first=False, cmake_force_configure=False, cmake_target=None, cmake_target_skip_unavailable=False, continue_on_error=False, event_handlers=None, executor='parallel', ignore_user_meta=False, install_base='install', log_base=None, log_level=None, main=<bound method BuildVerb.main of <colcon_core.verb.build.BuildVerb object at 0x7ff617d8d1f0>>, merge_install=False, metas=['./colcon.meta'], packages_above=None, packages_above_and_dependencies=None, packages_above_depth=None, packages_end=None, packages_ignore=None, packages_ignore_regex=None, packages_select=None, packages_select_build_failed=False, packages_select_by_dep=None, packages_select_regex=None, packages_select_test_failures=False, packages_skip=None, packages_skip_build_finished=False, packages_skip_by_dep=None, packages_skip_regex=None, packages_skip_test_passed=False, packages_skip_up_to=None, packages_start=None, packages_up_to=None, packages_up_to_regex=None, parallel_workers=4, paths=None, symlink_install=False, test_result_base=None, verb_extension=<colcon_core.verb.build.BuildVerb object at 0x7ff617d8d1f0>, verb_name='build', verb_parser=<colcon_defaults.argument_parser.defaults.DefaultArgumentsDecorator object at 0x7ff617d8d730>)
[0.405s] Level 1:colcon.colcon_core.package_discovery:discover_packages(colcon_meta) check parameters
[0.405s] Level 1:colcon.colcon_core.package_discovery:discover_packages(recursive) check parameters
[0.405s] Level 1:colcon.colcon_core.package_discovery:discover_packages(ignore) check parameters
[0.405s] Level 1:colcon.colcon_core.package_discovery:discover_packages(path) check parameters
[0.405s] Level 1:colcon.colcon_core.package_discovery:discover_packages(colcon_meta) discover
[0.405s] Level 1:colcon.colcon_core.package_discovery:discover_packages(recursive) discover
[0.405s] INFO:colcon.colcon_core.package_discovery:Crawling recursively for packages in '/home/jjaffe27/dev_f1tenth_ws'
[0.406s] Level 1:colcon.colcon_core.package_identification:_identify(.) by extensions ['ignore', 'ignore_ament_install']
[0.406s] Level 1:colcon.colcon_core.package_identification:_identify(.) by extension 'ignore'
[0.406s] Level 1:colcon.colcon_core.package_identification:_identify(.) by extension 'ignore_ament_install'
[0.406s] Level 1:colcon.colcon_core.package_identification:_identify(.) by extensions ['colcon_pkg']
[0.406s] Level 1:colcon.colcon_core.package_identification:_identify(.) by extension 'colcon_pkg'
[0.406s] Level 1:colcon.colcon_core.package_identification:_identify(.) by extensions ['colcon_meta']
[0.406s] Level 1:colcon.colcon_core.package_identification:_identify(.) by extension 'colcon_meta'
[0.406s] Level 1:colcon.colcon_core.package_identification:_identify(.) by extensions ['ros']
[0.406s] Level 1:colcon.colcon_core.package_identification:_identify(.) by extension 'ros'
[0.428s] Level 1:colcon.colcon_core.package_identification:_identify(.) by extensions ['cmake', 'python']
[0.429s] Level 1:colcon.colcon_core.package_identification:_identify(.) by extension 'cmake'
[0.429s] Level 1:colcon.colcon_core.package_identification:_identify(.) by extension 'python'
[0.429s] Level 1:colcon.colcon_core.package_identification:_identify(.) by extensions ['python_setup_py']
[0.429s] Level 1:colcon.colcon_core.package_identification:_identify(.) by extension 'python_setup_py'
[0.430s] Level 1:colcon.colcon_core.package_identification:_identify(build) by extensions ['ignore', 'ignore_ament_install']
[0.430s] Level 1:colcon.colcon_core.package_identification:_identify(build) by extension 'ignore'
[0.431s] Level 1:colcon.colcon_core.package_identification:_identify(build) ignored
[0.431s] Level 1:colcon.colcon_core.package_identification:_identify(install) by extensions ['ignore', 'ignore_ament_install']
[0.431s] Level 1:colcon.colcon_core.package_identification:_identify(install) by extension 'ignore'
[0.432s] Level 1:colcon.colcon_core.package_identification:_identify(install) ignored
[0.432s] Level 1:colcon.colcon_core.package_identification:_identify(log) by extensions ['ignore', 'ignore_ament_install']
[0.432s] Level 1:colcon.colcon_core.package_identification:_identify(log) by extension 'ignore'
[0.432s] Level 1:colcon.colcon_core.package_identification:_identify(log) ignored
[0.432s] Level 1:colcon.colcon_core.package_identification:_identify(src) by extensions ['ignore', 'ignore_ament_install']
[0.433s] Level 1:colcon.colcon_core.package_identification:_identify(src) by extension 'ignore'
[0.433s] Level 1:colcon.colcon_core.package_identification:_identify(src) by extension 'ignore_ament_install'
[0.433s] Level 1:colcon.colcon_core.package_identification:_identify(src) by extensions ['colcon_pkg']
[0.433s] Level 1:colcon.colcon_core.package_identification:_identify(src) by extension 'colcon_pkg'
[0.433s] Level 1:colcon.colcon_core.package_identification:_identify(src) by extensions ['colcon_meta']
[0.433s] Level 1:colcon.colcon_core.package_identification:_identify(src) by extension 'colcon_meta'
[0.433s] Level 1:colcon.colcon_core.package_identification:_identify(src) by extensions ['ros']
[0.433s] Level 1:colcon.colcon_core.package_identification:_identify(src) by extension 'ros'
[0.434s] Level 1:colcon.colcon_core.package_identification:_identify(src) by extensions ['cmake', 'python']
[0.434s] Level 1:colcon.colcon_core.package_identification:_identify(src) by extension 'cmake'
[0.434s] Level 1:colcon.colcon_core.package_identification:_identify(src) by extension 'python'
[0.434s] Level 1:colcon.colcon_core.package_identification:_identify(src) by extensions ['python_setup_py']
[0.434s] Level 1:colcon.colcon_core.package_identification:_identify(src) by extension 'python_setup_py'
[0.434s] Level 1:colcon.colcon_core.package_identification:_identify(src/safety) by extensions ['ignore', 'ignore_ament_install']
[0.435s] Level 1:colcon.colcon_core.package_identification:_identify(src/safety) by extension 'ignore'
[0.435s] Level 1:colcon.colcon_core.package_identification:_identify(src/safety) by extension 'ignore_ament_install'
[0.435s] Level 1:colcon.colcon_core.package_identification:_identify(src/safety) by extensions ['colcon_pkg']
[0.435s] Level 1:colcon.colcon_core.package_identification:_identify(src/safety) by extension 'colcon_pkg'
[0.435s] Level 1:colcon.colcon_core.package_identification:_identify(src/safety) by extensions ['colcon_meta']
[0.435s] Level 1:colcon.colcon_core.package_identification:_identify(src/safety) by extension 'colcon_meta'
[0.435s] Level 1:colcon.colcon_core.package_identification:_identify(src/safety) by extensions ['ros']
[0.435s] Level 1:colcon.colcon_core.package_identification:_identify(src/safety) by extension 'ros'
[0.439s] DEBUG:colcon.colcon_core.package_identification:Package 'src/safety' with type 'ros.ament_python' and name 'safety'
[0.439s] Level 1:colcon.colcon_core.package_discovery:discover_packages(recursive) using defaults
[0.439s] Level 1:colcon.colcon_core.package_discovery:discover_packages(ignore) discover
[0.439s] Level 1:colcon.colcon_core.package_discovery:discover_packages(ignore) using defaults
[0.439s] Level 1:colcon.colcon_core.package_discovery:discover_packages(path) discover
[0.439s] Level 1:colcon.colcon_core.package_discovery:discover_packages(path) using defaults
[0.506s] Level 1:colcon.colcon_core.package_discovery:discover_packages(prefix_path) check parameters
[0.506s] Level 1:colcon.colcon_core.package_discovery:discover_packages(prefix_path) discover
[0.512s] DEBUG:colcon.colcon_installed_package_information.package_discovery:Found 261 installed packages in /opt/ros/foxy
[0.515s] Level 1:colcon.colcon_core.package_discovery:discover_packages(prefix_path) using defaults
[0.673s] Level 5:colcon.colcon_core.verb:set package 'safety' build argument 'cmake_args' from command line to 'None'
[0.673s] Level 5:colcon.colcon_core.verb:set package 'safety' build argument 'cmake_target' from command line to 'None'
[0.674s] Level 5:colcon.colcon_core.verb:set package 'safety' build argument 'cmake_target_skip_unavailable' from command line to 'False'
[0.674s] Level 5:colcon.colcon_core.verb:set package 'safety' build argument 'cmake_clean_cache' from command line to 'False'
[0.674s] Level 5:colcon.colcon_core.verb:set package 'safety' build argument 'cmake_clean_first' from command line to 'False'
[0.674s] Level 5:colcon.colcon_core.verb:set package 'safety' build argument 'cmake_force_configure' from command line to 'False'
[0.674s] Level 5:colcon.colcon_core.verb:set package 'safety' build argument 'ament_cmake_args' from command line to 'None'
[0.674s] Level 5:colcon.colcon_core.verb:set package 'safety' build argument 'catkin_cmake_args' from command line to 'None'
[0.674s] Level 5:colcon.colcon_core.verb:set package 'safety' build argument 'catkin_skip_building_tests' from command line to 'False'
[0.674s] DEBUG:colcon.colcon_core.verb:Building package 'safety' with the following arguments: {'ament_cmake_args': None, 'build_base': '/home/jjaffe27/dev_f1tenth_ws/build/safety', 'catkin_cmake_args': None, 'catkin_skip_building_tests': False, 'cmake_args': None, 'cmake_clean_cache': False, 'cmake_clean_first': False, 'cmake_force_configure': False, 'cmake_target': None, 'cmake_target_skip_unavailable': False, 'install_base': '/home/jjaffe27/dev_f1tenth_ws/install/safety', 'merge_install': False, 'path': '/home/jjaffe27/dev_f1tenth_ws/src/safety', 'symlink_install': False, 'test_result_base': None}
[0.676s] INFO:colcon.colcon_core.executor:Executing jobs using 'parallel' executor
[0.685s] DEBUG:colcon.colcon_parallel_executor.executor.parallel:run_until_complete
[0.686s] INFO:colcon.colcon_ros.task.ament_python.build:Building ROS package in '/home/jjaffe27/dev_f1tenth_ws/src/safety' with build type 'ament_python'
[0.686s] Level 1:colcon.colcon_core.shell:create_environment_hook('safety', 'ament_prefix_path')
[0.695s] INFO:colcon.colcon_core.plugin_system:Skipping extension 'colcon_core.shell.bat': Not used on non-Windows systems
[0.696s] INFO:colcon.colcon_core.shell:Creating environment hook '/home/jjaffe27/dev_f1tenth_ws/install/safety/share/safety/hook/ament_prefix_path.ps1'
[0.697s] INFO:colcon.colcon_core.shell:Creating environment descriptor '/home/jjaffe27/dev_f1tenth_ws/install/safety/share/safety/hook/ament_prefix_path.dsv'
[0.698s] INFO:colcon.colcon_core.shell:Creating environment hook '/home/jjaffe27/dev_f1tenth_ws/install/safety/share/safety/hook/ament_prefix_path.sh'
[0.703s] INFO:colcon.colcon_core.shell:Skip shell extension 'powershell' for command environment: Not usable outside of PowerShell
[0.703s] DEBUG:colcon.colcon_core.shell:Skip shell extension 'dsv' for command environment
[1.190s] INFO:colcon.colcon_core.task.python.build:Building Python package in '/home/jjaffe27/dev_f1tenth_ws/src/safety'
[1.194s] INFO:colcon.colcon_core.shell:Skip shell extension 'powershell' for command environment: Not usable outside of PowerShell
[1.194s] DEBUG:colcon.colcon_core.shell:Skip shell extension 'dsv' for command environment
[2.018s] DEBUG:colcon.colcon_core.event_handler.log_command:Invoking command in '/home/jjaffe27/dev_f1tenth_ws/src/safety': PYTHONPATH=/home/jjaffe27/dev_f1tenth_ws/install/safety/lib/python3.8/site-packages:${PYTHONPATH} /usr/bin/python3 setup.py egg_info --egg-base ../../build/safety build --build-base /home/jjaffe27/dev_f1tenth_ws/build/safety/build install --prefix /home/jjaffe27/dev_f1tenth_ws/install/safety --record /home/jjaffe27/dev_f1tenth_ws/build/safety/install.log --single-version-externally-managed
[2.680s] DEBUG:colcon.colcon_core.event_handler.log_command:Invoked command in '/home/jjaffe27/dev_f1tenth_ws/src/safety' returned '0': PYTHONPATH=/home/jjaffe27/dev_f1tenth_ws/install/safety/lib/python3.8/site-packages:${PYTHONPATH} /usr/bin/python3 setup.py egg_info --egg-base ../../build/safety build --build-base /home/jjaffe27/dev_f1tenth_ws/build/safety/build install --prefix /home/jjaffe27/dev_f1tenth_ws/install/safety --record /home/jjaffe27/dev_f1tenth_ws/build/safety/install.log --single-version-externally-managed
[2.690s] Level 1:colcon.colcon_core.environment:checking '/home/jjaffe27/dev_f1tenth_ws/install/safety' for CMake module files
[2.691s] Level 1:colcon.colcon_core.environment:checking '/home/jjaffe27/dev_f1tenth_ws/install/safety' for CMake config files
[2.693s] Level 1:colcon.colcon_core.environment:checking '/home/jjaffe27/dev_f1tenth_ws/install/safety/lib'
[2.693s] Level 1:colcon.colcon_core.environment:checking '/home/jjaffe27/dev_f1tenth_ws/install/safety/bin'
[2.694s] Level 1:colcon.colcon_core.environment:checking '/home/jjaffe27/dev_f1tenth_ws/install/safety/lib/pkgconfig/safety.pc'
[2.694s] Level 1:colcon.colcon_core.environment:checking '/home/jjaffe27/dev_f1tenth_ws/install/safety/lib/python3.8/site-packages'
[2.695s] Level 1:colcon.colcon_core.shell:create_environment_hook('safety', 'pythonpath')
[2.699s] INFO:colcon.colcon_core.shell:Creating environment hook '/home/jjaffe27/dev_f1tenth_ws/install/safety/share/safety/hook/pythonpath.ps1'
[2.701s] INFO:colcon.colcon_core.shell:Creating environment descriptor '/home/jjaffe27/dev_f1tenth_ws/install/safety/share/safety/hook/pythonpath.dsv'
[2.701s] INFO:colcon.colcon_core.shell:Creating environment hook '/home/jjaffe27/dev_f1tenth_ws/install/safety/share/safety/hook/pythonpath.sh'
[2.703s] Level 1:colcon.colcon_core.environment:checking '/home/jjaffe27/dev_f1tenth_ws/install/safety/bin'
[2.703s] Level 1:colcon.colcon_core.environment:create_environment_scripts_only(safety)
[2.708s] INFO:colcon.colcon_core.shell:Creating package script '/home/jjaffe27/dev_f1tenth_ws/install/safety/share/safety/package.ps1'
[2.711s] INFO:colcon.colcon_core.shell:Creating package descriptor '/home/jjaffe27/dev_f1tenth_ws/install/safety/share/safety/package.dsv'
[2.712s] INFO:colcon.colcon_core.shell:Creating package script '/home/jjaffe27/dev_f1tenth_ws/install/safety/share/safety/package.sh'
[2.714s] INFO:colcon.colcon_core.shell:Creating package script '/home/jjaffe27/dev_f1tenth_ws/install/safety/share/safety/package.bash'
[2.715s] INFO:colcon.colcon_core.shell:Creating package script '/home/jjaffe27/dev_f1tenth_ws/install/safety/share/safety/package.zsh'
[2.717s] Level 1:colcon.colcon_core.environment:create_file_with_runtime_dependencies(/home/jjaffe27/dev_f1tenth_ws/install/safety/share/colcon-core/packages/safety)
[2.718s] DEBUG:colcon.colcon_parallel_executor.executor.parallel:closing loop
[2.718s] DEBUG:colcon.colcon_parallel_executor.executor.parallel:loop closed
[2.718s] DEBUG:colcon.colcon_parallel_executor.executor.parallel:run_until_complete finished with '0'
[2.719s] DEBUG:colcon.colcon_core.event_reactor:joining thread
[2.738s] INFO:colcon.colcon_core.plugin_system:Skipping extension 'colcon_notification.desktop_notification.terminal_notifier': Not used on non-Darwin systems
[2.738s] INFO:colcon.colcon_core.plugin_system:Skipping extension 'colcon_notification.desktop_notification.win32': Not used on non-Windows systems
[2.739s] INFO:colcon.colcon_notification.desktop_notification:Sending desktop notification using 'notify2'
[2.778s] DEBUG:colcon.colcon_core.event_reactor:joined thread
[2.782s] INFO:colcon.colcon_core.shell:Creating prefix script '/home/jjaffe27/dev_f1tenth_ws/install/local_setup.ps1'
[2.785s] INFO:colcon.colcon_core.shell:Creating prefix util module '/home/jjaffe27/dev_f1tenth_ws/install/_local_setup_util_ps1.py'
[2.789s] INFO:colcon.colcon_core.shell:Creating prefix chain script '/home/jjaffe27/dev_f1tenth_ws/install/setup.ps1'
[2.800s] INFO:colcon.colcon_core.shell:Creating prefix script '/home/jjaffe27/dev_f1tenth_ws/install/local_setup.sh'
[2.806s] INFO:colcon.colcon_core.shell:Creating prefix util module '/home/jjaffe27/dev_f1tenth_ws/install/_local_setup_util_sh.py'
[2.807s] INFO:colcon.colcon_core.shell:Creating prefix chain script '/home/jjaffe27/dev_f1tenth_ws/install/setup.sh'
[2.812s] INFO:colcon.colcon_core.shell:Creating prefix script '/home/jjaffe27/dev_f1tenth_ws/install/local_setup.bash'
[2.814s] INFO:colcon.colcon_core.shell:Creating prefix chain script '/home/jjaffe27/dev_f1tenth_ws/install/setup.bash'
[2.817s] INFO:colcon.colcon_core.shell:Creating prefix script '/home/jjaffe27/dev_f1tenth_ws/install/local_setup.zsh'
[2.820s] INFO:colcon.colcon_core.shell:Creating prefix chain script '/home/jjaffe27/dev_f1tenth_ws/install/setup.zsh'
